<?xml version="1.0" encoding="utf-8"?><testsuites name="pytest tests"><testsuite name="pytest" errors="0" failures="0" skipped="0" tests="10" time="13.011" timestamp="2026-05-30T13:02:53.119885+00:00" hostname="agent-env-3a013e4b-c104-42fa-8ce0-ea6053aacb6b"><testcase classname="backend.tests.test_app_studio_v2.TestAttachmentUpload" name="test_upload_png_image" time="0.677" /><testcase classname="backend.tests.test_app_studio_v2.TestAttachmentUpload" name="test_upload_pdf_file" time="0.217" /><testcase classname="backend.tests.test_app_studio_v2.TestAttachmentUpload" name="test_upload_rejects_unsupported_file_type" time="0.233" /><testcase classname="backend.tests.test_app_studio_v2.TestAttachmentsList" name="test_list_attachments_newest_first" time="0.829" /><testcase classname="backend.tests.test_app_studio_v2.TestAttachmentRaw" name="test_get_attachment_raw_image" time="0.460" /><testcase classname="backend.tests.test_app_studio_v2.TestAttachmentDelete" name="test_delete_attachment" time="0.559" /><testcase classname="backend.tests.test_app_studio_v2.TestDesignBriefAndBuild" name="test_producer_chat_can_call_analyze_uploaded_designs" time="3.464" /><testcase classname="backend.tests.test_app_studio_v2.TestDesignBriefAndBuild" name="test_producer_chat_can_call_generate_store_assets" time="2.679" /><testcase classname="backend.tests.test_app_studio_v2.TestBuildWithDesignBrief" name="test_build_contains_palette_colors_and_layout_style" time="2.471" /><testcase classname="backend.tests.test_app_studio_v2.TestStoreAssetsOnProject" name="test_store_assets_saved_on_project" time="1.333" /></testsuite></testsuites>