<?xml version="1.0" encoding="utf-8"?><testsuites name="pytest tests"><testsuite name="pytest" errors="0" failures="0" skipped="0" tests="17" time="8.199" timestamp="2026-05-21T21:34:27.389564+00:00" hostname="agent-env-3a013e4b-c104-42fa-8ce0-ea6053aacb6b"><testcase classname="backend.tests.test_app_studio.TestAppStudioOptions" name="test_options_returns_project_types" time="0.639" /><testcase classname="backend.tests.test_app_studio.TestAppStudioOptions" name="test_options_returns_features" time="0.171" /><testcase classname="backend.tests.test_app_studio.TestAppStudioOptions" name="test_options_returns_feature_categories" time="0.145" /><testcase classname="backend.tests.test_app_studio.TestAppStudioProjectCRUD" name="test_create_project_fullstack" time="0.165" /><testcase classname="backend.tests.test_app_studio.TestAppStudioProjectCRUD" name="test_get_project_returns_features_list" time="0.123" /><testcase classname="backend.tests.test_app_studio.TestAppStudioProjectCRUD" name="test_list_projects" time="0.124" /><testcase classname="backend.tests.test_app_studio.TestAppStudioProjectCRUD" name="test_delete_project" time="0.638" /><testcase classname="backend.tests.test_app_studio.TestAppStudioFeatures" name="test_add_feature_with_credit_deduction" time="0.285" /><testcase classname="backend.tests.test_app_studio.TestAppStudioFeatures" name="test_add_duplicate_feature_returns_409" time="0.398" /><testcase classname="backend.tests.test_app_studio.TestAppStudioProducerChat" name="test_producer_chat_with_tool_calls" time="3.237" /><testcase classname="backend.tests.test_app_studio.TestAppStudioProducerChat" name="test_conversation_history" time="0.160" /><testcase classname="backend.tests.test_app_studio.TestAppStudioProducerChat" name="test_reset_conversation" time="0.403" /><testcase classname="backend.tests.test_app_studio.TestAppStudioBuild" name="test_build_project" time="0.273" /><testcase classname="backend.tests.test_app_studio.TestAppStudioBuild" name="test_serve_built_html" time="0.324" /><testcase classname="backend.tests.test_app_studio.TestAppStudioBuild" name="test_serve_zip_bundle" time="0.466" /><testcase classname="backend.tests.test_app_studio.TestAppStudioImportable" name="test_list_importable" time="0.132" /><testcase classname="backend.tests.test_app_studio.TestAppStudioFullstackBuild" name="test_fullstack_build_generates_all_components" time="0.415" /></testsuite></testsuites>