<?xml version="1.0" encoding="utf-8"?><testsuites name="pytest tests"><testsuite name="pytest" errors="0" failures="0" skipped="0" tests="15" time="80.380" timestamp="2026-06-27T13:04:37.454776+00:00" hostname="agent-env-3a013e4b-c104-42fa-8ce0-ea6053aacb6b"><testcase classname="tests.test_concierge_wiring.TestConciergeIntegrations" name="test_integrations_list_returns_9" time="15.989" /><testcase classname="tests.test_concierge_wiring.TestConciergeIntegrations" name="test_integration_detail_expo" time="0.118" /><testcase classname="tests.test_concierge_wiring.TestDetectNeeds" name="test_detect_mobile_arabic_returns_expo" time="2.803" /><testcase classname="tests.test_concierge_wiring.TestDetectNeeds" name="test_detect_realtime_arabic_returns_liveblocks" time="0.189" /><testcase classname="tests.test_concierge_wiring.TestDetectNeeds" name="test_detect_landing_page_arabic_returns_empty" time="0.164" /><testcase classname="tests.test_concierge_wiring.TestProjectWizard" name="test_wizard_endpoint" time="0.223" /><testcase classname="tests.test_concierge_wiring.TestCredentials" name="test_credentials_save_fake_token" time="2.892" /><testcase classname="tests.test_concierge_wiring.TestCredentials" name="test_credentials_list_returns_keys" time="0.113" /><testcase classname="tests.test_concierge_wiring.TestCortexTools" name="test_cortex_tools_registered" time="3.899" /><testcase classname="tests.test_concierge_wiring.TestCortexTools" name="test_dispatch_run_reviewer" time="0.093" /><testcase classname="tests.test_concierge_wiring.TestCortexTools" name="test_dispatch_extract_brand_dna" time="0.004" /><testcase classname="tests.test_concierge_wiring.TestCortexTools" name="test_dispatch_audit_a11y" time="0.077" /><testcase classname="tests.test_concierge_wiring.TestCortexTools" name="test_dispatch_design_database" time="0.003" /><testcase classname="tests.test_concierge_wiring.TestAgentChatStreamConciergePause" name="test_mobile_request_pauses_for_setup" time="0.700" /><testcase classname="tests.test_concierge_wiring.TestAgentChatStreamConciergePause" name="test_landing_page_request_does_NOT_pause" time="51.078" /></testsuite></testsuites>