<?xml version="1.0" encoding="utf-8"?><testsuites name="pytest tests"><testsuite name="pytest" errors="0" failures="0" skipped="0" tests="14" time="30.510" timestamp="2026-06-28T03:01:33.097646+00:00" hostname="agent-env-3a013e4b-c104-42fa-8ce0-ea6053aacb6b"><testcase classname="backend.tests.test_continuation_wizard.TestInspector" name="test_inspect_url_wordpress" time="28.016" /><testcase classname="backend.tests.test_continuation_wizard.TestInspector" name="test_inspect_url_missing_url_returns_400" time="0.113" /><testcase classname="backend.tests.test_continuation_wizard.TestWizardFlow" name="test_01_initial_setup_state_is_url" time="0.270" /><testcase classname="backend.tests.test_continuation_wizard.TestWizardFlow" name="test_02_save_url_advances_to_provider" time="0.117" /><testcase classname="backend.tests.test_continuation_wizard.TestWizardFlow" name="test_03_select_provider_github" time="0.121" /><testcase classname="backend.tests.test_continuation_wizard.TestWizardFlow" name="test_04_save_credential_encrypts_and_masks" time="0.115" /><testcase classname="backend.tests.test_continuation_wizard.TestWizardFlow" name="test_05_save_llm_key_emergent" time="0.172" /><testcase classname="backend.tests.test_continuation_wizard.TestWizardFlow" name="test_06_consent_signature_unlocks" time="0.131" /><testcase classname="backend.tests.test_continuation_wizard.TestWizardFlow" name="test_07_get_setup_state_is_ready" time="0.132" /><testcase classname="backend.tests.test_continuation_wizard.TestEncryptionAtRest" name="test_plaintext_never_stored_in_mongo" time="0.009" /><testcase classname="backend.tests.test_continuation_wizard.TestDuplicateURL" name="test_second_project_same_url_rejected" time="0.271" /><testcase classname="backend.tests.test_continuation_wizard.TestValidation" name="test_validity_months_less_than_3_returns_400" time="0.119" /><testcase classname="backend.tests.test_continuation_wizard.TestValidation" name="test_bad_anthropic_key_returns_400" time="0.149" /><testcase classname="backend.tests.test_continuation_wizard.TestValidation" name="test_consent_missing_signature_returns_400" time="0.343" /></testsuite></testsuites>