<?xml version="1.0" encoding="utf-8"?><testsuites name="pytest tests"><testsuite name="pytest" errors="0" failures="0" skipped="0" tests="8" time="44.132" timestamp="2026-06-21T00:38:40.692674+00:00" hostname="agent-env-3a013e4b-c104-42fa-8ce0-ea6053aacb6b"><testcase classname="tests.test_credit_gate_50.TestAppModeProject" name="test_create_app_mode_project_and_verify_mode" time="23.596" /><testcase classname="tests.test_credit_gate_50.TestCreditGate402" name="test_freebuild_chat_stream_402" time="2.488" /><testcase classname="tests.test_credit_gate_50.TestCreditGate402" name="test_freebuild_chat_nonstream_402" time="0.914" /><testcase classname="tests.test_credit_gate_50.TestCreditGate402" name="test_video_studio_chat_402" time="0.606" /><testcase classname="tests.test_credit_gate_50.TestCreditGate402" name="test_video_producer_chat_402" time="0.601" /><testcase classname="tests.test_credit_gate_50.TestCreditGate402" name="test_games_chat_402" time="1.350" /><testcase classname="tests.test_credit_gate_50.TestSufficientCredits" name="test_stream_proceeds_when_balance_sufficient" time="7.105" /><testcase classname="tests.test_credit_gate_50.TestCreditDeduction" name="test_video_chat_deducts_credits" time="6.523" /></testsuite></testsuites>