<?xml version="1.0" encoding="utf-8"?><testsuites name="pytest tests"><testsuite name="pytest" errors="0" failures="0" skipped="0" tests="14" time="5.966" timestamp="2026-06-20T01:49:37.023313+00:00" hostname="agent-env-3a013e4b-c104-42fa-8ce0-ea6053aacb6b"><testcase classname="tests.test_credits_system.TestPackages" name="test_packages_returns_4_with_credits" time="0.805" /><testcase classname="tests.test_credits_system.TestSignupBonus" name="test_new_user_gets_200_credits" time="0.917" /><testcase classname="tests.test_credits_system.TestSignupBonus" name="test_usage_credits_endpoint" time="0.058" /><testcase classname="tests.test_credits_system.TestUsageMe" name="test_usage_me_returns_credits_tier" time="0.057" /><testcase classname="tests.test_credits_system.TestImageDeduction" name="test_image_deducts_100_credits" time="0.079" /><testcase classname="tests.test_credits_system.TestVideoDeduction" name="test_video_deducts_1200_credits" time="0.118" /><testcase classname="tests.test_credits_system.TestVideoDeduction" name="test_video_insufficient_credits_returns_402" time="0.069" /><testcase classname="tests.test_credits_system.TestQuotaBlockZeroCredits" name="test_usage_me_blocks_when_zero" time="0.061" /><testcase classname="tests.test_credits_system.TestQuotaBlockZeroCredits" name="test_usage_credits_zero" time="0.058" /><testcase classname="tests.test_credits_system.TestOwnerBypass" name="test_admin_login_and_image_no_deduction" time="0.355" /><testcase classname="tests.test_credits_system.TestChatDeductionPath" name="test_record_usage_deducts_text_claude_credits" time="0.373" /><testcase classname="tests.test_credits_system.TestChatDeductionPath" name="test_record_usage_partial_multiplier" time="0.007" /><testcase classname="tests.test_credits_system.TestChatDeductionPath" name="test_record_usage_no_credits_returns_error" time="0.005" /><testcase classname="tests.test_credits_system.TestLedgerSchema" name="test_credit_transactions_have_required_fields" time="0.004" /></testsuite></testsuites>