<?xml version="1.0" encoding="utf-8"?><testsuites name="pytest tests"><testsuite name="pytest" errors="0" failures="0" skipped="0" tests="16" time="3.964" timestamp="2026-06-09T23:11:40.997545+00:00" hostname="agent-env-3a013e4b-c104-42fa-8ce0-ea6053aacb6b"><testcase classname="backend.tests.test_delivery" name="test_health" time="0.341" /><testcase classname="backend.tests.test_delivery" name="test_stats" time="0.078" /><testcase classname="backend.tests.test_delivery" name="test_list_drivers" time="0.074" /><testcase classname="backend.tests.test_delivery" name="test_create_driver_and_upsert" time="0.220" /><testcase classname="backend.tests.test_delivery" name="test_patch_driver" time="0.221" /><testcase classname="backend.tests.test_delivery" name="test_delete_driver_unassigns_orders" time="0.374" /><testcase classname="backend.tests.test_delivery" name="test_list_orders_filters" time="0.309" /><testcase classname="backend.tests.test_delivery" name="test_create_order_auto_assign" time="0.154" /><testcase classname="backend.tests.test_delivery" name="test_driver_login_unknown" time="0.076" /><testcase classname="backend.tests.test_delivery" name="test_driver_login_and_verify" time="0.231" /><testcase classname="backend.tests.test_delivery" name="test_driver_me" time="0.314" /><testcase classname="backend.tests.test_delivery" name="test_driver_feed" time="0.075" /><testcase classname="backend.tests.test_delivery" name="test_status_change_permission_and_delivered_increments" time="0.610" /><testcase classname="backend.tests.test_delivery" name="test_location_update" time="0.308" /><testcase classname="backend.tests.test_delivery" name="test_public_track" time="0.268" /><testcase classname="backend.tests.test_delivery" name="test_settings_update" time="0.225" /></testsuite></testsuites>