<?xml version="1.0" encoding="utf-8"?><testsuites name="pytest tests"><testsuite name="pytest" errors="0" failures="0" skipped="0" tests="18" time="47.117" timestamp="2026-05-01T15:38:06.618928+00:00" hostname="agent-env-3a013e4b-c104-42fa-8ce0-ea6053aacb6b"><testcase classname="backend.tests.test_freebuild_wizards.TestFreeBuildCatalog" name="test_catalog_returns_17_questions" time="0.232" /><testcase classname="backend.tests.test_freebuild_wizards.TestFreeBuildCatalog" name="test_catalog_has_3_free_text_fields" time="0.174" /><testcase classname="backend.tests.test_freebuild_wizards.TestFreeBuildCatalog" name="test_catalog_costs" time="0.132" /><testcase classname="backend.tests.test_freebuild_wizards.TestFreeBuildFullFlow" name="test_start_interview" time="0.483" /><testcase classname="backend.tests.test_freebuild_wizards.TestFreeBuildFullFlow" name="test_full_interview_flow" time="2.679" /><testcase classname="backend.tests.test_freebuild_wizards.TestFreeBuildGenerate" name="test_generate_website" time="26.290" /><testcase classname="backend.tests.test_freebuild_wizards.TestImageWizardCategories" name="test_categories_count" time="0.131" /><testcase classname="backend.tests.test_freebuild_wizards.TestImageWizardCategories" name="test_new_categories_present" time="0.141" /><testcase classname="backend.tests.test_freebuild_wizards.TestImageWizardCategories" name="test_each_category_has_4_questions" time="0.131" /><testcase classname="backend.tests.test_freebuild_wizards.TestImageWizardCategories" name="test_quality_tiers" time="0.131" /><testcase classname="backend.tests.test_freebuild_wizards.TestVideoWizardCategories" name="test_categories_count" time="0.109" /><testcase classname="backend.tests.test_freebuild_wizards.TestVideoWizardCategories" name="test_new_video_categories" time="0.105" /><testcase classname="backend.tests.test_freebuild_wizards.TestVideoWizardCategories" name="test_voice_library_15_voices" time="0.112" /><testcase classname="backend.tests.test_freebuild_wizards.TestVideoWizardCategories" name="test_arabic_voices_present" time="0.123" /><testcase classname="backend.tests.test_freebuild_wizards.TestFreeBuildPreview" name="test_preview_returns_html" time="0.267" /><testcase classname="backend.tests.test_freebuild_wizards.TestFreeBuildProjects" name="test_projects_list" time="0.130" /><testcase classname="backend.tests.test_freebuild_wizards.TestFreeBuildRefine" name="test_refine_project" time="15.296" /><testcase classname="backend.tests.test_freebuild_wizards.TestFreeBuildDelete" name="test_delete_project" time="0.358" /></testsuite></testsuites>