<?xml version="1.0" encoding="utf-8"?><testsuites name="pytest tests"><testsuite name="pytest" errors="0" failures="0" skipped="0" tests="16" time="57.537" timestamp="2026-06-07T06:11:51.002195+00:00" hostname="agent-env-3a013e4b-c104-42fa-8ce0-ea6053aacb6b"><testcase classname="backend.tests.test_freebuild_chat.TestCatalog" name="test_list_types_returns_8" time="0.145" /><testcase classname="backend.tests.test_freebuild_chat.TestProjectCRUD" name="test_create_invalid_type_returns_400" time="0.434" /><testcase classname="backend.tests.test_freebuild_chat.TestProjectCRUD" name="test_list_projects_contains_created" time="0.231" /><testcase classname="backend.tests.test_freebuild_chat.TestProjectCRUD" name="test_get_single_project" time="0.105" /><testcase classname="backend.tests.test_freebuild_chat.TestProjectCRUD" name="test_get_unknown_project_404" time="0.105" /><testcase classname="backend.tests.test_freebuild_chat.TestCompileGuard" name="test_compile_without_html_returns_400" time="0.104" /><testcase classname="backend.tests.test_freebuild_chat.TestChatFlow" name="test_chat_emits_hero_tag_and_html" time="1.138" /><testcase classname="backend.tests.test_freebuild_chat.TestChatFlow" name="test_tag_stripped_from_saved_message" time="0.104" /><testcase classname="backend.tests.test_freebuild_chat.TestChatFlow" name="test_html_updated_or_current_html_set" time="0.115" /><testcase classname="backend.tests.test_freebuild_chat.TestChatFlow" name="test_asset_eventually_becomes_ready" time="53.736" /><testcase classname="backend.tests.test_freebuild_chat.TestApprovalAndCompile" name="test_approve_hero_asset" time="0.251" /><testcase classname="backend.tests.test_freebuild_chat.TestApprovalAndCompile" name="test_approve_unknown_asset_404" time="0.123" /><testcase classname="backend.tests.test_freebuild_chat.TestApprovalAndCompile" name="test_compile_html_if_present" time="0.231" /><testcase classname="backend.tests.test_freebuild_chat.TestSoftDelete" name="test_delete_then_absent_from_list" time="0.346" /><testcase classname="backend.tests.test_freebuild_chat.TestSoftDelete" name="test_delete_unknown_project_404" time="0.094" /><testcase classname="backend.tests.test_freebuild_chat.TestAuthGuard" name="test_projects_requires_auth" time="0.218" /></testsuite></testsuites>