<?xml version="1.0" encoding="utf-8"?><testsuites name="pytest tests"><testsuite name="pytest" errors="0" failures="0" skipped="0" tests="10" time="56.954" timestamp="2026-06-05T16:08:45.827103+00:00" hostname="agent-env-3a013e4b-c104-42fa-8ce0-ea6053aacb6b"><testcase classname="backend.tests.test_games_projects_notes.TestListProjects" name="test_list_projects_status" time="1.283" /><testcase classname="backend.tests.test_games_projects_notes.TestListProjects" name="test_list_projects_schema" time="0.202" /><testcase classname="backend.tests.test_games_projects_notes.TestListProjects" name="test_list_projects_filter_web" time="0.168" /><testcase classname="backend.tests.test_games_projects_notes.TestListProjects" name="test_list_projects_filter_app" time="0.135" /><testcase classname="backend.tests.test_games_projects_notes.TestGetNotes" name="test_get_notes_for_existing_project" time="0.120" /><testcase classname="backend.tests.test_games_projects_notes.TestGetNotes" name="test_get_notes_nonexistent_project" time="0.171" /><testcase classname="backend.tests.test_games_projects_notes.TestGetNotes" name="test_get_notes_requires_auth" time="0.121" /><testcase classname="backend.tests.test_games_projects_notes.TestRefreshNotes" name="test_refresh_notes_returns_ok" time="49.413" /><testcase classname="backend.tests.test_games_projects_notes.TestRefreshNotes" name="test_refresh_notes_unauth" time="0.225" /><testcase classname="backend.tests.test_games_projects_notes.TestChatTriggersNotesRefresh" name="test_chat_send_message" time="5.056" /></testsuite></testsuites>