<?xml version="1.0" encoding="utf-8"?><testsuites name="pytest tests"><testsuite name="pytest" errors="0" failures="0" skipped="0" tests="5" time="0.441" timestamp="2026-06-21T17:44:49.172078+00:00" hostname="agent-env-3a013e4b-c104-42fa-8ce0-ea6053aacb6b"><testcase classname="tests.test_global_knowledge" name="test_add_new_best_practice" time="0.011" /><testcase classname="tests.test_global_knowledge" name="test_dedup_increments_success_count" time="0.011" /><testcase classname="tests.test_global_knowledge" name="test_retrieval_returns_relevant_block" time="0.018" /><testcase classname="tests.test_global_knowledge" name="test_retrieval_empty_when_no_match" time="0.006" /><testcase classname="tests.test_global_knowledge" name="test_extract_keywords_arabic_and_english" time="0.000" /></testsuite></testsuites>