<?xml version="1.0" encoding="utf-8"?><testsuites name="pytest tests"><testsuite name="pytest" errors="0" failures="0" skipped="0" tests="100" time="5.865" timestamp="2026-06-24T00:08:12.582598+00:00" hostname="agent-env-3a013e4b-c104-42fa-8ce0-ea6053aacb6b"><testcase classname="backend.tests.test_pre_finish_gate" name="test_pre_finish_gate_source_present" time="0.016" /><testcase classname="backend.tests.test_pre_finish_gate" name="test_pre_finish_gate_runs_before_finish_assignment" time="0.036" /><testcase classname="backend.tests.test_pre_finish_gate" name="test_pre_finish_gate_thresholds_match_blank_detector" time="0.020" /><testcase classname="backend.tests.test_pre_finish_gate" name="test_pre_finish_gate_uses_continue_to_skip_finish" time="0.048" /><testcase classname="backend.tests.test_pre_finish_gate" name="test_pre_finish_gate_handles_both_message_formats" time="0.086" /><testcase classname="backend.tests.test_pre_finish_gate" name="test_pre_finish_gate_force_tool_use_next_iter" time="0.021" /><testcase classname="backend.tests.test_pre_finish_gate_simulation" name="test_cinema_scenario_flags_only_sidebar_pages" time="0.001" /><testcase classname="backend.tests.test_pre_finish_gate_simulation" name="test_empty_pages_dict_returns_no_blanks" time="0.000" /><testcase classname="backend.tests.test_pre_finish_gate_simulation" name="test_one_section_but_lots_of_text_is_NOT_blank" time="0.001" /><testcase classname="backend.tests.test_pre_finish_gate_simulation" name="test_many_sections_but_no_text_is_NOT_blank" time="0.000" /><testcase classname="backend.tests.test_pre_finish_gate_simulation" name="test_one_section_and_short_text_IS_blank" time="0.000" /><testcase classname="backend.tests.test_pre_finish_gate_simulation" name="test_empty_html_string_flagged" time="0.008" /><testcase classname="backend.tests.test_pre_finish_gate_simulation" name="test_section_without_id_does_not_count" time="0.000" /><testcase classname="backend.tests.test_pre_finish_gate_simulation" name="test_scaffold_placeholder_skeleton_is_blank" time="0.000" /><testcase classname="backend.tests.test_intent_scope_fix" name="test_classifier_runs_before_provider_branch" time="0.094" /><testcase classname="backend.tests.test_intent_scope_fix" name="test_intent_assigned_outside_provider_branch" time="0.063" /><testcase classname="backend.tests.test_intent_scope_fix" name="test_has_content_assigned_outside_provider_branch" time="0.055" /><testcase classname="backend.tests.test_intent_scope_fix" name="test_fallback_values_set_on_classifier_exception" time="0.090" /><testcase classname="backend.tests.test_intent_scope_fix" name="test_no_duplicate_intent_assignment_inside_anthropic_branch" time="0.069" /><testcase classname="backend.tests.test_openai_param_compat" name="test_gpt_5_5_uses_max_completion_tokens" time="0.002" /><testcase classname="backend.tests.test_openai_param_compat" name="test_gpt_5_4_uses_max_completion_tokens" time="0.001" /><testcase classname="backend.tests.test_openai_param_compat" name="test_gpt_5_2_uses_max_completion_tokens" time="0.000" /><testcase classname="backend.tests.test_openai_param_compat" name="test_gpt_5_uses_max_completion_tokens" time="0.000" /><testcase classname="backend.tests.test_openai_param_compat" name="test_o1_uses_max_completion_tokens" time="0.000" /><testcase classname="backend.tests.test_openai_param_compat" name="test_o3_uses_max_completion_tokens" time="0.000" /><testcase classname="backend.tests.test_openai_param_compat" name="test_o4_mini_uses_max_completion_tokens" time="0.037" /><testcase classname="backend.tests.test_openai_param_compat" name="test_gpt_4o_still_uses_max_tokens" time="0.000" /><testcase classname="backend.tests.test_openai_param_compat" name="test_gpt_4_1_still_uses_max_tokens" time="0.000" /><testcase classname="backend.tests.test_openai_param_compat" name="test_moonshot_kimi_uses_max_tokens" time="0.000" /><testcase classname="backend.tests.test_openai_param_compat" name="test_source_contains_max_completion_tokens_logic" time="0.058" /><testcase classname="backend.tests.test_openai_param_compat" name="test_source_uses_gpt5_or_o_prefix_check" time="0.028" /><testcase classname="backend.tests.test_ai_mode" name="test_classify_phase[\u0627\u0628\u0646\u064a \u0645\u0648\u0642\u0639 \u0645\u062a\u062c\u0631 \u0625\u0644\u0643\u062a\u0631\u0648\u0646\u064a-project0-first_design]" time="0.000" /><testcase classname="backend.tests.test_ai_mode" name="test_classify_phase[\u0633\u0648\u0651\u064a \u0644\u064a \u062a\u0637\u0628\u064a\u0642 \u0645\u062d\u0627\u062f\u062b\u0627\u062a-project1-first_design]" time="0.033" /><testcase classname="backend.tests.test_ai_mode" name="test_classify_phase[Create a SaaS landing page-project2-first_design]" time="0.000" /><testcase classname="backend.tests.test_ai_mode" name="test_classify_phase[\u0627\u0628\u062f\u0623-project3-first_design]" time="0.000" /><testcase classname="backend.tests.test_ai_mode" name="test_classify_phase[\u0627\u062d\u0630\u0641 \u0642\u0633\u0645 newsletter-project4-surgical]" time="0.000" /><testcase classname="backend.tests.test_ai_mode" name="test_classify_phase[\u063a\u064a\u0651\u0631 \u0627\u0644\u0644\u0648\u0646 \u0644\u0644\u0623\u062d\u0645\u0631-project5-surgical]" time="0.000" /><testcase classname="backend.tests.test_ai_mode" name="test_classify_phase[\u0643\u0645\u0651\u0644 \u0627\u0644\u0623\u0642\u0633\u0627\u0645-project6-surgical]" time="0.001" /><testcase classname="backend.tests.test_ai_mode" name="test_classify_phase[\u0645\u0646 \u0627\u0644\u0635\u0641\u0631 \u0627\u0639\u062f \u0628\u0646\u0627\u0621 \u0627\u0644\u0645\u0648\u0642\u0639-project7-first_design]" time="0.000" /><testcase classname="backend.tests.test_ai_mode" name="test_classify_phase[rebuild from scratch-project8-first_design]" time="0.046" /><testcase classname="backend.tests.test_ai_mode" name="test_classify_phase[\u0627\u062d\u0630\u0641 \u0643\u0644 \u0634\u064a \u0648\u0627\u0628\u062f\u0623 \u0645\u0646 \u062c\u062f\u064a\u062f-project9-first_design]" time="0.000" /><testcase classname="backend.tests.test_ai_mode" name="test_claude_only_always_picks_claude" time="0.000" /><testcase classname="backend.tests.test_ai_mode" name="test_hybrid_first_design_picks_gpt" time="0.000" /><testcase classname="backend.tests.test_ai_mode" name="test_hybrid_surgical_picks_claude" time="0.000" /><testcase classname="backend.tests.test_ai_mode" name="test_hybrid_falls_back_to_claude_when_no_openai_key" time="0.000" /><testcase classname="backend.tests.test_ai_mode" name="test_describe_choice_hybrid_gpt" time="0.000" /><testcase classname="backend.tests.test_ai_mode" name="test_describe_choice_claude_default" time="0.014" /><testcase classname="backend.tests.test_ai_mode" name="test_valid_modes_contains_both" time="0.000" /><testcase classname="backend.tests.test_ai_mode" name="test_default_mode_is_claude_only" time="0.000" /><testcase classname="backend.tests.test_ai_mode" name="test_gpt_model_is_latest" time="0.000" /><testcase classname="backend.tests.test_surgical_fixes.TestClassifyUserIntent" name="test_move_section_existing_project_is_surgical" time="0.022" /><testcase classname="backend.tests.test_surgical_fixes.TestClassifyUserIntent" name="test_explicit_rebuild_from_scratch_is_new_build" time="0.002" /><testcase classname="backend.tests.test_surgical_fixes.TestClassifyUserIntent" name="test_kammil_on_existing_project_is_surgical" time="0.000" /><testcase classname="backend.tests.test_surgical_fixes.TestClassifyUserIntent" name="test_delete_everything_and_restart_is_new_build" time="0.006" /><testcase classname="backend.tests.test_surgical_fixes.TestClassifyUserIntent" name="test_empty_project_is_new_build" time="0.000" /><testcase classname="backend.tests.test_surgical_fixes.TestClassifyUserIntent" name="test_empty_project_even_with_surgical_words_is_new_build" time="0.000" /><testcase classname="backend.tests.test_surgical_fixes.TestClassifyUserIntent" name="test_english_rebuild_marker" time="0.000" /><testcase classname="backend.tests.test_surgical_fixes.TestClassifyUserIntent" name="test_random_edit_request_defaults_to_surgical" time="0.000" /><testcase classname="backend.tests.test_surgical_fixes.TestSurgicalHardBlock" name="test_write_full_html_blocked_for_surgical_with_content" time="0.000" /><testcase classname="backend.tests.test_surgical_fixes.TestSurgicalHardBlock" name="test_write_full_html_NOT_blocked_for_new_build" time="0.000" /><testcase classname="backend.tests.test_surgical_fixes.TestSurgicalHardBlock" name="test_write_full_html_NOT_blocked_when_project_is_empty" time="0.000" /><testcase classname="backend.tests.test_surgical_fixes.TestSurgicalHardBlock" name="test_write_full_html_NOT_blocked_when_html_too_short" time="0.000" /><testcase classname="backend.tests.test_surgical_fixes.TestSurgicalHardBlock" name="test_hardblock_logic_present_in_source" time="0.049" /><testcase classname="backend.tests.test_surgical_fixes.TestPostWriteVerification" name="test_list_sections_returns_all_ids_including_duplicates" time="0.001" /><testcase classname="backend.tests.test_surgical_fixes.TestPostWriteVerification" name="test_duplicate_id_detection_via_counter" time="0.001" /><testcase classname="backend.tests.test_surgical_fixes.TestPostWriteVerification" name="test_no_duplicates_on_clean_html" time="0.025" /><testcase classname="backend.tests.test_surgical_fixes.TestPostWriteVerification" name="test_near_duplicate_heading_detection" time="1.257" /><testcase classname="backend.tests.test_surgical_fixes.TestPostWriteVerification" name="test_verification_message_contains_required_phrase" time="0.000" /><testcase classname="backend.tests.test_surgical_fixes.TestPostWriteVerification" name="test_post_write_logic_present_in_source" time="0.002" /><testcase classname="backend.tests.test_surgical_fixes.TestMultiPageNudge" name="test_multi_page_with_kammil_triggers_nudge" time="0.051" /><testcase classname="backend.tests.test_surgical_fixes.TestMultiPageNudge" name="test_single_page_project_does_NOT_trigger_nudge" time="0.002" /><testcase classname="backend.tests.test_surgical_fixes.TestMultiPageNudge" name="test_multi_page_without_page_word_no_nudge" time="0.006" /><testcase classname="backend.tests.test_surgical_fixes.TestMultiPageNudge" name="test_op_replace_does_NOT_trigger_nudge" time="0.000" /><testcase classname="backend.tests.test_surgical_fixes.TestMultiPageNudge" name="test_nudge_logic_present_in_source" time="0.004" /><testcase classname="backend.tests.test_surgical_fixes.TestSurgicalEditMicroPrompt" name="test_prompt_constant_exists" time="0.000" /><testcase classname="backend.tests.test_surgical_fixes.TestSurgicalEditMicroPrompt" name="test_prompt_contains_multi_page_awareness" time="0.001" /><testcase classname="backend.tests.test_surgical_fixes_v2.TestBlankPageDetector" name="test_source_contains_blank_page_detector_strings" time="0.071" /><testcase classname="backend.tests.test_surgical_fixes_v2.TestBlankPageDetector" name="test_skeleton_contains_scaffold_placeholder_marker" time="0.000" /><testcase classname="backend.tests.test_surgical_fixes_v2.TestBlankPageDetector" name="test_skeleton_contains_working_back_link" time="0.000" /><testcase classname="backend.tests.test_surgical_fixes_v2.TestBlankPageDetector" name="test_skeleton_includes_title_and_arabic_breadcrumb" time="0.000" /><testcase classname="backend.tests.test_surgical_fixes_v2.TestBlankPageDetector" name="test_create_page_default_skeleton_triggers_detector_logic" time="0.175" /><testcase classname="backend.tests.test_surgical_fixes_v2.TestBlankPageDetector" name="test_detector_force_tool_use_flag_set" time="0.001" /><testcase classname="backend.tests.test_surgical_fixes_v2.TestOrphanPageDetector" name="test_source_contains_orphan_detector_strings" time="0.003" /><testcase classname="backend.tests.test_surgical_fixes_v2.TestOrphanPageDetector" name="test_orphan_logic_back_link_missing" time="0.025" /><testcase classname="backend.tests.test_surgical_fixes_v2.TestOrphanPageDetector" name="test_orphan_logic_index_not_linking_to_new" time="0.000" /><testcase classname="backend.tests.test_surgical_fixes_v2.TestOrphanPageDetector" name="test_create_page_auto_wire_prevents_orphan" time="0.047" /><testcase classname="backend.tests.test_surgical_fixes_v2.TestOrphanPageDetector" name="test_skeleton_creation_includes_back_link" time="0.021" /><testcase classname="backend.tests.test_surgical_fixes_v2.TestDesignDestructionGuard" name="test_source_contains_guard_label_and_thresholds" time="0.017" /><testcase classname="backend.tests.test_surgical_fixes_v2.TestDesignDestructionGuard" name="test_guard_fires_when_new_html_too_large" time="0.001" /><testcase classname="backend.tests.test_surgical_fixes_v2.TestDesignDestructionGuard" name="test_guard_fires_when_new_html_too_small" time="0.002" /><testcase classname="backend.tests.test_surgical_fixes_v2.TestDesignDestructionGuard" name="test_guard_does_NOT_fire_within_ratio_window" time="0.025" /><testcase classname="backend.tests.test_surgical_fixes_v2.TestDesignDestructionGuard" name="test_guard_does_NOT_fire_when_existing_section_short" time="0.000" /><testcase classname="backend.tests.test_surgical_fixes_v2.TestDesignDestructionGuard" name="test_guard_does_NOT_fire_for_new_build_intent" time="0.000" /><testcase classname="backend.tests.test_surgical_fixes_v2.TestDesignDestructionGuard" name="test_guard_does_NOT_fire_for_op_append" time="0.007" /><testcase classname="backend.tests.test_surgical_fixes_v2.TestDesignDestructionGuard" name="test_guard_block_message_has_required_phrases" time="0.032" /><testcase classname="backend.tests.test_surgical_fixes_v2.TestListSectionsHonoursPageArg" name="test_list_sections_returns_target_page_sections" time="0.000" /><testcase classname="backend.tests.test_surgical_fixes_v2.TestListSectionsHonoursPageArg" name="test_list_sections_no_page_arg_uses_active_page" time="0.000" /><testcase classname="backend.tests.test_surgical_fixes_v2.TestListSectionsHonoursPageArg" name="test_list_sections_unknown_page_falls_back_to_current" time="0.000" /><testcase classname="backend.tests.test_surgical_fixes_v2.TestBackwardsCompat" name="test_iteration1_markers_still_in_source" time="0.010" /><testcase classname="backend.tests.test_surgical_fixes_v2.TestBackwardsCompat" name="test_classify_user_intent_still_surgical_first" time="0.000" /></testsuite></testsuites>