<?xml version="1.0" encoding="utf-8"?><testsuites name="pytest tests"><testsuite name="pytest" errors="0" failures="0" skipped="0" tests="10" time="0.724" timestamp="2026-06-27T13:49:00.250210+00:00" hostname="agent-env-3a013e4b-c104-42fa-8ce0-ea6053aacb6b"><testcase classname="tests.test_v2_wiring.TestNewCortexToolsRegistered" name="test_tools_schema_count_and_new_tools" time="0.263" /><testcase classname="tests.test_v2_wiring.TestNewCortexToolsRegistered" name="test_tool_handlers_count_27" time="0.000" /><testcase classname="tests.test_v2_wiring.TestDispatchNewTools" name="test_dispatch_generate_nextjs_project" time="0.002" /><testcase classname="tests.test_v2_wiring.TestDispatchNewTools" name="test_dispatch_build_capacitor_app" time="0.001" /><testcase classname="tests.test_v2_wiring.TestDispatchNewTools" name="test_dispatch_recommend_state_management" time="0.000" /><testcase classname="tests.test_v2_wiring.TestDispatchNewTools" name="test_dispatch_search_past_projects_no_db_ctx" time="0.000" /><testcase classname="tests.test_v2_wiring.TestDispatchNewTools" name="test_dispatch_run_in_e2b_sandbox_no_auth" time="0.008" /><testcase classname="tests.test_v2_wiring.TestDispatchNewTools" name="test_dispatch_deploy_via_ssh_no_auth" time="0.001" /><testcase classname="tests.test_v2_wiring.TestClassifierRouting" name="test_review_fast_path" time="0.293" /><testcase classname="tests.test_v2_wiring.TestConciergeRegression" name="test_mobile_request_still_pauses" time="0.047" /></testsuite></testsuites>