<?xml version="1.0" encoding="utf-8"?><testsuites name="pytest tests"><testsuite name="pytest" errors="0" failures="1" skipped="0" tests="12" time="24.561" timestamp="2026-06-28T10:48:09.344551+00:00" hostname="agent-env-3a013e4b-c104-42fa-8ce0-ea6053aacb6b"><testcase classname="backend.tests.test_continuation_app_regressions_iter86.TestStoreProvidersCatalog" name="test_catalog_returns_store_and_signing" time="1.676" /><testcase classname="backend.tests.test_continuation_app_regressions_iter86.TestSaveStackIdempotency" name="test_save_stack_after_completed_returns_409" time="4.029" /><testcase classname="backend.tests.test_continuation_app_regressions_iter86.TestSaveExtraRequiresCompletedWizard" name="test_save_extra_before_wizard_completed_returns_400" time="1.082" /><testcase classname="backend.tests.test_continuation_app_regressions_iter86.TestSaveExtraRequiresCompletedWizard" name="test_save_extra_after_wizard_completed_succeeds" time="3.862"><failure message="assert ('mask' in {'category': 'store', 'expires_at': '2027-06-23T10:48:19.693044+00:00', 'key_name': 'GOOGLE_SERVICE_ACCOUNT_JSON', 'mask': '••••••••&quot;x&quot;}', ...} and '*' in (('••••••••&quot;x&quot;}')))&#10; +  where '••••••••&quot;x&quot;}' = &lt;built-in method get of dict object at 0xfa5834bd0740&gt;('mask')&#10; +    where &lt;built-in method get of dict object at 0xfa5834bd0740&gt; = {'category': 'store', 'expires_at': '2027-06-23T10:48:19.693044+00:00', 'key_name': 'GOOGLE_SERVICE_ACCOUNT_JSON', 'mask': '••••••••&quot;x&quot;}', ...}.get">backend/tests/test_continuation_app_regressions_iter86.py:171: in test_save_extra_after_wizard_completed_succeeds
    assert "mask" in data and "*" in (data.get("mask") or "")
E   assert ('mask' in {'category': 'store', 'expires_at': '2027-06-23T10:48:19.693044+00:00', 'key_name': 'GOOGLE_SERVICE_ACCOUNT_JSON', 'mask': '••••••••"x"}', ...} and '*' in (('••••••••"x"}')))
E    +  where '••••••••"x"}' = &lt;built-in method get of dict object at 0xfa5834bd0740&gt;('mask')
E    +    where &lt;built-in method get of dict object at 0xfa5834bd0740&gt; = {'category': 'store', 'expires_at': '2027-06-23T10:48:19.693044+00:00', 'key_name': 'GOOGLE_SERVICE_ACCOUNT_JSON', 'mask': '••••••••"x"}', ...}.get</failure></testcase><testcase classname="backend.tests.test_continuation_app_regressions_iter86.TestDeleteCredentialExistedCheck" name="test_delete_existing_key_returns_revoked_true" time="4.341" /><testcase classname="backend.tests.test_continuation_app_regressions_iter86.TestDeleteCredentialExistedCheck" name="test_delete_missing_key_returns_revoked_false" time="3.853" /><testcase classname="backend.tests.test_continuation_app_regressions_iter86.TestCrossTenantIsolation" name="test_wrong_user_get_setup_returns_404_or_400" time="1.613" /><testcase classname="backend.tests.test_continuation_app_regressions_iter86.TestCrossTenantIsolation" name="test_wrong_pid_returns_400_or_404" time="0.287" /><testcase classname="backend.tests.test_continuation_app_regressions_iter86.TestCrossTenantIsolation" name="test_save_stack_on_nonexistent_project_returns_400" time="0.456" /><testcase classname="backend.tests.test_continuation_app_regressions_iter86.TestSiteBackcompat" name="test_site_project_state_is_url_not_stack" time="1.381" /><testcase classname="backend.tests.test_continuation_app_regressions_iter86.TestUrlAliasBackcompat" name="test_continue_app_hyphen_route_200" time="0.761" /><testcase classname="backend.tests.test_continuation_app_regressions_iter86.TestUrlAliasBackcompat" name="test_continue_app_slash_route_200" time="0.691" /></testsuite></testsuites>