<?xml version="1.0" encoding="utf-8"?><testsuites name="pytest tests"><testsuite name="pytest" errors="0" failures="0" skipped="0" tests="9" time="23.572" timestamp="2026-06-28T09:45:16.848125+00:00" hostname="agent-env-3a013e4b-c104-42fa-8ce0-ea6053aacb6b"><testcase classname="backend.tests.test_continuation_app_wizard.TestAppProvidersCatalog" name="test_catalog_returns_11_providers" time="21.696" /><testcase classname="backend.tests.test_continuation_app_wizard.TestAppProvidersCatalog" name="test_catalog_includes_zip_upload" time="0.050" /><testcase classname="backend.tests.test_continuation_app_wizard.TestAppProjectInitialState" name="test_get_setup_state_is_stack" time="0.109" /><testcase classname="backend.tests.test_continuation_app_wizard.TestSaveStack" name="test_save_stack_advances_to_provider" time="0.100" /><testcase classname="backend.tests.test_continuation_app_wizard.TestSaveStack" name="test_save_stack_rejects_missing_app_kind" time="0.048" /><testcase classname="backend.tests.test_continuation_app_wizard.TestSiteBackcompat" name="test_site_project_initial_state_is_url" time="0.101" /><testcase classname="backend.tests.test_continuation_app_wizard.TestSiteBackcompat" name="test_save_stack_on_site_project_rejected" time="0.053" /><testcase classname="backend.tests.test_continuation_app_wizard.TestAppFullFlow" name="test_select_provider_github" time="0.108" /><testcase classname="backend.tests.test_continuation_app_wizard.TestAppFullFlow" name="test_save_credential_advances" time="0.198" /></testsuite></testsuites>