<?xml version="1.0" encoding="utf-8"?><testsuites name="pytest tests"><testsuite name="pytest" errors="0" failures="0" skipped="0" tests="130" time="5.996" timestamp="2026-06-25T00:54:29.913349+00:00" hostname="agent-env-3a013e4b-c104-42fa-8ce0-ea6053aacb6b"><testcase classname="backend.tests.test_smart_merge.TestSmartMergeHelper" name="test_returns_new_html_unchanged_when_no_sections_missing" time="0.001" /><testcase classname="backend.tests.test_smart_merge.TestSmartMergeHelper" name="test_splices_missing_section_before_main_close" time="0.001" /><testcase classname="backend.tests.test_smart_merge.TestSmartMergeHelper" name="test_splices_before_body_when_no_main" time="0.000" /><testcase classname="backend.tests.test_smart_merge.TestSmartMergeHelper" name="test_handles_empty_inputs_gracefully" time="0.000" /><testcase classname="backend.tests.test_smart_merge.TestSmartMergeHelper" name="test_preserves_section_order_from_original" time="0.000" /><testcase classname="backend.tests.test_smart_merge.TestSmartMergeIntegrationWithWriteFullHtml" name="test_write_full_html_preserves_forgotten_sections" time="0.001" /><testcase classname="backend.tests.test_smart_merge.TestSmartMergeIntegrationWithWriteFullHtml" name="test_allow_full_rewrite_bypasses_smart_merge" time="0.000" /><testcase classname="backend.tests.test_smart_merge.TestSmartMergeIntegrationWithWriteFullHtml" name="test_skipped_on_small_existing_html" time="0.000" /><testcase classname="backend.tests.test_smart_merge.TestPagesOverviewHelper" name="test_lists_each_page_with_status" time="0.000" /><testcase classname="backend.tests.test_smart_merge.TestPagesOverviewHelper" name="test_empty_pages_returns_empty_string" time="0.000" /><testcase classname="backend.tests.test_workflow_engine" name="test_discovery_has_exactly_8_questions" time="0.000" /><testcase classname="backend.tests.test_workflow_engine" name="test_discovery_keys_are_unique" time="0.000" /><testcase classname="backend.tests.test_workflow_engine" name="test_each_question_has_arabic_text" time="0.000" /><testcase classname="backend.tests.test_workflow_engine" name="test_empty_project_starts_in_discovery" time="0.000" /><testcase classname="backend.tests.test_workflow_engine" name="test_project_with_existing_content_starts_in_surgical" time="0.000" /><testcase classname="backend.tests.test_workflow_engine" name="test_project_with_pages_dict_starts_in_surgical" time="0.000" /><testcase classname="backend.tests.test_workflow_engine" name="test_existing_state_is_preserved" time="0.000" /><testcase classname="backend.tests.test_workflow_engine" name="test_defaults_fill_missing_keys" time="0.000" /><testcase classname="backend.tests.test_workflow_engine" name="test_discovery_incomplete_when_no_answers" time="0.000" /><testcase classname="backend.tests.test_workflow_engine" name="test_discovery_incomplete_when_partial" time="0.000" /><testcase classname="backend.tests.test_workflow_engine" name="test_discovery_complete_when_all_required_topics_answered" time="0.000" /><testcase classname="backend.tests.test_workflow_engine" name="test_cannot_advance_to_visual_skeleton_with_incomplete_discovery" time="0.000" /><testcase classname="backend.tests.test_workflow_engine" name="test_can_advance_to_visual_skeleton_with_full_discovery" time="0.000" /><testcase classname="backend.tests.test_workflow_engine" name="test_cannot_skip_visual_skeleton_to_wiring" time="0.000" /><testcase classname="backend.tests.test_workflow_engine" name="test_cannot_advance_to_wiring_without_pages" time="0.000" /><testcase classname="backend.tests.test_workflow_engine" name="test_can_advance_to_wiring_with_pages" time="0.000" /><testcase classname="backend.tests.test_workflow_engine" name="test_cannot_advance_to_surgical_with_unwired_pages" time="0.000" /><testcase classname="backend.tests.test_workflow_engine" name="test_can_advance_to_surgical_when_all_wired" time="0.000" /><testcase classname="backend.tests.test_workflow_engine" name="test_invalid_target_stage_rejected" time="0.000" /><testcase classname="backend.tests.test_workflow_engine" name="test_discovery_addendum_lists_remaining_questions" time="0.000" /><testcase classname="backend.tests.test_workflow_engine" name="test_discovery_addendum_omits_already_answered" time="0.000" /><testcase classname="backend.tests.test_workflow_engine" name="test_visual_skeleton_addendum_keeps_buttons_inert_but_nav_works" time="0.000" /><testcase classname="backend.tests.test_workflow_engine" name="test_wiring_addendum_focuses_on_one_page" time="0.000" /><testcase classname="backend.tests.test_workflow_engine" name="test_surgical_addendum_lists_alternatives" time="0.000" /><testcase classname="backend.tests.test_workflow_engine" name="test_stage_labels_are_arabic[discovery-\u0627\u0643\u062a\u0634\u0627\u0641]" time="0.000" /><testcase classname="backend.tests.test_workflow_engine" name="test_stage_labels_are_arabic[visual_skeleton-\u0628\u0646\u0627\u0621]" time="0.000" /><testcase classname="backend.tests.test_workflow_engine" name="test_stage_labels_are_arabic[wiring-\u062a\u0641\u0639\u064a\u0644]" time="0.000" /><testcase classname="backend.tests.test_workflow_engine" name="test_stage_labels_are_arabic[surgical_edit-\u062c\u0631\u0627\u062d]" time="0.000" /><testcase classname="backend.tests.test_workflow_engine" name="test_workflow_tools_are_registered_in_schema" time="0.004" /><testcase classname="backend.tests.test_workflow_engine" name="test_workflow_state_persistence_in_agent" time="0.003" /><testcase classname="backend.tests.test_workflow_engine" name="test_workflow_addendum_injected_into_both_provider_prompts" time="0.004" /><testcase classname="backend.tests.test_mockup_workflow" name="test_save_page_mockup_persists_to_project" time="0.001" /><testcase classname="backend.tests.test_mockup_workflow" name="test_save_page_mockup_appends_html_extension" time="0.000" /><testcase classname="backend.tests.test_mockup_workflow" name="test_save_page_mockup_rejects_missing_url" time="0.001" /><testcase classname="backend.tests.test_mockup_workflow" name="test_present_mockups_for_approval_requires_saved_mockups" time="0.000" /><testcase classname="backend.tests.test_mockup_workflow" name="test_present_mockups_for_approval_flips_stage_to_approval" time="0.000" /><testcase classname="backend.tests.test_mockup_workflow" name="test_lock_blueprint_requires_mockups" time="0.000" /><testcase classname="backend.tests.test_mockup_workflow" name="test_lock_blueprint_sets_locked_flag_and_advances_to_visual_skeleton" time="0.000" /><testcase classname="backend.tests.test_mockup_workflow" name="test_mark_page_built_requires_existing_page" time="0.000" /><testcase classname="backend.tests.test_mockup_workflow" name="test_mark_page_built_tracks_progress_and_advises_next" time="0.000" /><testcase classname="backend.tests.test_mockup_workflow" name="test_mark_page_built_rejects_blank_page" time="0.000" /><testcase classname="backend.tests.test_mockup_workflow" name="test_mark_page_built_rejects_placeholder_text" time="0.000" /><testcase classname="backend.tests.test_blockers_relaxed.TestAllBlockersRemoved" name="test_pre_finish_gate_removed" time="0.004" /><testcase classname="backend.tests.test_blockers_relaxed.TestAllBlockersRemoved" name="test_lying_guard_removed" time="0.001" /><testcase classname="backend.tests.test_blockers_relaxed.TestAllBlockersRemoved" name="test_stall_recovery_removed" time="0.001" /><testcase classname="backend.tests.test_blockers_relaxed.TestAllBlockersRemoved" name="test_preemptive_force_removed" time="0.001" /><testcase classname="backend.tests.test_blockers_relaxed.TestAllBlockersRemoved" name="test_post_turn_audit_removed" time="0.001" /><testcase classname="backend.tests.test_blockers_relaxed.TestAllBlockersRemoved" name="test_anti_hallucination_lie_detector_removed" time="0.001" /><testcase classname="backend.tests.test_blockers_relaxed.TestAllBlockersRemoved" name="test_pending_audit_injection_removed" time="0.001" /><testcase classname="backend.tests.test_blockers_relaxed.TestAllBlockersRemoved" name="test_design_destruction_hard_block_removed" time="0.001" /><testcase classname="backend.tests.test_blockers_relaxed.TestAllBlockersRemoved" name="test_design_locked_hard_block_removed" time="0.001" /><testcase classname="backend.tests.test_blockers_relaxed.TestToolContractsPreserved" name="test_apply_section_validates_id" time="0.001" /><testcase classname="backend.tests.test_blockers_relaxed.TestToolContractsPreserved" name="test_create_page_validates_filename" time="0.001" /><testcase classname="backend.tests.test_blockers_relaxed.TestToolContractsPreserved" name="test_write_full_html_validates_html" time="0.001" /><testcase classname="backend.tests.test_workflow_tools" name="test_workflow_schemas_registered" time="0.000" /><testcase classname="backend.tests.test_workflow_tools" name="test_workflow_labels_registered" time="0.000" /><testcase classname="backend.tests.test_workflow_tools" name="test_workflow_tools_are_async" time="0.225" /><testcase classname="backend.tests.test_workflow_tools" name="test_ask_user_inline_returns_sentinel" time="0.006" /><testcase classname="backend.tests.test_workflow_tools" name="test_ask_user_inline_accepts_rich_options" time="0.005" /><testcase classname="backend.tests.test_workflow_tools" name="test_ask_user_inline_rejects_short_options" time="0.005" /><testcase classname="backend.tests.test_workflow_tools" name="test_ask_user_inline_caps_at_6_options" time="0.006" /><testcase classname="backend.tests.test_workflow_tools" name="test_plan_task_persists" time="0.013" /><testcase classname="backend.tests.test_workflow_tools" name="test_plan_task_rejects_too_few_steps" time="0.009" /><testcase classname="backend.tests.test_workflow_tools" name="test_plan_task_caps_steps" time="0.008" /><testcase classname="backend.tests.test_workflow_tools" name="test_delegate_role_prompts_complete" time="0.000" /><testcase classname="backend.tests.test_workflow_tools" name="test_delegate_rejects_unknown_role" time="0.010" /><testcase classname="backend.tests.test_workflow_tools" name="test_delegate_rejects_short_task" time="0.008" /><testcase classname="backend.tests.test_workflow_tools" name="test_delegate_calls_real_anthropic" time="5.044" /><testcase classname="backend.tests.test_lab_mode_and_scaffold.TestStripScaffoldPlaceholders" name="test_helper_exists" time="0.000" /><testcase classname="backend.tests.test_lab_mode_and_scaffold.TestStripScaffoldPlaceholders" name="test_strips_arabic_placeholder_text" time="0.001" /><testcase classname="backend.tests.test_lab_mode_and_scaffold.TestStripScaffoldPlaceholders" name="test_strips_scaffold_data_paragraphs" time="0.000" /><testcase classname="backend.tests.test_lab_mode_and_scaffold.TestStripScaffoldPlaceholders" name="test_strips_html_comment_marker" time="0.000" /><testcase classname="backend.tests.test_lab_mode_and_scaffold.TestStripScaffoldPlaceholders" name="test_idempotent_on_clean_html" time="0.000" /><testcase classname="backend.tests.test_lab_mode_and_scaffold.TestStripScaffoldPlaceholders" name="test_none_passthrough" time="0.000" /><testcase classname="backend.tests.test_lab_mode_and_scaffold.TestStripScaffoldPlaceholders" name="test_strips_orphan_arabic_text" time="0.000" /><testcase classname="backend.tests.test_lab_mode_and_scaffold.TestPublishedSitesEndpointWiring" name="test_helper_wired_in_index_handler" time="0.002" /><testcase classname="backend.tests.test_lab_mode_and_scaffold.TestPublishedSitesEndpointWiring" name="test_helper_called_before_footer_injection" time="0.001" /><testcase classname="backend.tests.test_lab_mode_and_scaffold.TestMarkPageBuiltGate" name="test_rejects_zero_section_skeleton" time="0.000" /><testcase classname="backend.tests.test_lab_mode_and_scaffold.TestMarkPageBuiltGate" name="test_rejects_single_section_with_short_text" time="0.000" /><testcase classname="backend.tests.test_lab_mode_and_scaffold.TestMarkPageBuiltGate" name="test_rejects_two_sections_with_lorem_ipsum_placeholder" time="0.000" /><testcase classname="backend.tests.test_lab_mode_and_scaffold.TestMarkPageBuiltGate" name="test_rejects_with_qareeban_placeholder" time="0.000" /><testcase classname="backend.tests.test_lab_mode_and_scaffold.TestMarkPageBuiltGate" name="test_accepts_complete_page" time="0.001" /><testcase classname="backend.tests.test_lab_mode_and_scaffold.TestMarkPageBuiltGate" name="test_unknown_filename_rejected" time="0.000" /><testcase classname="backend.tests.test_lab_mode_and_scaffold.TestWriteFullHtmlIncompleteWarning" name="test_warning_emitted_for_sub_threshold_output" time="0.000" /><testcase classname="backend.tests.test_lab_mode_and_scaffold.TestWriteFullHtmlIncompleteWarning" name="test_no_warning_for_complete_output" time="0.000" /><testcase classname="backend.tests.test_lab_mode_and_scaffold.TestLabModeBranchSource" name="test_endpoint_accepts_mode_form_param" time="0.001" /><testcase classname="backend.tests.test_lab_mode_and_scaffold.TestLabModeBranchSource" name="test_lab_branch_uses_stream_agent_turn" time="0.001" /><testcase classname="backend.tests.test_lab_mode_and_scaffold.TestLabModeBranchSource" name="test_default_branch_still_uses_brain" time="0.000" /><testcase classname="backend.tests.test_lab_mode_and_scaffold.TestLabModeBranchSource" name="test_lab_uses_isolated_project_copy" time="0.000" /><testcase classname="backend.tests.test_lab_mode_and_scaffold.TestCreatePageScaffoldNoVisibleText" name="test_create_page_template_has_no_visible_arabic_placeholder" time="0.001" /><testcase classname="backend.tests.test_lab_mode_and_scaffold.TestRegressionImports" name="test_freebuild_chat_imports" time="0.000" /><testcase classname="backend.tests.test_lab_mode_and_scaffold.TestRegressionImports" name="test_freebuild_agent_imports" time="0.000" /><testcase classname="backend.tests.test_lab_mode_and_scaffold.TestRegressionImports" name="test_workflow_engine_imports" time="0.000" /><testcase classname="backend.tests.test_ai_mode" name="test_classify_phase[\u0627\u0628\u0646\u064a \u0645\u0648\u0642\u0639 \u0645\u062a\u062c\u0631 \u0625\u0644\u0643\u062a\u0631\u0648\u0646\u064a-project0-first_design]" time="0.000" /><testcase classname="backend.tests.test_ai_mode" name="test_classify_phase[\u0633\u0648\u0651\u064a \u0644\u064a \u062a\u0637\u0628\u064a\u0642 \u0645\u062d\u0627\u062f\u062b\u0627\u062a-project1-first_design]" time="0.000" /><testcase classname="backend.tests.test_ai_mode" name="test_classify_phase[Create a SaaS landing page-project2-first_design]" time="0.000" /><testcase classname="backend.tests.test_ai_mode" name="test_classify_phase[\u0627\u0628\u062f\u0623-project3-first_design]" time="0.000" /><testcase classname="backend.tests.test_ai_mode" name="test_classify_phase[\u0627\u062d\u0630\u0641 \u0642\u0633\u0645 newsletter-project4-surgical]" time="0.000" /><testcase classname="backend.tests.test_ai_mode" name="test_classify_phase[\u063a\u064a\u0651\u0631 \u0627\u0644\u0644\u0648\u0646 \u0644\u0644\u0623\u062d\u0645\u0631-project5-surgical]" time="0.001" /><testcase classname="backend.tests.test_ai_mode" name="test_classify_phase[\u0643\u0645\u0651\u0644 \u0627\u0644\u0623\u0642\u0633\u0627\u0645-project6-surgical]" time="0.000" /><testcase classname="backend.tests.test_ai_mode" name="test_classify_phase[\u0645\u0646 \u0627\u0644\u0635\u0641\u0631 \u0627\u0639\u062f \u0628\u0646\u0627\u0621 \u0627\u0644\u0645\u0648\u0642\u0639-project7-first_design]" time="0.000" /><testcase classname="backend.tests.test_ai_mode" name="test_classify_phase[rebuild from scratch-project8-first_design]" time="0.000" /><testcase classname="backend.tests.test_ai_mode" name="test_classify_phase[\u0627\u062d\u0630\u0641 \u0643\u0644 \u0634\u064a \u0648\u0627\u0628\u062f\u0623 \u0645\u0646 \u062c\u062f\u064a\u062f-project9-first_design]" time="0.000" /><testcase classname="backend.tests.test_ai_mode" name="test_claude_only_always_picks_claude" time="0.000" /><testcase classname="backend.tests.test_ai_mode" name="test_hybrid_gpt_first_design_picks_gpt" time="0.000" /><testcase classname="backend.tests.test_ai_mode" name="test_hybrid_gpt_surgical_picks_claude" time="0.000" /><testcase classname="backend.tests.test_ai_mode" name="test_hybrid_gpt_falls_back_to_claude_when_no_openai_key" time="0.000" /><testcase classname="backend.tests.test_ai_mode" name="test_hybrid_glm_first_design_picks_glm" time="0.000" /><testcase classname="backend.tests.test_ai_mode" name="test_hybrid_glm_surgical_picks_claude" time="0.000" /><testcase classname="backend.tests.test_ai_mode" name="test_hybrid_glm_falls_back_to_claude_when_no_keys" time="0.000" /><testcase classname="backend.tests.test_ai_mode" name="test_hybrid_glm_works_with_legacy_zhipu_key" time="0.000" /><testcase classname="backend.tests.test_ai_mode" name="test_hybrid_modes_do_not_cross_keys" time="0.000" /><testcase classname="backend.tests.test_ai_mode" name="test_describe_choice_hybrid_gpt" time="0.000" /><testcase classname="backend.tests.test_ai_mode" name="test_describe_choice_hybrid_glm" time="0.000" /><testcase classname="backend.tests.test_ai_mode" name="test_describe_choice_claude_default" time="0.000" /><testcase classname="backend.tests.test_ai_mode" name="test_valid_modes_contains_all_three" time="0.000" /><testcase classname="backend.tests.test_ai_mode" name="test_default_mode_is_claude_only" time="0.000" /><testcase classname="backend.tests.test_ai_mode" name="test_gpt_model_is_latest" time="0.000" /><testcase classname="backend.tests.test_ai_mode" name="test_glm_model_is_latest" time="0.000" /><testcase classname="backend.tests.test_ai_mode" name="test_legacy_alias_constant" time="0.000" /></testsuite></testsuites>