<?xml version="1.0" encoding="utf-8"?><testsuites name="pytest tests"><testsuite name="pytest" errors="0" failures="0" skipped="0" tests="22" time="6.104" timestamp="2026-06-27T05:09:55.652028+00:00" hostname="agent-env-3a013e4b-c104-42fa-8ce0-ea6053aacb6b"><testcase classname="tests.test_supervisor_and_deploy" name="test_supervisor_detects_repeated_tool_failure" time="0.289" /><testcase classname="tests.test_supervisor_and_deploy" name="test_supervisor_detects_identical_loop" time="0.000" /><testcase classname="tests.test_supervisor_and_deploy" name="test_supervisor_detects_giveup_text" time="0.017" /><testcase classname="tests.test_supervisor_and_deploy" name="test_supervisor_returns_none_when_healthy" time="0.000" /><testcase classname="tests.test_supervisor_and_deploy" name="test_supervisor_injection_is_actionable" time="0.000" /><testcase classname="tests.test_supervisor_and_deploy" name="test_bundle_creates_index_when_missing" time="0.000" /><testcase classname="tests.test_supervisor_and_deploy" name="test_bundle_keeps_existing_index" time="0.000" /><testcase classname="tests.test_supervisor_and_deploy" name="test_bundle_includes_extras" time="0.000" /><testcase classname="tests.test_supervisor_and_deploy" name="test_bundle_rejects_empty_pages" time="0.081" /><testcase classname="tests.test_supervisor_and_deploy" name="test_slug_normalization" time="0.000" /><testcase classname="tests.test_supervisor_and_deploy" name="test_deploy_catalog_has_four_options" time="0.000" /><testcase classname="tests.test_honesty_and_escalation" name="test_claims_completion_arabic" time="0.000" /><testcase classname="tests.test_honesty_and_escalation" name="test_claims_completion_negative" time="0.000" /><testcase classname="tests.test_honesty_and_escalation" name="test_verification_evidence_detects_test_page" time="0.000" /><testcase classname="tests.test_honesty_and_escalation" name="test_verification_evidence_detects_successful_deploy" time="0.000" /><testcase classname="tests.test_honesty_and_escalation" name="test_verification_evidence_unverified_when_no_test" time="0.000" /><testcase classname="tests.test_honesty_and_escalation" name="test_failed_deploy_does_not_count_as_verification" time="0.000" /><testcase classname="tests.test_honesty_and_escalation" name="test_nudge_contains_actionable_tools" time="0.000" /><testcase classname="tests.test_honesty_and_escalation" name="test_no_escalation_for_healthy_session" time="0.000" /><testcase classname="tests.test_honesty_and_escalation" name="test_honesty_violation_escalates_low_severity" time="0.000" /><testcase classname="tests.test_honesty_and_escalation" name="test_thrashing_escalates_with_increasing_severity" time="0.000" /><testcase classname="tests.test_honesty_and_escalation" name="test_giveup_escalates_high" time="0.000" /></testsuite></testsuites>