<?xml version="1.0" encoding="utf-8"?><testsuites name="pytest tests"><testsuite name="pytest" errors="0" failures="0" skipped="0" tests="2" time="355.734" timestamp="2026-06-27T13:42:05.588188+00:00" hostname="agent-env-3a013e4b-c104-42fa-8ce0-ea6053aacb6b"><testcase classname="tests.test_v2_wiring.TestClassifierRouting" name="test_architect_fast_path" time="46.330" /><testcase classname="tests.test_v2_wiring.TestBrandDNAHook" name="test_brand_dna_extracted_on_first_message_and_persisted" time="309.298" /></testsuite></testsuites>