<?xml version="1.0" encoding="utf-8"?><testsuites name="pytest tests"><testsuite name="pytest" errors="0" failures="0" skipped="0" tests="4" time="40.097" timestamp="2026-06-25T00:53:44.343575+00:00" hostname="agent-env-3a013e4b-c104-42fa-8ce0-ea6053aacb6b"><testcase classname="backend.tests.test_agent_chat_stream_fix.TestDefaultModeNoTypeError" name="test_default_mode_emits_start_and_done" time="8.965" /><testcase classname="backend.tests.test_agent_chat_stream_fix.TestLabModeWorks" name="test_lab_mode_emits_start_and_done" time="9.537" /><testcase classname="backend.tests.test_agent_chat_stream_fix.TestLegacyBrainStillRoutes" name="test_legacy_brain_mode_emits_done" time="9.982" /><testcase classname="backend.tests.test_agent_chat_stream_fix.TestPersistenceAfterChat" name="test_messages_persisted_and_progress_cleared" time="11.557" /></testsuite></testsuites>