<?xml version="1.0" encoding="utf-8"?><testsuites name="pytest tests"><testsuite name="pytest" errors="0" failures="0" skipped="0" tests="9" time="44.928" timestamp="2026-06-21T17:47:55.197400+00:00" hostname="agent-env-3a013e4b-c104-42fa-8ce0-ea6053aacb6b"><testcase classname="tests.test_genius_engineer_global_knowledge.TestUsageCredits" name="test_credits_endpoint_returns_balance" time="28.166" /><testcase classname="tests.test_genius_engineer_global_knowledge.TestExtractKeywords" name="test_arabic_and_latin" time="3.695" /><testcase classname="tests.test_genius_engineer_global_knowledge.TestToolSchemaRegistration" name="test_save_learning_in_tools_schema" time="1.921" /><testcase classname="tests.test_genius_engineer_global_knowledge.TestToolSchemaRegistration" name="test_image_nano_banana_in_catalog" time="0.833" /><testcase classname="tests.test_genius_engineer_global_knowledge.TestCreditGate" name="test_low_balance_returns_402" time="2.690" /><testcase classname="tests.test_genius_engineer_global_knowledge.TestAgentChatStream" name="test_sse_stream_returns_tokens" time="7.285" /><testcase classname="tests.test_genius_engineer_global_knowledge.TestPricingTransactions" name="test_transactions_endpoint" time="0.169" /><testcase classname="tests.test_genius_engineer_global_knowledge.TestGlobalKnowledgeSeed" name="test_seeded_practices_exist" time="0.005" /><testcase classname="tests.test_genius_engineer_global_knowledge.TestGlobalKnowledgeSeed" name="test_load_global_knowledge_returns_block" time="0.005" /></testsuite></testsuites>