<?xml version="1.0" encoding="utf-8"?><testsuites name="pytest tests"><testsuite name="pytest" errors="0" failures="0" skipped="0" tests="107" time="0.561" timestamp="2026-06-24T06:35:16.716235+00:00" hostname="agent-env-3a013e4b-c104-42fa-8ce0-ea6053aacb6b"><testcase classname="backend.tests.test_blockers_relaxed.TestBlockersRelaxed" name="test_design_destruction_is_advisory" time="0.004" /><testcase classname="backend.tests.test_blockers_relaxed.TestBlockersRelaxed" name="test_surgical_guard_is_advisory" time="0.001" /><testcase classname="backend.tests.test_blockers_relaxed.TestBlockersRelaxed" name="test_surgical_hardblock_removed" time="0.001" /><testcase classname="backend.tests.test_blockers_relaxed.TestBlockersRelaxed" name="test_design_preservation_is_advisory" time="0.001" /><testcase classname="backend.tests.test_blockers_relaxed.TestBlockersRelaxed" name="test_design_locked_is_advisory" time="0.001" /><testcase classname="backend.tests.test_blockers_relaxed.TestEssentialRulesPreserved" name="test_blank_page_detector_kept" time="0.001" /><testcase classname="backend.tests.test_blockers_relaxed.TestEssentialRulesPreserved" name="test_pre_finish_gate_kept" time="0.001" /><testcase classname="backend.tests.test_blockers_relaxed.TestEssentialRulesPreserved" name="test_lying_guard_kept" time="0.001" /><testcase classname="backend.tests.test_workflow_engine" name="test_discovery_has_exactly_8_questions" time="0.000" /><testcase classname="backend.tests.test_workflow_engine" name="test_discovery_keys_are_unique" time="0.000" /><testcase classname="backend.tests.test_workflow_engine" name="test_each_question_has_arabic_text" time="0.000" /><testcase classname="backend.tests.test_workflow_engine" name="test_empty_project_starts_in_discovery" time="0.000" /><testcase classname="backend.tests.test_workflow_engine" name="test_project_with_existing_content_starts_in_surgical" time="0.000" /><testcase classname="backend.tests.test_workflow_engine" name="test_project_with_pages_dict_starts_in_surgical" time="0.000" /><testcase classname="backend.tests.test_workflow_engine" name="test_existing_state_is_preserved" time="0.000" /><testcase classname="backend.tests.test_workflow_engine" name="test_defaults_fill_missing_keys" time="0.000" /><testcase classname="backend.tests.test_workflow_engine" name="test_discovery_incomplete_when_no_answers" time="0.000" /><testcase classname="backend.tests.test_workflow_engine" name="test_discovery_incomplete_when_partial" time="0.000" /><testcase classname="backend.tests.test_workflow_engine" name="test_discovery_complete_when_all_required_topics_answered" time="0.000" /><testcase classname="backend.tests.test_workflow_engine" name="test_cannot_advance_to_visual_skeleton_with_incomplete_discovery" time="0.000" /><testcase classname="backend.tests.test_workflow_engine" name="test_can_advance_to_visual_skeleton_with_full_discovery" time="0.000" /><testcase classname="backend.tests.test_workflow_engine" name="test_cannot_skip_visual_skeleton_to_wiring" time="0.000" /><testcase classname="backend.tests.test_workflow_engine" name="test_cannot_advance_to_wiring_without_pages" time="0.000" /><testcase classname="backend.tests.test_workflow_engine" name="test_can_advance_to_wiring_with_pages" time="0.000" /><testcase classname="backend.tests.test_workflow_engine" name="test_cannot_advance_to_surgical_with_unwired_pages" time="0.000" /><testcase classname="backend.tests.test_workflow_engine" name="test_can_advance_to_surgical_when_all_wired" time="0.000" /><testcase classname="backend.tests.test_workflow_engine" name="test_invalid_target_stage_rejected" time="0.000" /><testcase classname="backend.tests.test_workflow_engine" name="test_discovery_addendum_lists_remaining_questions" time="0.000" /><testcase classname="backend.tests.test_workflow_engine" name="test_discovery_addendum_omits_already_answered" time="0.000" /><testcase classname="backend.tests.test_workflow_engine" name="test_visual_skeleton_addendum_keeps_buttons_inert_but_nav_works" time="0.000" /><testcase classname="backend.tests.test_workflow_engine" name="test_wiring_addendum_focuses_on_one_page" time="0.000" /><testcase classname="backend.tests.test_workflow_engine" name="test_surgical_addendum_lists_alternatives" time="0.000" /><testcase classname="backend.tests.test_workflow_engine" name="test_stage_labels_are_arabic[discovery-\u0627\u0643\u062a\u0634\u0627\u0641]" time="0.000" /><testcase classname="backend.tests.test_workflow_engine" name="test_stage_labels_are_arabic[visual_skeleton-\u0628\u0635\u0631\u064a]" time="0.000" /><testcase classname="backend.tests.test_workflow_engine" name="test_stage_labels_are_arabic[wiring-\u062a\u0641\u0639\u064a\u0644]" time="0.000" /><testcase classname="backend.tests.test_workflow_engine" name="test_stage_labels_are_arabic[surgical_edit-\u062c\u0631\u0627\u062d]" time="0.000" /><testcase classname="backend.tests.test_workflow_engine" name="test_workflow_tools_are_registered_in_schema" time="0.003" /><testcase classname="backend.tests.test_workflow_engine" name="test_workflow_state_persistence_in_agent" time="0.003" /><testcase classname="backend.tests.test_workflow_engine" name="test_workflow_addendum_injected_into_both_provider_prompts" time="0.003" /><testcase classname="backend.tests.test_ai_mode" name="test_classify_phase[\u0627\u0628\u0646\u064a \u0645\u0648\u0642\u0639 \u0645\u062a\u062c\u0631 \u0625\u0644\u0643\u062a\u0631\u0648\u0646\u064a-project0-first_design]" time="0.000" /><testcase classname="backend.tests.test_ai_mode" name="test_classify_phase[\u0633\u0648\u0651\u064a \u0644\u064a \u062a\u0637\u0628\u064a\u0642 \u0645\u062d\u0627\u062f\u062b\u0627\u062a-project1-first_design]" time="0.000" /><testcase classname="backend.tests.test_ai_mode" name="test_classify_phase[Create a SaaS landing page-project2-first_design]" time="0.000" /><testcase classname="backend.tests.test_ai_mode" name="test_classify_phase[\u0627\u0628\u062f\u0623-project3-first_design]" time="0.000" /><testcase classname="backend.tests.test_ai_mode" name="test_classify_phase[\u0627\u062d\u0630\u0641 \u0642\u0633\u0645 newsletter-project4-surgical]" time="0.000" /><testcase classname="backend.tests.test_ai_mode" name="test_classify_phase[\u063a\u064a\u0651\u0631 \u0627\u0644\u0644\u0648\u0646 \u0644\u0644\u0623\u062d\u0645\u0631-project5-surgical]" time="0.000" /><testcase classname="backend.tests.test_ai_mode" name="test_classify_phase[\u0643\u0645\u0651\u0644 \u0627\u0644\u0623\u0642\u0633\u0627\u0645-project6-surgical]" time="0.000" /><testcase classname="backend.tests.test_ai_mode" name="test_classify_phase[\u0645\u0646 \u0627\u0644\u0635\u0641\u0631 \u0627\u0639\u062f \u0628\u0646\u0627\u0621 \u0627\u0644\u0645\u0648\u0642\u0639-project7-first_design]" time="0.000" /><testcase classname="backend.tests.test_ai_mode" name="test_classify_phase[rebuild from scratch-project8-first_design]" time="0.000" /><testcase classname="backend.tests.test_ai_mode" name="test_classify_phase[\u0627\u062d\u0630\u0641 \u0643\u0644 \u0634\u064a \u0648\u0627\u0628\u062f\u0623 \u0645\u0646 \u062c\u062f\u064a\u062f-project9-first_design]" time="0.000" /><testcase classname="backend.tests.test_ai_mode" name="test_claude_only_always_picks_claude" time="0.000" /><testcase classname="backend.tests.test_ai_mode" name="test_hybrid_gpt_first_design_picks_gpt" time="0.000" /><testcase classname="backend.tests.test_ai_mode" name="test_hybrid_gpt_surgical_picks_claude" time="0.000" /><testcase classname="backend.tests.test_ai_mode" name="test_hybrid_gpt_falls_back_to_claude_when_no_openai_key" time="0.000" /><testcase classname="backend.tests.test_ai_mode" name="test_hybrid_glm_first_design_picks_glm" time="0.000" /><testcase classname="backend.tests.test_ai_mode" name="test_hybrid_glm_surgical_picks_claude" time="0.000" /><testcase classname="backend.tests.test_ai_mode" name="test_hybrid_glm_falls_back_to_claude_when_no_keys" time="0.000" /><testcase classname="backend.tests.test_ai_mode" name="test_hybrid_glm_works_with_legacy_zhipu_key" time="0.000" /><testcase classname="backend.tests.test_ai_mode" name="test_hybrid_modes_do_not_cross_keys" time="0.000" /><testcase classname="backend.tests.test_ai_mode" name="test_describe_choice_hybrid_gpt" time="0.000" /><testcase classname="backend.tests.test_ai_mode" name="test_describe_choice_hybrid_glm" time="0.000" /><testcase classname="backend.tests.test_ai_mode" name="test_describe_choice_claude_default" time="0.000" /><testcase classname="backend.tests.test_ai_mode" name="test_valid_modes_contains_all_three" time="0.000" /><testcase classname="backend.tests.test_ai_mode" name="test_default_mode_is_claude_only" time="0.000" /><testcase classname="backend.tests.test_ai_mode" name="test_gpt_model_is_latest" time="0.000" /><testcase classname="backend.tests.test_ai_mode" name="test_glm_model_is_latest" time="0.000" /><testcase classname="backend.tests.test_ai_mode" name="test_legacy_alias_constant" time="0.000" /><testcase classname="backend.tests.test_pre_finish_gate" name="test_pre_finish_gate_source_present" time="0.004" /><testcase classname="backend.tests.test_pre_finish_gate" name="test_pre_finish_gate_runs_before_finish_assignment" time="0.003" /><testcase classname="backend.tests.test_pre_finish_gate" name="test_pre_finish_gate_thresholds_match_blank_detector" time="0.003" /><testcase classname="backend.tests.test_pre_finish_gate" name="test_pre_finish_gate_uses_continue_to_skip_finish" time="0.003" /><testcase classname="backend.tests.test_pre_finish_gate" name="test_pre_finish_gate_handles_both_message_formats" time="0.003" /><testcase classname="backend.tests.test_pre_finish_gate" name="test_pre_finish_gate_force_tool_use_next_iter" time="0.003" /><testcase classname="backend.tests.test_surgical_fixes.TestClassifyUserIntent" name="test_move_section_existing_project_is_surgical" time="0.000" /><testcase classname="backend.tests.test_surgical_fixes.TestClassifyUserIntent" name="test_explicit_rebuild_from_scratch_is_new_build" time="0.000" /><testcase classname="backend.tests.test_surgical_fixes.TestClassifyUserIntent" name="test_kammil_on_existing_project_is_surgical" time="0.000" /><testcase classname="backend.tests.test_surgical_fixes.TestClassifyUserIntent" name="test_delete_everything_and_restart_is_new_build" time="0.000" /><testcase classname="backend.tests.test_surgical_fixes.TestClassifyUserIntent" name="test_empty_project_is_new_build" time="0.000" /><testcase classname="backend.tests.test_surgical_fixes.TestClassifyUserIntent" name="test_empty_project_even_with_surgical_words_is_new_build" time="0.000" /><testcase classname="backend.tests.test_surgical_fixes.TestClassifyUserIntent" name="test_english_rebuild_marker" time="0.000" /><testcase classname="backend.tests.test_surgical_fixes.TestClassifyUserIntent" name="test_random_edit_request_defaults_to_surgical" time="0.000" /><testcase classname="backend.tests.test_surgical_fixes.TestSurgicalHardBlock" name="test_write_full_html_blocked_for_surgical_with_content" time="0.000" /><testcase classname="backend.tests.test_surgical_fixes.TestSurgicalHardBlock" name="test_write_full_html_NOT_blocked_for_new_build" time="0.000" /><testcase classname="backend.tests.test_surgical_fixes.TestSurgicalHardBlock" name="test_write_full_html_NOT_blocked_when_project_is_empty" time="0.000" /><testcase classname="backend.tests.test_surgical_fixes.TestSurgicalHardBlock" name="test_write_full_html_NOT_blocked_when_html_too_short" time="0.000" /><testcase classname="backend.tests.test_surgical_fixes.TestSurgicalHardBlock" name="test_hardblock_logic_present_in_source" time="0.001" /><testcase classname="backend.tests.test_surgical_fixes.TestPostWriteVerification" name="test_list_sections_returns_all_ids_including_duplicates" time="0.001" /><testcase classname="backend.tests.test_surgical_fixes.TestPostWriteVerification" name="test_duplicate_id_detection_via_counter" time="0.000" /><testcase classname="backend.tests.test_surgical_fixes.TestPostWriteVerification" name="test_no_duplicates_on_clean_html" time="0.000" /><testcase classname="backend.tests.test_surgical_fixes.TestPostWriteVerification" name="test_near_duplicate_heading_detection" time="0.063" /><testcase classname="backend.tests.test_surgical_fixes.TestPostWriteVerification" name="test_verification_message_contains_required_phrase" time="0.000" /><testcase classname="backend.tests.test_surgical_fixes.TestPostWriteVerification" name="test_post_write_logic_present_in_source" time="0.002" /><testcase classname="backend.tests.test_surgical_fixes.TestMultiPageNudge" name="test_multi_page_with_kammil_triggers_nudge" time="0.000" /><testcase classname="backend.tests.test_surgical_fixes.TestMultiPageNudge" name="test_single_page_project_does_NOT_trigger_nudge" time="0.000" /><testcase classname="backend.tests.test_surgical_fixes.TestMultiPageNudge" name="test_multi_page_without_page_word_no_nudge" time="0.000" /><testcase classname="backend.tests.test_surgical_fixes.TestMultiPageNudge" name="test_op_replace_does_NOT_trigger_nudge" time="0.000" /><testcase classname="backend.tests.test_surgical_fixes.TestMultiPageNudge" name="test_nudge_logic_present_in_source" time="0.001" /><testcase classname="backend.tests.test_surgical_fixes.TestSurgicalEditMicroPrompt" name="test_prompt_constant_exists" time="0.000" /><testcase classname="backend.tests.test_surgical_fixes.TestSurgicalEditMicroPrompt" name="test_prompt_contains_multi_page_awareness" time="0.000" /><testcase classname="backend.tests.test_workflow_autoadvance_and_banner" name="test_auto_advance_logic_in_source" time="0.003" /><testcase classname="backend.tests.test_workflow_autoadvance_and_banner" name="test_stage_banner_in_addendum_assembly" time="0.007" /><testcase classname="backend.tests.test_workflow_autoadvance_and_banner" name="test_save_discovery_answer_returns_progress_with_required_count" time="0.002" /><testcase classname="backend.tests.test_workflow_autoadvance_and_banner" name="test_old_8_progress_pattern_removed" time="0.001" /><testcase classname="backend.tests.test_workflow_autoadvance_and_banner" name="test_functional_auto_advance_on_fourth_required_key" time="0.000" /><testcase classname="backend.tests.test_workflow_autoadvance_and_banner" name="test_functional_no_auto_advance_with_only_three_required" time="0.000" /><testcase classname="backend.tests.test_workflow_autoadvance_and_banner" name="test_functional_optional_key_does_not_trigger_advance" time="0.000" /><testcase classname="backend.tests.test_workflow_autoadvance_and_banner" name="test_functional_invalid_key_rejected" time="0.000" /><testcase classname="backend.tests.test_workflow_autoadvance_and_banner" name="test_functional_empty_value_rejected" time="0.000" /></testsuite></testsuites>