<?xml version="1.0" encoding="utf-8"?><testsuites name="pytest tests"><testsuite name="pytest" errors="0" failures="1" skipped="0" tests="25" time="4.803" timestamp="2026-06-24T22:26:16.411197+00:00" hostname="agent-env-3a013e4b-c104-42fa-8ce0-ea6053aacb6b"><testcase classname="tests.test_lab_mode_and_scaffold.TestStripScaffoldPlaceholders" name="test_helper_exists" time="0.000" /><testcase classname="tests.test_lab_mode_and_scaffold.TestStripScaffoldPlaceholders" name="test_strips_arabic_placeholder_text" time="0.001" /><testcase classname="tests.test_lab_mode_and_scaffold.TestStripScaffoldPlaceholders" name="test_strips_scaffold_data_paragraphs" time="0.001" /><testcase classname="tests.test_lab_mode_and_scaffold.TestStripScaffoldPlaceholders" name="test_strips_html_comment_marker" time="0.000" /><testcase classname="tests.test_lab_mode_and_scaffold.TestStripScaffoldPlaceholders" name="test_idempotent_on_clean_html" time="0.000" /><testcase classname="tests.test_lab_mode_and_scaffold.TestStripScaffoldPlaceholders" name="test_none_passthrough" time="0.000" /><testcase classname="tests.test_lab_mode_and_scaffold.TestStripScaffoldPlaceholders" name="test_strips_orphan_arabic_text" time="0.000" /><testcase classname="tests.test_lab_mode_and_scaffold.TestPublishedSitesEndpointWiring" name="test_helper_wired_in_index_handler" time="0.003" /><testcase classname="tests.test_lab_mode_and_scaffold.TestPublishedSitesEndpointWiring" name="test_helper_called_before_footer_injection" time="0.001" /><testcase classname="tests.test_lab_mode_and_scaffold.TestMarkPageBuiltGate" name="test_rejects_zero_section_skeleton" time="0.007" /><testcase classname="tests.test_lab_mode_and_scaffold.TestMarkPageBuiltGate" name="test_rejects_single_section_with_short_text" time="0.000" /><testcase classname="tests.test_lab_mode_and_scaffold.TestMarkPageBuiltGate" name="test_rejects_two_sections_with_lorem_ipsum_placeholder" time="0.000" /><testcase classname="tests.test_lab_mode_and_scaffold.TestMarkPageBuiltGate" name="test_rejects_with_qareeban_placeholder" time="0.000" /><testcase classname="tests.test_lab_mode_and_scaffold.TestMarkPageBuiltGate" name="test_accepts_complete_page" time="0.011"><failure message="AssertionError: complete page should be accepted: {'ok': False, 'error': 'page_incomplete', 'filename': 'about.html', 'section_count': 3, 'meaningful_chars': 4439, 'placeholders_found': ['placeholder'], 'message_ar': &quot;⛔ الصفحة `about.html` غير مكتملة — لا أستطيع تعليمها كمبنية:\n  • placeholders موجودة: ['placeholder']\n\n**يجب** أن تحتوي كل صفحة على:\n  - Hero section (قسم رئيسي بصري) + 1-3 أقسام محتوى حقيقي\n  - 600+ حرف من النص الفعلي (مو placeholders)\n  - شريط nav موحّد يربط بكل الصفحات\n\nاستدعِ `write_full_html(allow_full_rewrite=true)` مرة أخرى بـHTML كامل ومحتوى حقيقي، ثم أعد `mark_page_built`.&quot;}&#10;assert False is True&#10; +  where False = &lt;built-in method get of dict object at 0xfeffeee31040&gt;('ok')&#10; +    where &lt;built-in method get of dict object at 0xfeffeee31040&gt; = {'error': 'page_incomplete', 'filename': 'about.html', 'meaningful_chars': 4439, 'message_ar': &quot;⛔ الصفحة `about.html` غير مكتملة — لا أستطيع تعليمها كمبنية:\n  • placeholders موجودة: ['placeholder']\n\n**يجب** أن تحتوي كل صفحة على:\n  - Hero section (قسم رئيسي بصري) + 1-3 أقسام محتوى حقيقي\n  - 600+ حرف من النص الفعلي (مو placeholders)\n  - شريط nav موحّد يربط بكل الصفحات\n\nاستدعِ `write_full_html(allow_full_rewrite=true)` مرة أخرى بـHTML كامل ومحتوى حقيقي، ثم أعد `mark_page_built`.&quot;, ...}.get">tests/test_lab_mode_and_scaffold.py:188: in test_accepts_complete_page
    assert res.get("ok") is True, f"complete page should be accepted: {res}"
E   AssertionError: complete page should be accepted: {'ok': False, 'error': 'page_incomplete', 'filename': 'about.html', 'section_count': 3, 'meaningful_chars': 4439, 'placeholders_found': ['placeholder'], 'message_ar': "⛔ الصفحة `about.html` غير مكتملة — لا أستطيع تعليمها كمبنية:\n  • placeholders موجودة: ['placeholder']\n\n**يجب** أن تحتوي كل صفحة على:\n  - Hero section (قسم رئيسي بصري) + 1-3 أقسام محتوى حقيقي\n  - 600+ حرف من النص الفعلي (مو placeholders)\n  - شريط nav موحّد يربط بكل الصفحات\n\nاستدعِ `write_full_html(allow_full_rewrite=true)` مرة أخرى بـHTML كامل ومحتوى حقيقي، ثم أعد `mark_page_built`."}
E   assert False is True
E    +  where False = &lt;built-in method get of dict object at 0xfeffeee31040&gt;('ok')
E    +    where &lt;built-in method get of dict object at 0xfeffeee31040&gt; = {'error': 'page_incomplete', 'filename': 'about.html', 'meaningful_chars': 4439, 'message_ar': "⛔ الصفحة `about.html` غير مكتملة — لا أستطيع تعليمها كمبنية:\n  • placeholders موجودة: ['placeholder']\n\n**يجب** أن تحتوي كل صفحة على:\n  - Hero section (قسم رئيسي بصري) + 1-3 أقسام محتوى حقيقي\n  - 600+ حرف من النص الفعلي (مو placeholders)\n  - شريط nav موحّد يربط بكل الصفحات\n\nاستدعِ `write_full_html(allow_full_rewrite=true)` مرة أخرى بـHTML كامل ومحتوى حقيقي، ثم أعد `mark_page_built`.", ...}.get</failure></testcase><testcase classname="tests.test_lab_mode_and_scaffold.TestMarkPageBuiltGate" name="test_unknown_filename_rejected" time="0.001" /><testcase classname="tests.test_lab_mode_and_scaffold.TestWriteFullHtmlIncompleteWarning" name="test_warning_emitted_for_sub_threshold_output" time="0.002" /><testcase classname="tests.test_lab_mode_and_scaffold.TestWriteFullHtmlIncompleteWarning" name="test_no_warning_for_complete_output" time="0.001" /><testcase classname="tests.test_lab_mode_and_scaffold.TestLabModeBranchSource" name="test_endpoint_accepts_mode_form_param" time="0.002" /><testcase classname="tests.test_lab_mode_and_scaffold.TestLabModeBranchSource" name="test_lab_branch_uses_stream_agent_turn" time="0.001" /><testcase classname="tests.test_lab_mode_and_scaffold.TestLabModeBranchSource" name="test_default_branch_still_uses_brain" time="0.001" /><testcase classname="tests.test_lab_mode_and_scaffold.TestLabModeBranchSource" name="test_lab_uses_isolated_project_copy" time="0.001" /><testcase classname="tests.test_lab_mode_and_scaffold.TestCreatePageScaffoldNoVisibleText" name="test_create_page_template_has_no_visible_arabic_placeholder" time="0.077" /><testcase classname="tests.test_lab_mode_and_scaffold.TestRegressionImports" name="test_freebuild_chat_imports" time="0.001" /><testcase classname="tests.test_lab_mode_and_scaffold.TestRegressionImports" name="test_freebuild_agent_imports" time="0.002" /><testcase classname="tests.test_lab_mode_and_scaffold.TestRegressionImports" name="test_workflow_engine_imports" time="0.000" /></testsuite></testsuites>