<?xml version="1.0" encoding="utf-8"?><testsuites name="pytest tests"><testsuite name="pytest" errors="0" failures="0" skipped="0" tests="9" time="4.855" timestamp="2026-06-26T07:06:29.614872+00:00" hostname="agent-env-3a013e4b-c104-42fa-8ce0-ea6053aacb6b"><testcase classname="backend.tests.test_design_archive.TestListSnapshotsSchema" name="test_list_returns_kind_label_is_baseline" time="0.910" /><testcase classname="backend.tests.test_design_archive.TestManualSnapshot" name="test_manual_creates_kind_manual_with_label" time="0.108" /><testcase classname="backend.tests.test_design_archive.TestManualSnapshot" name="test_manual_no_label_defaults" time="0.114" /><testcase classname="backend.tests.test_design_archive.TestManualSnapshot" name="test_manual_repeated_no_cap" time="0.681" /><testcase classname="backend.tests.test_design_archive.TestManualSnapshot" name="test_manual_unknown_project_404" time="0.108" /><testcase classname="backend.tests.test_design_archive.TestManualSnapshot" name="test_manual_empty_html_400" time="0.359" /><testcase classname="backend.tests.test_design_archive.TestPublishBaseline" name="test_first_publish_creates_baseline_second_creates_publish" time="1.646" /><testcase classname="backend.tests.test_design_archive.TestRestore" name="test_restore_creates_pre_restore_and_swaps_html" time="0.647" /><testcase classname="backend.tests.test_design_archive.TestRegression" name="test_approve_design_no_500" time="0.221" /></testsuite></testsuites>