<?xml version="1.0" encoding="utf-8"?><testsuites name="pytest tests"><testsuite name="pytest" errors="0" failures="0" skipped="0" tests="56" time="636.124" timestamp="2026-06-27T17:59:24.084809+00:00" hostname="agent-env-3a013e4b-c104-42fa-8ce0-ea6053aacb6b"><testcase classname="tests.test_concierge_wiring.TestConciergeIntegrations" name="test_integrations_list_returns_9" time="0.011" /><testcase classname="tests.test_concierge_wiring.TestConciergeIntegrations" name="test_integration_detail_expo" time="0.007" /><testcase classname="tests.test_concierge_wiring.TestDetectNeeds" name="test_detect_mobile_arabic_returns_expo" time="0.251" /><testcase classname="tests.test_concierge_wiring.TestDetectNeeds" name="test_detect_realtime_arabic_returns_liveblocks" time="0.008" /><testcase classname="tests.test_concierge_wiring.TestDetectNeeds" name="test_detect_landing_page_arabic_returns_empty" time="0.006" /><testcase classname="tests.test_concierge_wiring.TestProjectWizard" name="test_wizard_endpoint" time="0.014" /><testcase classname="tests.test_concierge_wiring.TestCredentials" name="test_credentials_save_fake_token" time="0.138" /><testcase classname="tests.test_concierge_wiring.TestCredentials" name="test_credentials_list_returns_keys" time="0.008" /><testcase classname="tests.test_concierge_wiring.TestCortexTools" name="test_cortex_tools_registered" time="0.275" /><testcase classname="tests.test_concierge_wiring.TestCortexTools" name="test_dispatch_run_reviewer" time="0.002" /><testcase classname="tests.test_concierge_wiring.TestCortexTools" name="test_dispatch_extract_brand_dna" time="0.001" /><testcase classname="tests.test_concierge_wiring.TestCortexTools" name="test_dispatch_audit_a11y" time="0.001" /><testcase classname="tests.test_concierge_wiring.TestCortexTools" name="test_dispatch_design_database" time="0.001" /><testcase classname="tests.test_concierge_wiring.TestAgentChatStreamConciergePause" name="test_mobile_request_pauses_for_setup" time="0.074" /><testcase classname="tests.test_concierge_wiring.TestAgentChatStreamConciergePause" name="test_landing_page_request_does_NOT_pause" time="49.842" /><testcase classname="tests.test_v2_wiring.TestNewCortexToolsRegistered" name="test_tools_schema_count_and_new_tools" time="0.000" /><testcase classname="tests.test_v2_wiring.TestNewCortexToolsRegistered" name="test_tool_handlers_count_31" time="0.000" /><testcase classname="tests.test_v2_wiring.TestDispatchNewTools" name="test_dispatch_generate_nextjs_project" time="0.001" /><testcase classname="tests.test_v2_wiring.TestDispatchNewTools" name="test_dispatch_build_capacitor_app" time="0.001" /><testcase classname="tests.test_v2_wiring.TestDispatchNewTools" name="test_dispatch_recommend_state_management" time="0.002" /><testcase classname="tests.test_v2_wiring.TestDispatchNewTools" name="test_dispatch_search_past_projects_no_db_ctx" time="0.001" /><testcase classname="tests.test_v2_wiring.TestDispatchNewTools" name="test_dispatch_run_in_e2b_sandbox_no_auth" time="0.010" /><testcase classname="tests.test_v2_wiring.TestDispatchNewTools" name="test_dispatch_deploy_via_ssh_no_auth" time="0.001" /><testcase classname="tests.test_v2_wiring.TestClassifierRouting" name="test_architect_fast_path" time="43.659" /><testcase classname="tests.test_v2_wiring.TestClassifierRouting" name="test_review_fast_path" time="0.073" /><testcase classname="tests.test_v2_wiring.TestClassifierRouting" name="test_code_normal_path" time="41.872" /><testcase classname="tests.test_v2_wiring.TestBrandDNAHook" name="test_brand_dna_extracted_on_first_message_and_persisted" time="323.100" /><testcase classname="tests.test_v2_wiring.TestAutoReviewerHook" name="test_auto_review_event_fires_when_html_updated" time="175.828" /><testcase classname="tests.test_v2_wiring.TestConciergeRegression" name="test_mobile_request_still_pauses" time="0.066" /><testcase classname="tests.test_v3_sandbox_tools.TestSandboxToolsRegistered" name="test_tools_schema_has_4_new_sandbox_tools" time="0.000" /><testcase classname="tests.test_v3_sandbox_tools.TestSandboxToolsRegistered" name="test_tool_handlers_has_31_with_sandbox" time="0.000" /><testcase classname="tests.test_v3_sandbox_tools.TestDispatchSandboxTools" name="test_dispatch_run_js_sandbox" time="0.043" /><testcase classname="tests.test_v3_sandbox_tools.TestDispatchSandboxTools" name="test_dispatch_run_python_sandbox" time="0.019" /><testcase classname="tests.test_v3_sandbox_tools.TestDispatchSandboxTools" name="test_dispatch_validate_html_sandbox_missing_doctype" time="0.001" /><testcase classname="tests.test_v3_sandbox_tools.TestDispatchSandboxTools" name="test_dispatch_validate_html_sandbox_full_doc" time="0.000" /><testcase classname="tests.test_v3_sandbox_tools.TestDispatchSandboxTools" name="test_dispatch_autofix_code_loop_simple_correct" time="0.030" /><testcase classname="tests.test_v3_sandbox_tools.TestStreamHooksImports" name="test_stream_hooks_imports" time="0.001" /><testcase classname="tests.test_v3_sandbox_tools.TestStreamHooksBehavior" name="test_run_classifier_fast_paths_does_not_throw" time="0.003" /><testcase classname="tests.test_v3_sandbox_tools.TestStreamHooksBehavior" name="test_spawn_brand_dna_extraction_skips_when_history_long" time="0.101" /><testcase classname="tests.test_v3_sandbox_tools.TestStreamHooksBehavior" name="test_run_auto_reviewer_on_html_skips_when_not_updated" time="0.000" /><testcase classname="tests.test_v3_sandbox_tools.TestCapabilitiesAddendum" name="test_addendum_mentions_new_tools_and_capped" time="0.003" /><testcase classname="tests.test_v4_final.TestIntegrationsExpanded" name="test_integrations_list_returns_11" time="0.007" /><testcase classname="tests.test_v4_final.TestIntegrationsExpanded" name="test_e2b_detail_has_api_key_card" time="0.006" /><testcase classname="tests.test_v4_final.TestIntegrationsExpanded" name="test_ssh_detail_requires_host_user_pass" time="0.006" /><testcase classname="tests.test_v4_final.TestDetectionNewIntegrations" name="test_detect_e2b_sandbox_arabic" time="0.249" /><testcase classname="tests.test_v4_final.TestDetectionNewIntegrations" name="test_detect_ssh_deploy_arabic" time="0.010" /><testcase classname="tests.test_v4_final.TestDetectionNewIntegrations" name="test_wizard_pulls_e2b_cards" time="0.044" /><testcase classname="tests.test_v4_final.TestSSERefactorE2B" name="test_sandbox_request_pauses_for_e2b_setup" time="0.050" /><testcase classname="tests.test_v4_final.TestMobileRegression" name="test_mobile_request_still_pauses" time="0.044" /><testcase classname="tests.test_v4_final.TestBrandDnaAutoInjection" name="test_nextjs_auto_loads_brand_dna" time="0.081" /><testcase classname="tests.test_v4_final.TestBrandDnaAutoInjection" name="test_capacitor_uses_brand_primary_color" time="0.005" /><testcase classname="tests.test_v4_final.TestBrandDnaAutoInjection" name="test_capacitor_without_brand_dna_uses_default" time="0.001" /><testcase classname="tests.test_v4_final.TestStreamHooks4Functions" name="test_all_four_hooks_importable" time="0.000" /><testcase classname="tests.test_v4_final.TestFinalSanityCounts" name="test_tools_schema_176" time="0.000" /><testcase classname="tests.test_v4_final.TestFinalSanityCounts" name="test_cortex_tool_handlers_31" time="0.000" /><testcase classname="tests.test_v4_final.TestFinalSanityCounts" name="test_integrations_11" time="0.001" /></testsuite></testsuites>