<?xml version="1.0" encoding="utf-8"?><testsuites name="pytest tests"><testsuite name="pytest" errors="0" failures="0" skipped="0" tests="4" time="2.476" timestamp="2026-06-26T16:57:34.821313+00:00" hostname="agent-env-3a013e4b-c104-42fa-8ce0-ea6053aacb6b"><testcase classname="tests.test_storage_linear_pricing" name="test_storage_plans_are_linear" time="0.234" /><testcase classname="tests.test_storage_linear_pricing" name="test_paypal_universal_endpoint_works" time="0.868" /><testcase classname="tests.test_storage_linear_pricing" name="test_storage_checkout_uses_paypal" time="0.832" /><testcase classname="tests.test_storage_linear_pricing" name="test_free_plan_downgrade_is_idempotent" time="0.485" /></testsuite></testsuites>