<?xml version="1.0" encoding="utf-8"?><testsuites name="pytest tests"><testsuite name="pytest" errors="0" failures="1" skipped="13" tests="148" time="8.418" timestamp="2026-06-24T04:35:17.298070+00:00" hostname="agent-env-3a013e4b-c104-42fa-8ce0-ea6053aacb6b"><testcase classname="tests.test_action_pricing" name="test_intent_classification[\u0627\u0628\u0646\u064a \u0644\u064a \u0645\u0648\u0642\u0639 \u0643\u0627\u0645\u0644 \u0644\u0645\u0637\u0639\u0645\u064a-full_site]" time="0.001" /><testcase classname="tests.test_action_pricing" name="test_intent_classification[build me a complete website-full_site]" time="0.000" /><testcase classname="tests.test_action_pricing" name="test_intent_classification[\u0623\u0646\u0634\u0626 \u0635\u0641\u062d\u0629 \u062c\u062f\u064a\u062f\u0629 \u0628\u0627\u0633\u0645 about.html-page_creation]" time="0.000" /><testcase classname="tests.test_action_pricing" name="test_intent_classification[\u0627\u0635\u0646\u0639 \u0635\u0641\u062d\u0629 \u0645\u0646\u0641\u0635\u0644\u0629 \u0644\u0644\u062a\u0648\u0627\u0635\u0644-page_creation]" time="0.000" /><testcase classname="tests.test_action_pricing" name="test_intent_classification[create a new page for services-page_creation]" time="0.000" /><testcase classname="tests.test_action_pricing" name="test_intent_classification[\u0627\u062d\u0630\u0641 \u0642\u0633\u0645 testimonials-deletion]" time="0.000" /><testcase classname="tests.test_action_pricing" name="test_intent_classification[\u0634\u064a\u0644 \u0644\u064a \u0627\u0644\u0642\u0633\u0645 \u0627\u0644\u0641\u0627\u0631\u063a-deletion]" time="0.000" /><testcase classname="tests.test_action_pricing" name="test_intent_classification[remove the stats section-deletion]" time="0.000" /><testcase classname="tests.test_action_pricing" name="test_intent_classification[\u0627\u0644\u0632\u0631 \u0645\u0627 \u064a\u0634\u062a\u063a\u0644\u060c \u0623\u0635\u0644\u062d\u0647-repair]" time="0.000" /><testcase classname="tests.test_action_pricing" name="test_intent_classification[fix the broken navigation-repair]" time="0.000" /><testcase classname="tests.test_action_pricing" name="test_intent_classification[\u0623\u0636\u0641 \u0642\u0633\u0645 hero \u062c\u062f\u064a\u062f-section_add]" time="0.000" /><testcase classname="tests.test_action_pricing" name="test_intent_classification[\u0636\u064a\u0641 \u0644\u064a \u0642\u0633\u0645 \u0622\u0631\u0627\u0621 \u0627\u0644\u0639\u0645\u0644\u0627\u0621-section_add]" time="0.000" /><testcase classname="tests.test_action_pricing" name="test_intent_classification[add a new section for pricing-section_add]" time="0.000" /><testcase classname="tests.test_action_pricing" name="test_intent_classification[\u063a\u064a\u0651\u0631 \u0627\u0644\u0644\u0648\u0646 \u0625\u0644\u0649 \u0627\u0644\u0623\u0632\u0631\u0642-edit]" time="0.000" /><testcase classname="tests.test_action_pricing" name="test_intent_classification[\u0628\u062f\u0651\u0644 \u0627\u0644\u062e\u0637 \u0641\u064a \u0642\u0633\u0645 hero-edit]" time="0.000" /><testcase classname="tests.test_action_pricing" name="test_intent_classification[\u0627\u0639\u0631\u0636 \u0644\u064a \u0642\u0627\u0626\u0645\u0629 \u0627\u0644\u0623\u0642\u0633\u0627\u0645-inspection]" time="0.000" /><testcase classname="tests.test_action_pricing" name="test_intent_classification[list all pages-inspection]" time="0.000" /><testcase classname="tests.test_action_pricing" name="test_intent_classification[\u0634\u0643\u0631\u0627\u064b\u060c \u0627\u0644\u0645\u0648\u0642\u0639 \u062c\u0645\u064a\u0644-chat]" time="0.000" /><testcase classname="tests.test_action_pricing" name="test_intent_classification[\u0645\u0627 \u0631\u0623\u064a\u0643 \u0628\u0627\u0644\u0623\u0644\u0648\u0627\u0646\u061f-chat]" time="0.000" /><testcase classname="tests.test_action_pricing" name="test_estimate_min_cost_matches_catalog" time="0.000" /><testcase classname="tests.test_action_pricing" name="test_preflight_allows_when_sufficient" time="0.000" /><testcase classname="tests.test_action_pricing" name="test_preflight_blocks_when_insufficient" time="0.000" /><testcase classname="tests.test_action_pricing" name="test_preflight_chat_low_threshold" time="0.000" /><testcase classname="tests.test_action_pricing" name="test_preflight_zero_balance_blocks_everything" time="0.000" /><testcase classname="tests.test_action_pricing" name="test_op_floor_picks_max_of_seen_tools" time="0.000" /><testcase classname="tests.test_action_pricing" name="test_op_floor_returns_zero_for_empty_log" time="0.000" /><testcase classname="tests.test_action_pricing" name="test_op_floor_handles_unknown_tools" time="0.000" /><testcase classname="tests.test_action_pricing" name="test_pre_flight_preview_threshold_at_200" time="0.000" /><testcase classname="tests.test_advanced_tools.TestVisualDiff" name="test_identical_snapshots_high_similarity" time="0.103" /><testcase classname="tests.test_advanced_tools.TestVisualDiff" name="test_totally_different_snapshots" time="0.000" /><testcase classname="tests.test_advanced_tools.TestVisualDiff" name="test_missing_snapshot" time="0.000" /><testcase classname="tests.test_advanced_tools.TestJSSandbox" name="test_simple_logic_works" time="0.030" /><testcase classname="tests.test_advanced_tools.TestJSSandbox" name="test_cart_logic_works" time="0.029" /><testcase classname="tests.test_advanced_tools.TestJSSandbox" name="test_forbidden_fs_blocked" time="0.000" /><testcase classname="tests.test_advanced_tools.TestJSSandbox" name="test_timeout" time="2.006" /><testcase classname="tests.test_advanced_tools.TestSafeBash" name="test_simple_ls" time="0.004" /><testcase classname="tests.test_advanced_tools.TestSafeBash" name="test_rm_blocked" time="0.000" /><testcase classname="tests.test_advanced_tools.TestSafeBash" name="test_chain_blocked" time="0.000" /><testcase classname="tests.test_advanced_tools.TestSafeBash" name="test_pipe_blocked" time="0.000" /><testcase classname="tests.test_advanced_tools.TestSafeBash" name="test_unknown_command_blocked" time="0.000" /><testcase classname="tests.test_advanced_tools.TestSafeBash" name="test_env_access_blocked" time="0.000" /><testcase classname="tests.test_brain_v2.TestStateMachine" name="test_legal_transitions" time="0.000" /><testcase classname="tests.test_brain_v2.TestStateMachine" name="test_illegal_transitions" time="0.000" /><testcase classname="tests.test_brain_v2.TestStateMachine" name="test_tools_per_state" time="0.000" /><testcase classname="tests.test_brain_v2.TestProjectMemory" name="test_record_decisions" time="0.000" /><testcase classname="tests.test_brain_v2.TestProjectMemory" name="test_forbid_list" time="0.000" /><testcase classname="tests.test_brain_v2.TestProjectMemory" name="test_trust_score_drops_on_lies" time="0.000" /><testcase classname="tests.test_brain_v2.TestProjectMemory" name="test_prompt_block_contains_preferences" time="0.000" /><testcase classname="tests.test_brain_v2.TestProjectMemory" name="test_serialization_roundtrip" time="0.000" /><testcase classname="tests.test_brain_v2.TestDiscovery" name="test_project_type_detection[\u0627\u0628\u0646\u064a \u0644\u064a \u0645\u062a\u062c\u0631 \u0632\u0647\u0648\u0631-ecommerce]" time="0.000" /><testcase classname="tests.test_brain_v2.TestDiscovery" name="test_project_type_detection[\u0623\u0628\u064a \u0645\u062d\u0641\u0638\u0629 \u0645\u0635\u0645\u0645 \u062c\u0631\u0627\u0641\u064a\u0643-portfolio]" time="0.000" /><testcase classname="tests.test_brain_v2.TestDiscovery" name="test_project_type_detection[\u0627\u0628\u0646\u064a \u0635\u0641\u062d\u0629 \u0647\u0628\u0648\u0637 \u0644\u062a\u0637\u0628\u064a\u0642-saas_landing]" time="0.000" /><testcase classname="tests.test_brain_v2.TestDiscovery" name="test_project_type_detection[\u0627\u0628\u0646\u064a \u0645\u0648\u0642\u0639 \u0634\u0631\u0643\u0629-generic]" time="0.000" /><testcase classname="tests.test_brain_v2.TestDiscovery" name="test_question_banks_have_options" time="0.000" /><testcase classname="tests.test_brain_v2.TestDiscovery" name="test_initial_questions_limit" time="0.000" /><testcase classname="tests.test_brain_v2.TestPlanner" name="test_build_plan_ecommerce" time="0.000" /><testcase classname="tests.test_brain_v2.TestPlanner" name="test_plan_cost_estimate" time="0.000" /><testcase classname="tests.test_brain_v2.TestPlanner" name="test_multi_page_intent_from_explicit_pages" time="0.000" /><testcase classname="tests.test_brain_v2.TestPlanner" name="test_multi_page_plan_uses_create_page_not_section" time="0.000" /><testcase classname="tests.test_brain_v2.TestPlanner" name="test_single_page_landing_stays_single" time="0.000" /><testcase classname="tests.test_brain_v2.TestStrictMode" name="test_no_evidence_rejected" time="0.000" /><testcase classname="tests.test_brain_v2.TestStrictMode" name="test_page_created_lie" time="0.000" /><testcase classname="tests.test_brain_v2.TestStrictMode" name="test_page_created_truth" time="0.000" /><testcase classname="tests.test_brain_v2.TestStrictMode" name="test_section_removed_lie" time="0.000" /><testcase classname="tests.test_brain_v2.TestStrictMode" name="test_section_moved_validation" time="0.000" /><testcase classname="tests.test_brain_v2.TestBrainOrchestrator" name="test_initial_state_decision_empty_project" time="0.000" /><testcase classname="tests.test_brain_v2.TestBrainOrchestrator" name="test_initial_state_skip_phrase" time="0.000" /><testcase classname="tests.test_brain_v2.TestBrainOrchestrator" name="test_initial_state_existing_project" time="0.000" /><testcase classname="tests.test_brain_v2.TestBrainOrchestrator" name="test_initial_state_approval_resumes_execution" time="0.000" /><testcase classname="tests.test_brain_v2.TestBrainOrchestrator" name="test_illegal_transition_rejected" time="0.000" /><testcase classname="tests.test_discovery_gate_and_anthropic_fix" name="test_discovery_stage_blocks_construction_tools_at_source" time="0.003" /><testcase classname="tests.test_discovery_gate_and_anthropic_fix" name="test_discovery_gate_is_above_tool_dispatch" time="0.003" /><testcase classname="tests.test_discovery_gate_and_anthropic_fix" name="test_post_write_verification_merges_into_tool_result_not_separate_user_msg" time="0.006" /><testcase classname="tests.test_discovery_gate_and_anthropic_fix" name="test_old_broken_user_text_after_tool_result_pattern_is_removed" time="0.002" /><testcase classname="tests.test_discovery_gate_functional" name="test_discovery_stage_blocks_apply_section" time="0.001" /><testcase classname="tests.test_discovery_gate_functional" name="test_discovery_stage_blocks_create_page" time="0.000" /><testcase classname="tests.test_discovery_gate_functional" name="test_discovery_stage_blocks_write_full_html" time="0.000" /><testcase classname="tests.test_discovery_gate_functional" name="test_visual_skeleton_stage_does_not_trigger_discovery_gate" time="0.000" /><testcase classname="tests.test_discovery_gate_functional" name="test_save_discovery_answer_works_in_discovery_stage" time="0.000" /><testcase classname="tests.test_freebuild_v2.TestFreeBuildV2Start" name="test_start_returns_session_and_greeting" time="0.160"><skipped type="pytest.skip" message="Authentication failed: {&quot;detail&quot;:&quot;IP blocked due to suspicious activity&quot;,&quot;unblock_in_sec&quot;:3184}">/app/backend/tests/test_freebuild_v2.py:62: Authentication failed: {"detail":"IP blocked due to suspicious activity","unblock_in_sec":3184}</skipped></testcase><testcase classname="tests.test_freebuild_v2.TestFreeBuildV2Start" name="test_start_requires_auth" time="0.103" /><testcase classname="tests.test_freebuild_v2.TestFreeBuildV2Chat" name="test_chat_first_turn_quran_site" time="0.000"><skipped type="pytest.skip" message="Authentication failed: {&quot;detail&quot;:&quot;IP blocked due to suspicious activity&quot;,&quot;unblock_in_sec&quot;:3184}">/app/backend/tests/test_freebuild_v2.py:118: Authentication failed: {"detail":"IP blocked due to suspicious activity","unblock_in_sec":3184}</skipped></testcase><testcase classname="tests.test_freebuild_v2.TestFreeBuildV2Chat" name="test_chat_invalid_session" time="0.000"><skipped type="pytest.skip" message="Authentication failed: {&quot;detail&quot;:&quot;IP blocked due to suspicious activity&quot;,&quot;unblock_in_sec&quot;:3184}">/app/backend/tests/test_freebuild_v2.py:141: Authentication failed: {"detail":"IP blocked due to suspicious activity","unblock_in_sec":3184}</skipped></testcase><testcase classname="tests.test_freebuild_v2.TestFreeBuildV2FullConversation" name="test_conversation_has_html_updates" time="0.000"><skipped type="pytest.skip" message="Authentication failed: {&quot;detail&quot;:&quot;IP blocked due to suspicious activity&quot;,&quot;unblock_in_sec&quot;:3184}">/app/backend/tests/test_freebuild_v2.py:220: Authentication failed: {"detail":"IP blocked due to suspicious activity","unblock_in_sec":3184}</skipped></testcase><testcase classname="tests.test_freebuild_v2.TestFreeBuildV2FullConversation" name="test_credits_deducted_correctly" time="0.000"><skipped type="pytest.skip" message="Authentication failed: {&quot;detail&quot;:&quot;IP blocked due to suspicious activity&quot;,&quot;unblock_in_sec&quot;:3184}">/app/backend/tests/test_freebuild_v2.py:226: Authentication failed: {"detail":"IP blocked due to suspicious activity","unblock_in_sec":3184}</skipped></testcase><testcase classname="tests.test_freebuild_v2.TestFreeBuildV2FullConversation" name="test_final_turn_is_done" time="0.000"><skipped type="pytest.skip" message="Authentication failed: {&quot;detail&quot;:&quot;IP blocked due to suspicious activity&quot;,&quot;unblock_in_sec&quot;:3184}">/app/backend/tests/test_freebuild_v2.py:235: Authentication failed: {"detail":"IP blocked due to suspicious activity","unblock_in_sec":3184}</skipped></testcase><testcase classname="tests.test_freebuild_v2.TestFreeBuildV2Preview" name="test_preview_empty_state" time="0.000"><skipped type="pytest.skip" message="Authentication failed: {&quot;detail&quot;:&quot;IP blocked due to suspicious activity&quot;,&quot;unblock_in_sec&quot;:3184}">/app/backend/tests/test_freebuild_v2.py:247: Authentication failed: {"detail":"IP blocked due to suspicious activity","unblock_in_sec":3184}</skipped></testcase><testcase classname="tests.test_freebuild_v2.TestFreeBuildV2Preview" name="test_preview_with_built_html" time="0.000"><skipped type="pytest.skip" message="Authentication failed: {&quot;detail&quot;:&quot;IP blocked due to suspicious activity&quot;,&quot;unblock_in_sec&quot;:3184}">/app/backend/tests/test_freebuild_v2.py:268: Authentication failed: {"detail":"IP blocked due to suspicious activity","unblock_in_sec":3184}</skipped></testcase><testcase classname="tests.test_freebuild_v2.TestFreeBuildV2SaveProject" name="test_save_project" time="0.000"><skipped type="pytest.skip" message="Authentication failed: {&quot;detail&quot;:&quot;IP blocked due to suspicious activity&quot;,&quot;unblock_in_sec&quot;:3184}">/app/backend/tests/test_freebuild_v2.py:344: Authentication failed: {"detail":"IP blocked due to suspicious activity","unblock_in_sec":3184}</skipped></testcase><testcase classname="tests.test_freebuild_v2.TestFreeBuildV2Projects" name="test_list_projects" time="0.000"><skipped type="pytest.skip" message="Authentication failed: {&quot;detail&quot;:&quot;IP blocked due to suspicious activity&quot;,&quot;unblock_in_sec&quot;:3184}">/app/backend/tests/test_freebuild_v2.py:373: Authentication failed: {"detail":"IP blocked due to suspicious activity","unblock_in_sec":3184}</skipped></testcase><testcase classname="tests.test_freebuild_v2.TestFreeBuildV2ProjectPreview" name="test_project_preview_invalid_id" time="0.101"><failure message="assert 403 == 404&#10; +  where 403 = &lt;Response [403]&gt;.status_code">tests/test_freebuild_v2.py:402: in test_project_preview_invalid_id
    assert response.status_code == 404
E   assert 403 == 404
E    +  where 403 = &lt;Response [403]&gt;.status_code</failure></testcase><testcase classname="tests.test_freebuild_v2.TestFreeBuildV2Refine" name="test_refine_invalid_project" time="0.000"><skipped type="pytest.skip" message="Authentication failed: {&quot;detail&quot;:&quot;IP blocked due to suspicious activity&quot;,&quot;unblock_in_sec&quot;:3184}">/app/backend/tests/test_freebuild_v2.py:409: Authentication failed: {"detail":"IP blocked due to suspicious activity","unblock_in_sec":3184}</skipped></testcase><testcase classname="tests.test_freebuild_v2.TestFreeBuildV2Delete" name="test_delete_invalid_project" time="0.000"><skipped type="pytest.skip" message="Authentication failed: {&quot;detail&quot;:&quot;IP blocked due to suspicious activity&quot;,&quot;unblock_in_sec&quot;:3184}">/app/backend/tests/test_freebuild_v2.py:426: Authentication failed: {"detail":"IP blocked due to suspicious activity","unblock_in_sec":3184}</skipped></testcase><testcase classname="tests.test_freebuild_v2.TestFreeBuildV2EndToEnd" name="test_full_lifecycle" time="0.000"><skipped type="pytest.skip" message="Authentication failed: {&quot;detail&quot;:&quot;IP blocked due to suspicious activity&quot;,&quot;unblock_in_sec&quot;:3184}">/app/backend/tests/test_freebuild_v2.py:439: Authentication failed: {"detail":"IP blocked due to suspicious activity","unblock_in_sec":3184}</skipped></testcase><testcase classname="tests.test_workflow_autoadvance_and_banner" name="test_auto_advance_logic_in_source" time="0.002" /><testcase classname="tests.test_workflow_autoadvance_and_banner" name="test_stage_banner_in_addendum_assembly" time="0.005" /><testcase classname="tests.test_workflow_autoadvance_and_banner" name="test_save_discovery_answer_returns_progress_with_required_count" time="0.001" /><testcase classname="tests.test_workflow_autoadvance_and_banner" name="test_old_8_progress_pattern_removed" time="0.001" /><testcase classname="tests.test_workflow_autoadvance_and_banner" name="test_functional_auto_advance_on_fourth_required_key" time="0.000" /><testcase classname="tests.test_workflow_autoadvance_and_banner" name="test_functional_no_auto_advance_with_only_three_required" time="0.000" /><testcase classname="tests.test_workflow_autoadvance_and_banner" name="test_functional_optional_key_does_not_trigger_advance" time="0.000" /><testcase classname="tests.test_workflow_autoadvance_and_banner" name="test_functional_invalid_key_rejected" time="0.000" /><testcase classname="tests.test_workflow_autoadvance_and_banner" name="test_functional_empty_value_rejected" time="0.000" /><testcase classname="tests.test_workflow_engine" name="test_discovery_has_exactly_8_questions" time="0.000" /><testcase classname="tests.test_workflow_engine" name="test_discovery_keys_are_unique" time="0.000" /><testcase classname="tests.test_workflow_engine" name="test_each_question_has_arabic_text" time="0.000" /><testcase classname="tests.test_workflow_engine" name="test_empty_project_starts_in_discovery" time="0.000" /><testcase classname="tests.test_workflow_engine" name="test_project_with_existing_content_starts_in_surgical" time="0.000" /><testcase classname="tests.test_workflow_engine" name="test_project_with_pages_dict_starts_in_surgical" time="0.000" /><testcase classname="tests.test_workflow_engine" name="test_existing_state_is_preserved" time="0.000" /><testcase classname="tests.test_workflow_engine" name="test_defaults_fill_missing_keys" time="0.000" /><testcase classname="tests.test_workflow_engine" name="test_discovery_incomplete_when_no_answers" time="0.000" /><testcase classname="tests.test_workflow_engine" name="test_discovery_incomplete_when_partial" time="0.000" /><testcase classname="tests.test_workflow_engine" name="test_discovery_complete_when_all_required_topics_answered" time="0.000" /><testcase classname="tests.test_workflow_engine" name="test_cannot_advance_to_visual_skeleton_with_incomplete_discovery" time="0.000" /><testcase classname="tests.test_workflow_engine" name="test_can_advance_to_visual_skeleton_with_full_discovery" time="0.000" /><testcase classname="tests.test_workflow_engine" name="test_cannot_skip_visual_skeleton_to_wiring" time="0.000" /><testcase classname="tests.test_workflow_engine" name="test_cannot_advance_to_wiring_without_pages" time="0.000" /><testcase classname="tests.test_workflow_engine" name="test_can_advance_to_wiring_with_pages" time="0.000" /><testcase classname="tests.test_workflow_engine" name="test_cannot_advance_to_surgical_with_unwired_pages" time="0.000" /><testcase classname="tests.test_workflow_engine" name="test_can_advance_to_surgical_when_all_wired" time="0.000" /><testcase classname="tests.test_workflow_engine" name="test_invalid_target_stage_rejected" time="0.000" /><testcase classname="tests.test_workflow_engine" name="test_discovery_addendum_lists_remaining_questions" time="0.000" /><testcase classname="tests.test_workflow_engine" name="test_discovery_addendum_omits_already_answered" time="0.000" /><testcase classname="tests.test_workflow_engine" name="test_visual_skeleton_addendum_keeps_buttons_inert_but_nav_works" time="0.000" /><testcase classname="tests.test_workflow_engine" name="test_wiring_addendum_focuses_on_one_page" time="0.000" /><testcase classname="tests.test_workflow_engine" name="test_surgical_addendum_lists_alternatives" time="0.000" /><testcase classname="tests.test_workflow_engine" name="test_stage_labels_are_arabic[discovery-\u0627\u0643\u062a\u0634\u0627\u0641]" time="0.000" /><testcase classname="tests.test_workflow_engine" name="test_stage_labels_are_arabic[visual_skeleton-\u0628\u0635\u0631\u064a]" time="0.000" /><testcase classname="tests.test_workflow_engine" name="test_stage_labels_are_arabic[wiring-\u062a\u0641\u0639\u064a\u0644]" time="0.000" /><testcase classname="tests.test_workflow_engine" name="test_stage_labels_are_arabic[surgical_edit-\u062c\u0631\u0627\u062d]" time="0.000" /><testcase classname="tests.test_workflow_engine" name="test_workflow_tools_are_registered_in_schema" time="0.001" /><testcase classname="tests.test_workflow_engine" name="test_workflow_state_persistence_in_agent" time="0.002" /><testcase classname="tests.test_workflow_engine" name="test_workflow_addendum_injected_into_both_provider_prompts" time="0.001" /><testcase classname="tests.test_workflow_tools" name="test_workflow_schemas_registered" time="0.000" /><testcase classname="tests.test_workflow_tools" name="test_workflow_labels_registered" time="0.000" /><testcase classname="tests.test_workflow_tools" name="test_workflow_tools_are_async" time="0.073" /><testcase classname="tests.test_workflow_tools" name="test_ask_user_inline_returns_sentinel" time="0.004" /><testcase classname="tests.test_workflow_tools" name="test_ask_user_inline_accepts_rich_options" time="0.004" /><testcase classname="tests.test_workflow_tools" name="test_ask_user_inline_rejects_short_options" time="0.004" /><testcase classname="tests.test_workflow_tools" name="test_ask_user_inline_caps_at_6_options" time="0.004" /><testcase classname="tests.test_workflow_tools" name="test_plan_task_persists" time="0.005" /><testcase classname="tests.test_workflow_tools" name="test_plan_task_rejects_too_few_steps" time="0.004" /><testcase classname="tests.test_workflow_tools" name="test_plan_task_caps_steps" time="0.004" /><testcase classname="tests.test_workflow_tools" name="test_delegate_role_prompts_complete" time="0.000" /><testcase classname="tests.test_workflow_tools" name="test_delegate_rejects_unknown_role" time="0.004" /><testcase classname="tests.test_workflow_tools" name="test_delegate_rejects_short_task" time="0.004" /><testcase classname="tests.test_workflow_tools" name="test_delegate_calls_real_anthropic" time="5.227" /></testsuite></testsuites>