<?xml version="1.0" encoding="utf-8"?><testsuites name="pytest tests"><testsuite name="pytest" errors="9" failures="0" skipped="0" tests="9" time="2.639" timestamp="2026-06-28T10:49:04.636685+00:00" hostname="agent-env-3a013e4b-c104-42fa-8ce0-ea6053aacb6b"><testcase classname="backend.tests.test_continuation_app_wizard.TestAppProvidersCatalog" name="test_catalog_returns_11_providers" time="1.145"><error message="failed on setup with &quot;AssertionError: Login failed: 401 {&quot;detail&quot;:&quot;Invalid credentials&quot;}&#10;assert 401 == 200&#10; +  where 401 = &lt;Response [401]&gt;.status_code&quot;">backend/tests/test_continuation_app_wizard.py:35: in auth_session
    assert r.status_code == 200, f"Login failed: {r.status_code} {r.text}"
E   AssertionError: Login failed: 401 {"detail":"Invalid credentials"}
E   assert 401 == 200
E    +  where 401 = &lt;Response [401]&gt;.status_code</error></testcase><testcase classname="backend.tests.test_continuation_app_wizard.TestAppProvidersCatalog" name="test_catalog_includes_zip_upload" time="0.001"><error message="failed on setup with &quot;AssertionError: Login failed: 401 {&quot;detail&quot;:&quot;Invalid credentials&quot;}&#10;assert 401 == 200&#10; +  where 401 = &lt;Response [401]&gt;.status_code&quot;">backend/tests/test_continuation_app_wizard.py:35: in auth_session
    assert r.status_code == 200, f"Login failed: {r.status_code} {r.text}"
E   AssertionError: Login failed: 401 {"detail":"Invalid credentials"}
E   assert 401 == 200
E    +  where 401 = &lt;Response [401]&gt;.status_code</error></testcase><testcase classname="backend.tests.test_continuation_app_wizard.TestAppProjectInitialState" name="test_get_setup_state_is_stack" time="0.002"><error message="failed on setup with &quot;AssertionError: Login failed: 401 {&quot;detail&quot;:&quot;Invalid credentials&quot;}&#10;assert 401 == 200&#10; +  where 401 = &lt;Response [401]&gt;.status_code&quot;">backend/tests/test_continuation_app_wizard.py:35: in auth_session
    assert r.status_code == 200, f"Login failed: {r.status_code} {r.text}"
E   AssertionError: Login failed: 401 {"detail":"Invalid credentials"}
E   assert 401 == 200
E    +  where 401 = &lt;Response [401]&gt;.status_code</error></testcase><testcase classname="backend.tests.test_continuation_app_wizard.TestSaveStack" name="test_save_stack_advances_to_provider" time="0.003"><error message="failed on setup with &quot;AssertionError: Login failed: 401 {&quot;detail&quot;:&quot;Invalid credentials&quot;}&#10;assert 401 == 200&#10; +  where 401 = &lt;Response [401]&gt;.status_code&quot;">backend/tests/test_continuation_app_wizard.py:35: in auth_session
    assert r.status_code == 200, f"Login failed: {r.status_code} {r.text}"
E   AssertionError: Login failed: 401 {"detail":"Invalid credentials"}
E   assert 401 == 200
E    +  where 401 = &lt;Response [401]&gt;.status_code</error></testcase><testcase classname="backend.tests.test_continuation_app_wizard.TestSaveStack" name="test_save_stack_rejects_missing_app_kind" time="0.003"><error message="failed on setup with &quot;AssertionError: Login failed: 401 {&quot;detail&quot;:&quot;Invalid credentials&quot;}&#10;assert 401 == 200&#10; +  where 401 = &lt;Response [401]&gt;.status_code&quot;">backend/tests/test_continuation_app_wizard.py:35: in auth_session
    assert r.status_code == 200, f"Login failed: {r.status_code} {r.text}"
E   AssertionError: Login failed: 401 {"detail":"Invalid credentials"}
E   assert 401 == 200
E    +  where 401 = &lt;Response [401]&gt;.status_code</error></testcase><testcase classname="backend.tests.test_continuation_app_wizard.TestSiteBackcompat" name="test_site_project_initial_state_is_url" time="0.001"><error message="failed on setup with &quot;AssertionError: Login failed: 401 {&quot;detail&quot;:&quot;Invalid credentials&quot;}&#10;assert 401 == 200&#10; +  where 401 = &lt;Response [401]&gt;.status_code&quot;">backend/tests/test_continuation_app_wizard.py:35: in auth_session
    assert r.status_code == 200, f"Login failed: {r.status_code} {r.text}"
E   AssertionError: Login failed: 401 {"detail":"Invalid credentials"}
E   assert 401 == 200
E    +  where 401 = &lt;Response [401]&gt;.status_code</error></testcase><testcase classname="backend.tests.test_continuation_app_wizard.TestSiteBackcompat" name="test_save_stack_on_site_project_rejected" time="0.001"><error message="failed on setup with &quot;AssertionError: Login failed: 401 {&quot;detail&quot;:&quot;Invalid credentials&quot;}&#10;assert 401 == 200&#10; +  where 401 = &lt;Response [401]&gt;.status_code&quot;">backend/tests/test_continuation_app_wizard.py:35: in auth_session
    assert r.status_code == 200, f"Login failed: {r.status_code} {r.text}"
E   AssertionError: Login failed: 401 {"detail":"Invalid credentials"}
E   assert 401 == 200
E    +  where 401 = &lt;Response [401]&gt;.status_code</error></testcase><testcase classname="backend.tests.test_continuation_app_wizard.TestAppFullFlow" name="test_select_provider_github" time="0.001"><error message="failed on setup with &quot;AssertionError: Login failed: 401 {&quot;detail&quot;:&quot;Invalid credentials&quot;}&#10;assert 401 == 200&#10; +  where 401 = &lt;Response [401]&gt;.status_code&quot;">backend/tests/test_continuation_app_wizard.py:35: in auth_session
    assert r.status_code == 200, f"Login failed: {r.status_code} {r.text}"
E   AssertionError: Login failed: 401 {"detail":"Invalid credentials"}
E   assert 401 == 200
E    +  where 401 = &lt;Response [401]&gt;.status_code</error></testcase><testcase classname="backend.tests.test_continuation_app_wizard.TestAppFullFlow" name="test_save_credential_advances" time="0.000"><error message="failed on setup with &quot;AssertionError: Login failed: 401 {&quot;detail&quot;:&quot;Invalid credentials&quot;}&#10;assert 401 == 200&#10; +  where 401 = &lt;Response [401]&gt;.status_code&quot;">backend/tests/test_continuation_app_wizard.py:35: in auth_session
    assert r.status_code == 200, f"Login failed: {r.status_code} {r.text}"
E   AssertionError: Login failed: 401 {"detail":"Invalid credentials"}
E   assert 401 == 200
E    +  where 401 = &lt;Response [401]&gt;.status_code</error></testcase></testsuite></testsuites>