<?xml version="1.0" encoding="utf-8"?><testsuites name="pytest tests"><testsuite name="pytest" errors="0" failures="0" skipped="0" tests="77" time="2.708" timestamp="2026-06-23T22:28:50.859947+00:00" hostname="agent-env-3a013e4b-c104-42fa-8ce0-ea6053aacb6b"><testcase classname="backend.tests.test_surgical_fixes.TestClassifyUserIntent" name="test_move_section_existing_project_is_surgical" time="0.000" /><testcase classname="backend.tests.test_surgical_fixes.TestClassifyUserIntent" name="test_explicit_rebuild_from_scratch_is_new_build" time="0.000" /><testcase classname="backend.tests.test_surgical_fixes.TestClassifyUserIntent" name="test_kammil_on_existing_project_is_surgical" time="0.000" /><testcase classname="backend.tests.test_surgical_fixes.TestClassifyUserIntent" name="test_delete_everything_and_restart_is_new_build" time="0.000" /><testcase classname="backend.tests.test_surgical_fixes.TestClassifyUserIntent" name="test_empty_project_is_new_build" time="0.000" /><testcase classname="backend.tests.test_surgical_fixes.TestClassifyUserIntent" name="test_empty_project_even_with_surgical_words_is_new_build" time="0.000" /><testcase classname="backend.tests.test_surgical_fixes.TestClassifyUserIntent" name="test_english_rebuild_marker" time="0.000" /><testcase classname="backend.tests.test_surgical_fixes.TestClassifyUserIntent" name="test_random_edit_request_defaults_to_surgical" time="0.000" /><testcase classname="backend.tests.test_surgical_fixes.TestSurgicalHardBlock" name="test_write_full_html_blocked_for_surgical_with_content" time="0.000" /><testcase classname="backend.tests.test_surgical_fixes.TestSurgicalHardBlock" name="test_write_full_html_NOT_blocked_for_new_build" time="0.000" /><testcase classname="backend.tests.test_surgical_fixes.TestSurgicalHardBlock" name="test_write_full_html_NOT_blocked_when_project_is_empty" time="0.000" /><testcase classname="backend.tests.test_surgical_fixes.TestSurgicalHardBlock" name="test_write_full_html_NOT_blocked_when_html_too_short" time="0.000" /><testcase classname="backend.tests.test_surgical_fixes.TestSurgicalHardBlock" name="test_hardblock_logic_present_in_source" time="0.005" /><testcase classname="backend.tests.test_surgical_fixes.TestPostWriteVerification" name="test_list_sections_returns_all_ids_including_duplicates" time="0.001" /><testcase classname="backend.tests.test_surgical_fixes.TestPostWriteVerification" name="test_duplicate_id_detection_via_counter" time="0.000" /><testcase classname="backend.tests.test_surgical_fixes.TestPostWriteVerification" name="test_no_duplicates_on_clean_html" time="0.000" /><testcase classname="backend.tests.test_surgical_fixes.TestPostWriteVerification" name="test_near_duplicate_heading_detection" time="0.063" /><testcase classname="backend.tests.test_surgical_fixes.TestPostWriteVerification" name="test_verification_message_contains_required_phrase" time="0.000" /><testcase classname="backend.tests.test_surgical_fixes.TestPostWriteVerification" name="test_post_write_logic_present_in_source" time="0.002" /><testcase classname="backend.tests.test_surgical_fixes.TestMultiPageNudge" name="test_multi_page_with_kammil_triggers_nudge" time="0.000" /><testcase classname="backend.tests.test_surgical_fixes.TestMultiPageNudge" name="test_single_page_project_does_NOT_trigger_nudge" time="0.000" /><testcase classname="backend.tests.test_surgical_fixes.TestMultiPageNudge" name="test_multi_page_without_page_word_no_nudge" time="0.000" /><testcase classname="backend.tests.test_surgical_fixes.TestMultiPageNudge" name="test_op_replace_does_NOT_trigger_nudge" time="0.000" /><testcase classname="backend.tests.test_surgical_fixes.TestMultiPageNudge" name="test_nudge_logic_present_in_source" time="0.001" /><testcase classname="backend.tests.test_surgical_fixes.TestSurgicalEditMicroPrompt" name="test_prompt_constant_exists" time="0.000" /><testcase classname="backend.tests.test_surgical_fixes.TestSurgicalEditMicroPrompt" name="test_prompt_contains_multi_page_awareness" time="0.000" /><testcase classname="backend.tests.test_surgical_fixes_v2.TestBlankPageDetector" name="test_source_contains_blank_page_detector_strings" time="0.001" /><testcase classname="backend.tests.test_surgical_fixes_v2.TestBlankPageDetector" name="test_skeleton_contains_scaffold_placeholder_marker" time="0.000" /><testcase classname="backend.tests.test_surgical_fixes_v2.TestBlankPageDetector" name="test_skeleton_contains_working_back_link" time="0.000" /><testcase classname="backend.tests.test_surgical_fixes_v2.TestBlankPageDetector" name="test_skeleton_includes_title_and_arabic_breadcrumb" time="0.000" /><testcase classname="backend.tests.test_surgical_fixes_v2.TestBlankPageDetector" name="test_create_page_default_skeleton_triggers_detector_logic" time="0.007" /><testcase classname="backend.tests.test_surgical_fixes_v2.TestBlankPageDetector" name="test_detector_force_tool_use_flag_set" time="0.001" /><testcase classname="backend.tests.test_surgical_fixes_v2.TestOrphanPageDetector" name="test_source_contains_orphan_detector_strings" time="0.001" /><testcase classname="backend.tests.test_surgical_fixes_v2.TestOrphanPageDetector" name="test_orphan_logic_back_link_missing" time="0.000" /><testcase classname="backend.tests.test_surgical_fixes_v2.TestOrphanPageDetector" name="test_orphan_logic_index_not_linking_to_new" time="0.000" /><testcase classname="backend.tests.test_surgical_fixes_v2.TestOrphanPageDetector" name="test_create_page_auto_wire_prevents_orphan" time="0.002" /><testcase classname="backend.tests.test_surgical_fixes_v2.TestOrphanPageDetector" name="test_skeleton_creation_includes_back_link" time="0.001" /><testcase classname="backend.tests.test_surgical_fixes_v2.TestDesignDestructionGuard" name="test_source_contains_guard_label_and_thresholds" time="0.001" /><testcase classname="backend.tests.test_surgical_fixes_v2.TestDesignDestructionGuard" name="test_guard_fires_when_new_html_too_large" time="0.000" /><testcase classname="backend.tests.test_surgical_fixes_v2.TestDesignDestructionGuard" name="test_guard_fires_when_new_html_too_small" time="0.000" /><testcase classname="backend.tests.test_surgical_fixes_v2.TestDesignDestructionGuard" name="test_guard_does_NOT_fire_within_ratio_window" time="0.000" /><testcase classname="backend.tests.test_surgical_fixes_v2.TestDesignDestructionGuard" name="test_guard_does_NOT_fire_when_existing_section_short" time="0.000" /><testcase classname="backend.tests.test_surgical_fixes_v2.TestDesignDestructionGuard" name="test_guard_does_NOT_fire_for_new_build_intent" time="0.000" /><testcase classname="backend.tests.test_surgical_fixes_v2.TestDesignDestructionGuard" name="test_guard_does_NOT_fire_for_op_append" time="0.000" /><testcase classname="backend.tests.test_surgical_fixes_v2.TestDesignDestructionGuard" name="test_guard_block_message_has_required_phrases" time="0.001" /><testcase classname="backend.tests.test_surgical_fixes_v2.TestListSectionsHonoursPageArg" name="test_list_sections_returns_target_page_sections" time="0.000" /><testcase classname="backend.tests.test_surgical_fixes_v2.TestListSectionsHonoursPageArg" name="test_list_sections_no_page_arg_uses_active_page" time="0.000" /><testcase classname="backend.tests.test_surgical_fixes_v2.TestListSectionsHonoursPageArg" name="test_list_sections_unknown_page_falls_back_to_current" time="0.000" /><testcase classname="backend.tests.test_surgical_fixes_v2.TestBackwardsCompat" name="test_iteration1_markers_still_in_source" time="0.001" /><testcase classname="backend.tests.test_surgical_fixes_v2.TestBackwardsCompat" name="test_classify_user_intent_still_surgical_first" time="0.000" /><testcase classname="backend.tests.test_ai_mode" name="test_classify_phase[\u0627\u0628\u0646\u064a \u0645\u0648\u0642\u0639 \u0645\u062a\u062c\u0631 \u0625\u0644\u0643\u062a\u0631\u0648\u0646\u064a-project0-first_design]" time="0.000" /><testcase classname="backend.tests.test_ai_mode" name="test_classify_phase[\u0633\u0648\u0651\u064a \u0644\u064a \u062a\u0637\u0628\u064a\u0642 \u0645\u062d\u0627\u062f\u062b\u0627\u062a-project1-first_design]" time="0.000" /><testcase classname="backend.tests.test_ai_mode" name="test_classify_phase[Create a SaaS landing page-project2-first_design]" time="0.000" /><testcase classname="backend.tests.test_ai_mode" name="test_classify_phase[\u0627\u0628\u062f\u0623-project3-first_design]" time="0.000" /><testcase classname="backend.tests.test_ai_mode" name="test_classify_phase[\u0627\u062d\u0630\u0641 \u0642\u0633\u0645 newsletter-project4-surgical]" time="0.000" /><testcase classname="backend.tests.test_ai_mode" name="test_classify_phase[\u063a\u064a\u0651\u0631 \u0627\u0644\u0644\u0648\u0646 \u0644\u0644\u0623\u062d\u0645\u0631-project5-surgical]" time="0.000" /><testcase classname="backend.tests.test_ai_mode" name="test_classify_phase[\u0643\u0645\u0651\u0644 \u0627\u0644\u0623\u0642\u0633\u0627\u0645-project6-surgical]" time="0.000" /><testcase classname="backend.tests.test_ai_mode" name="test_classify_phase[\u0645\u0646 \u0627\u0644\u0635\u0641\u0631 \u0627\u0639\u062f \u0628\u0646\u0627\u0621 \u0627\u0644\u0645\u0648\u0642\u0639-project7-first_design]" time="0.000" /><testcase classname="backend.tests.test_ai_mode" name="test_classify_phase[rebuild from scratch-project8-first_design]" time="0.000" /><testcase classname="backend.tests.test_ai_mode" name="test_classify_phase[\u0627\u062d\u0630\u0641 \u0643\u0644 \u0634\u064a \u0648\u0627\u0628\u062f\u0623 \u0645\u0646 \u062c\u062f\u064a\u062f-project9-first_design]" time="0.000" /><testcase classname="backend.tests.test_ai_mode" name="test_claude_only_always_picks_claude" time="0.000" /><testcase classname="backend.tests.test_ai_mode" name="test_hybrid_first_design_picks_gpt" time="0.000" /><testcase classname="backend.tests.test_ai_mode" name="test_hybrid_surgical_picks_claude" time="0.000" /><testcase classname="backend.tests.test_ai_mode" name="test_hybrid_falls_back_to_claude_when_no_openai_key" time="0.000" /><testcase classname="backend.tests.test_ai_mode" name="test_describe_choice_hybrid_gpt" time="0.000" /><testcase classname="backend.tests.test_ai_mode" name="test_describe_choice_claude_default" time="0.000" /><testcase classname="backend.tests.test_ai_mode" name="test_valid_modes_contains_both" time="0.000" /><testcase classname="backend.tests.test_ai_mode" name="test_default_mode_is_claude_only" time="0.001" /><testcase classname="backend.tests.test_ai_mode" name="test_gpt_model_is_latest" time="0.000" /><testcase classname="backend.tests.test_admin_ai_mode_http" name="test_get_ai_mode_returns_mode_and_valid_modes" time="0.542" /><testcase classname="backend.tests.test_admin_ai_mode_http" name="test_put_ai_mode_hybrid_then_get_persists" time="0.465" /><testcase classname="backend.tests.test_admin_ai_mode_http" name="test_put_ai_mode_invalid_returns_400" time="0.142" /><testcase classname="backend.tests.test_admin_ai_mode_http" name="test_put_ai_mode_no_auth_returns_401_or_403" time="0.112" /><testcase classname="backend.tests.test_admin_ai_mode_http" name="test_get_ai_mode_no_auth_returns_401_or_403" time="0.111" /><testcase classname="backend.tests.test_admin_ai_mode_http" name="test_get_ai_mode_non_admin_returns_403" time="0.462" /><testcase classname="backend.tests.test_admin_ai_mode_http" name="test_put_ai_mode_non_admin_returns_403" time="0.122" /><testcase classname="backend.tests.test_admin_ai_mode_http" name="test_zz_reset_to_claude_only" time="0.228" /></testsuite></testsuites>