<?xml version="1.0" encoding="utf-8"?><testsuites name="pytest tests"><testsuite name="pytest" errors="0" failures="4" skipped="0" tests="82" time="32.131" timestamp="2026-06-24T06:35:41.539237+00:00" hostname="agent-env-3a013e4b-c104-42fa-8ce0-ea6053aacb6b"><testcase classname="backend.tests.test_intent_scope_fix" name="test_classifier_runs_before_provider_branch" time="0.004" /><testcase classname="backend.tests.test_intent_scope_fix" name="test_intent_assigned_outside_provider_branch" time="0.003" /><testcase classname="backend.tests.test_intent_scope_fix" name="test_has_content_assigned_outside_provider_branch" time="0.004" /><testcase classname="backend.tests.test_intent_scope_fix" name="test_fallback_values_set_on_classifier_exception" time="0.003" /><testcase classname="backend.tests.test_intent_scope_fix" name="test_no_duplicate_intent_assignment_inside_anthropic_branch" time="0.004" /><testcase classname="backend.tests.test_surgical_fixes_v2.TestBlankPageDetector" name="test_source_contains_blank_page_detector_strings" time="0.004" /><testcase classname="backend.tests.test_surgical_fixes_v2.TestBlankPageDetector" name="test_skeleton_contains_scaffold_placeholder_marker" time="0.000" /><testcase classname="backend.tests.test_surgical_fixes_v2.TestBlankPageDetector" name="test_skeleton_contains_working_back_link" time="0.000" /><testcase classname="backend.tests.test_surgical_fixes_v2.TestBlankPageDetector" name="test_skeleton_includes_title_and_arabic_breadcrumb" time="0.000" /><testcase classname="backend.tests.test_surgical_fixes_v2.TestBlankPageDetector" name="test_create_page_default_skeleton_triggers_detector_logic" time="0.074" /><testcase classname="backend.tests.test_surgical_fixes_v2.TestBlankPageDetector" name="test_detector_force_tool_use_flag_set" time="0.001" /><testcase classname="backend.tests.test_surgical_fixes_v2.TestOrphanPageDetector" name="test_source_contains_orphan_detector_strings" time="0.001" /><testcase classname="backend.tests.test_surgical_fixes_v2.TestOrphanPageDetector" name="test_orphan_logic_back_link_missing" time="0.000" /><testcase classname="backend.tests.test_surgical_fixes_v2.TestOrphanPageDetector" name="test_orphan_logic_index_not_linking_to_new" time="0.000" /><testcase classname="backend.tests.test_surgical_fixes_v2.TestOrphanPageDetector" name="test_create_page_auto_wire_prevents_orphan" time="0.002" /><testcase classname="backend.tests.test_surgical_fixes_v2.TestOrphanPageDetector" name="test_skeleton_creation_includes_back_link" time="0.001" /><testcase classname="backend.tests.test_surgical_fixes_v2.TestDesignDestructionGuard" name="test_source_contains_guard_label_and_thresholds" time="0.006"><failure message="assert 'design_destruction_guard_block' in '&quot;&quot;&quot;\nFreeBuild Tool-Using Agent\n═══════════════════════════════════════════════════════════════════════════════\nSame architecture as the platform agent (Claude). The AI gets real tools it\ncan call iteratively, sees actual state, fixes its own mistakes, and only\nstops when the site is verified working.\n\nTools exposed to Claude:\n  • read_current_html()         — get current_html bytes + structure summary\n  • list_sections()             — list all &lt;section id&gt; + content sizes\n  • write_full_html(html)       — replace current_html (with drift safety)\n  • apply_section(id, html, op) — surgical append/replace of a section\n  • update_nav(items)           — rewrite the &lt;nav&gt; link list\n  • validate_html()             — run comprehensive validation, return issues\n  • search_html(pattern)        — regex search within current_html\n  • finish(summary)             — end the agent loop and reply to user\n&quot;&quot;&quot;\n\nfrom __future__ import annotations\nimport asyncio\nimport json\nimport logging\nimport os\nimport re\nimport uuid\nfrom datetime import datetime, timezone\nfrom typing import Any, AsyncGenerator, Dict, List, Optional\n\nlogger = logging.getLogger(__name__)\n\n# Reuse help...nd _res.get(&quot;ok&quot;):\n                    credits_charged = int(_res.get(&quot;credits_used&quot;) or 0)\n                elif _res and _res.get(&quot;error&quot;) == &quot;no_credits&quot;:\n                    no_credits_after = True\n    except Exception as _ce:\n        logger.warning(f&quot;[agent-stream] credit deduction failed: {_ce}&quot;)\n\n    yield _sse(&quot;done&quot;, {\n        &quot;summary&quot;: summary,\n        &quot;options&quot;: options,\n        &quot;inline_images&quot;: inline_images,\n        &quot;inline_audio&quot;: inline_audio,\n        &quot;inline_video&quot;: inline_video,\n        &quot;iterations&quot;: iterations,\n        &quot;model_used&quot;: model_used,\n        &quot;html_updated&quot;: ctx.changes_made &gt; 0,\n        &quot;tool_log&quot;: ctx.tool_log,\n        &quot;tokens_in&quot;: turn_tokens_in,\n        &quot;tokens_out&quot;: turn_tokens_out,\n        &quot;credits_charged&quot;: credits_charged,\n        &quot;credits_capped&quot;: capped,\n        &quot;credits_cap&quot;: MAX_TURN_CREDITS,\n        &quot;op_floor_credits&quot;: op_floor_used,\n        &quot;auto_refunded&quot;: auto_refunded,\n        &quot;no_credits_after&quot;: no_credits_after,\n    })\n\n    # Persist to DB happens at the endpoint level (we return ctx via closure helpers below)\n    # We attach the final state to the generator via a side-channel — see endpoint.\n    return\n'">E   assert 'design_destruction_guard_block' in '"""\nFreeBuild Tool-Using Agent\n═══════════════════════════════════════════════════════════════════════════════\nSame architecture as the platform agent (Claude). The AI gets real tools it\ncan call iteratively, sees actual state, fixes its own mistakes, and only\nstops when the site is verified working.\n\nTools exposed to Claude:\n  • read_current_html()         — get current_html bytes + structure summary\n  • list_sections()             — list all &lt;section id&gt; + content sizes\n  • write_full_html(html)       — replace current_html (with drift safety)\n  • apply_section(id, html, op) — surgical append/replace of a section\n  • update_nav(items)           — rewrite the &lt;nav&gt; link list\n  • validate_html()             — run comprehensive validation, return issues\n  • search_html(pattern)        — regex search within current_html\n  • finish(summary)             — end the agent loop and reply to user\n"""\n\nfrom __future__ import annotations\nimport asyncio\nimport json\nimport logging\nimport os\nimport re\nimport uuid\nfrom datetime import datetime, timezone\nfrom typing import Any, AsyncGenerator, Dict, List, Optional\n\nlogger = logging.getLogger(__name__)\n\n# Reuse help...nd _res.get("ok"):\n                    credits_charged = int(_res.get("credits_used") or 0)\n                elif _res and _res.get("error") == "no_credits":\n                    no_credits_after = True\n    except Exception as _ce:\n        logger.warning(f"[agent-stream] credit deduction failed: {_ce}")\n\n    yield _sse("done", {\n        "summary": summary,\n        "options": options,\n        "inline_images": inline_images,\n        "inline_audio": inline_audio,\n        "inline_video": inline_video,\n        "iterations": iterations,\n        "model_used": model_used,\n        "html_updated": ctx.changes_made &gt; 0,\n        "tool_log": ctx.tool_log,\n        "tokens_in": turn_tokens_in,\n        "tokens_out": turn_tokens_out,\n        "credits_charged": credits_charged,\n        "credits_capped": capped,\n        "credits_cap": MAX_TURN_CREDITS,\n        "op_floor_credits": op_floor_used,\n        "auto_refunded": auto_refunded,\n        "no_credits_after": no_credits_after,\n    })\n\n    # Persist to DB happens at the endpoint level (we return ctx via closure helpers below)\n    # We attach the final state to the generator via a side-channel — see endpoint.\n    return\n'</failure></testcase><testcase classname="backend.tests.test_surgical_fixes_v2.TestDesignDestructionGuard" name="test_guard_fires_when_new_html_too_large" time="0.000" /><testcase classname="backend.tests.test_surgical_fixes_v2.TestDesignDestructionGuard" name="test_guard_fires_when_new_html_too_small" time="0.000" /><testcase classname="backend.tests.test_surgical_fixes_v2.TestDesignDestructionGuard" name="test_guard_does_NOT_fire_within_ratio_window" time="0.000" /><testcase classname="backend.tests.test_surgical_fixes_v2.TestDesignDestructionGuard" name="test_guard_does_NOT_fire_when_existing_section_short" time="0.000" /><testcase classname="backend.tests.test_surgical_fixes_v2.TestDesignDestructionGuard" name="test_guard_does_NOT_fire_for_new_build_intent" time="0.000" /><testcase classname="backend.tests.test_surgical_fixes_v2.TestDesignDestructionGuard" name="test_guard_does_NOT_fire_for_op_append" time="0.000" /><testcase classname="backend.tests.test_surgical_fixes_v2.TestDesignDestructionGuard" name="test_guard_block_message_has_required_phrases" time="0.001" /><testcase classname="backend.tests.test_surgical_fixes_v2.TestListSectionsHonoursPageArg" name="test_list_sections_returns_target_page_sections" time="0.000" /><testcase classname="backend.tests.test_surgical_fixes_v2.TestListSectionsHonoursPageArg" name="test_list_sections_no_page_arg_uses_active_page" time="0.000" /><testcase classname="backend.tests.test_surgical_fixes_v2.TestListSectionsHonoursPageArg" name="test_list_sections_unknown_page_falls_back_to_current" time="0.001" /><testcase classname="backend.tests.test_surgical_fixes_v2.TestBackwardsCompat" name="test_iteration1_markers_still_in_source" time="0.002" /><testcase classname="backend.tests.test_surgical_fixes_v2.TestBackwardsCompat" name="test_classify_user_intent_still_surgical_first" time="0.000" /><testcase classname="backend.tests.test_section_vs_page_and_back_link.TestSectionVsPage" name="test_section_intent_detected[\u0633\u0648\u064a \u0644\u064a \u0642\u0633\u0645 \u0645\u0646\u0641\u0635\u0644 \u0644\u0644\u0623\u0641\u0644\u0627\u0645]" time="0.000" /><testcase classname="backend.tests.test_section_vs_page_and_back_link.TestSectionVsPage" name="test_section_intent_detected[\u0627\u0636\u0641 \u0642\u0633\u0645 \u062c\u062f\u064a\u062f \u0644\u0639\u0631\u0636 \u0627\u0644\u0645\u0646\u062a\u062c\u0627\u062a]" time="0.000" /><testcase classname="backend.tests.test_section_vs_page_and_back_link.TestSectionVsPage" name="test_section_intent_detected[\u0627\u0639\u0645\u0644 \u0644\u064a \u0642\u0633\u0645 \u062a\u0639\u0631\u064a\u0641\u064a]" time="0.000" /><testcase classname="backend.tests.test_section_vs_page_and_back_link.TestSectionVsPage" name="test_section_intent_detected[\u0636\u064a\u0641 \u0642\u0633\u0645 \u0645\u0645\u064a\u0632\u0627\u062a]" time="0.000" /><testcase classname="backend.tests.test_section_vs_page_and_back_link.TestSectionVsPage" name="test_section_intent_detected[add a new section for testimonials]" time="0.000" /><testcase classname="backend.tests.test_section_vs_page_and_back_link.TestSectionVsPage" name="test_page_intent_still_works[\u0627\u0636\u0641 \u0635\u0641\u062d\u0629 \u0645\u0646\u0641\u0635\u0644\u0629 \u0639\u0646 \u0627\u0644\u0623\u0641\u0644\u0627\u0645]" time="0.000" /><testcase classname="backend.tests.test_section_vs_page_and_back_link.TestSectionVsPage" name="test_page_intent_still_works[\u0627\u0646\u0634\u0626 \u0635\u0641\u062d\u0629 about.html]" time="0.000" /><testcase classname="backend.tests.test_section_vs_page_and_back_link.TestSectionVsPage" name="test_page_intent_still_works[\u0633\u0648\u064a \u0635\u0641\u062d\u0629 \u062c\u062f\u064a\u062f\u0629 \u0644\u0644\u0645\u0646\u062a\u062c\u0627\u062a]" time="0.000" /><testcase classname="backend.tests.test_section_vs_page_and_back_link.TestSectionVsPage" name="test_page_intent_still_works[create a new page for movies]" time="0.000" /><testcase classname="backend.tests.test_section_vs_page_and_back_link" name="test_create_page_auto_injects_home_link_when_missing" time="0.001"><failure message="AssertionError: home link missing! got: &lt;!DOCTYPE html&gt;&#10;  &lt;html&gt;&lt;head&gt;&lt;/head&gt;&lt;body&gt;&lt;nav&gt;&lt;/nav&gt;&lt;h1&gt;صفحة الأفلام&lt;/h1&gt;&lt;p&gt;محتوى&lt;/p&gt;&lt;/body&gt;&lt;/html&gt;&#10;assert 'href=&quot;index.html&quot;' in '&lt;!DOCTYPE html&gt;\n&lt;html&gt;&lt;head&gt;&lt;/head&gt;&lt;body&gt;&lt;nav&gt;&lt;/nav&gt;&lt;h1&gt;صفحة الأفلام&lt;/h1&gt;&lt;p&gt;محتوى&lt;/p&gt;&lt;/body&gt;&lt;/html&gt;'">E   AssertionError: home link missing! got: &lt;!DOCTYPE html&gt;
      &lt;html&gt;&lt;head&gt;&lt;/head&gt;&lt;body&gt;&lt;nav&gt;&lt;/nav&gt;&lt;h1&gt;صفحة الأفلام&lt;/h1&gt;&lt;p&gt;محتوى&lt;/p&gt;&lt;/body&gt;&lt;/html&gt;
    assert 'href="index.html"' in '&lt;!DOCTYPE html&gt;\n&lt;html&gt;&lt;head&gt;&lt;/head&gt;&lt;body&gt;&lt;nav&gt;&lt;/nav&gt;&lt;h1&gt;صفحة الأفلام&lt;/h1&gt;&lt;p&gt;محتوى&lt;/p&gt;&lt;/body&gt;&lt;/html&gt;'</failure></testcase><testcase classname="backend.tests.test_section_vs_page_and_back_link" name="test_create_page_with_existing_home_link_unchanged" time="0.001"><failure message="assert 0 == 1&#10; +  where 0 = &lt;built-in method count of str object at 0xfc96c6889b30&gt;('href=&quot;index.html&quot;')&#10; +    where &lt;built-in method count of str object at 0xfc96c6889b30&gt; = '&lt;!DOCTYPE html&gt;\n&lt;html&gt;&lt;head&gt;&lt;/head&gt;&lt;body&gt;&lt;nav&gt;&lt;/nav&gt;&lt;h1&gt;صفحة الأفلام&lt;/h1&gt;&lt;/body&gt;&lt;/html&gt;'.count">E   assert 0 == 1
     +  where 0 = &lt;built-in method count of str object at 0xfc96c6889b30&gt;('href="index.html"')
     +    where &lt;built-in method count of str object at 0xfc96c6889b30&gt; = '&lt;!DOCTYPE html&gt;\n&lt;html&gt;&lt;head&gt;&lt;/head&gt;&lt;body&gt;&lt;nav&gt;&lt;/nav&gt;&lt;h1&gt;صفحة الأفلام&lt;/h1&gt;&lt;/body&gt;&lt;/html&gt;'.count</failure></testcase><testcase classname="backend.tests.test_section_vs_page_and_back_link" name="test_create_page_no_nav_injects_full_nav_block" time="0.001"><failure message="assert 'href=&quot;index.html&quot;' in '&lt;!DOCTYPE html&gt;\n&lt;html&gt;&lt;head&gt;&lt;/head&gt;&lt;body&gt;\n&lt;nav&gt;&lt;/nav&gt;\n&lt;h1&gt;صفحة الأفلام&lt;/h1&gt;&lt;div&gt;محتوى&lt;/div&gt;&lt;/body&gt;&lt;/html&gt;'">E   assert 'href="index.html"' in '&lt;!DOCTYPE html&gt;\n&lt;html&gt;&lt;head&gt;&lt;/head&gt;&lt;body&gt;\n&lt;nav&gt;&lt;/nav&gt;\n&lt;h1&gt;صفحة الأفلام&lt;/h1&gt;&lt;div&gt;محتوى&lt;/div&gt;&lt;/body&gt;&lt;/html&gt;'</failure></testcase><testcase classname="backend.tests.test_safety_net" name="test_broken_tag_with_newlines_is_recovered" time="0.000" /><testcase classname="backend.tests.test_safety_net" name="test_no_tag_but_promise_phrase_fires_safety" time="0.000" /><testcase classname="backend.tests.test_safety_net" name="test_unrelated_message_does_not_fire" time="0.000" /><testcase classname="backend.tests.test_safety_net" name="test_approval_question_alone_is_promise" time="0.000" /><testcase classname="backend.tests.test_safety_net" name="test_concept_art_phrase_fires" time="0.000" /><testcase classname="backend.tests.test_safety_net" name="test_multiple_broken_tags_longest_wins" time="0.000" /><testcase classname="backend.tests.test_safety_net" name="test_tag_with_full_width_colon" time="0.000" /><testcase classname="backend.tests.test_pre_finish_gate_simulation" name="test_cinema_scenario_flags_only_sidebar_pages" time="0.000" /><testcase classname="backend.tests.test_pre_finish_gate_simulation" name="test_empty_pages_dict_returns_no_blanks" time="0.000" /><testcase classname="backend.tests.test_pre_finish_gate_simulation" name="test_one_section_but_lots_of_text_is_NOT_blank" time="0.000" /><testcase classname="backend.tests.test_pre_finish_gate_simulation" name="test_many_sections_but_no_text_is_NOT_blank" time="0.000" /><testcase classname="backend.tests.test_pre_finish_gate_simulation" name="test_one_section_and_short_text_IS_blank" time="0.000" /><testcase classname="backend.tests.test_pre_finish_gate_simulation" name="test_empty_html_string_flagged" time="0.000" /><testcase classname="backend.tests.test_pre_finish_gate_simulation" name="test_section_without_id_does_not_count" time="0.000" /><testcase classname="backend.tests.test_pre_finish_gate_simulation" name="test_scaffold_placeholder_skeleton_is_blank" time="0.000" /><testcase classname="backend.tests.test_unrestricted_tools.TestCatastropheBlocker" name="test_rm_rf_root_blocked" time="0.001" /><testcase classname="backend.tests.test_unrestricted_tools.TestCatastropheBlocker" name="test_mkfs_blocked" time="0.000" /><testcase classname="backend.tests.test_unrestricted_tools.TestCatastropheBlocker" name="test_fork_bomb_blocked" time="0.000" /><testcase classname="backend.tests.test_unrestricted_tools.TestCatastropheBlocker" name="test_shutdown_blocked" time="0.000" /><testcase classname="backend.tests.test_unrestricted_tools.TestCatastropheBlocker" name="test_dd_to_disk_blocked" time="0.000" /><testcase classname="backend.tests.test_unrestricted_tools.TestCatastropheBlocker" name="test_normal_commands_allowed" time="0.000" /><testcase classname="backend.tests.test_unrestricted_tools.TestSecretRedaction" name="test_redacts_mongo_url" time="0.000" /><testcase classname="backend.tests.test_unrestricted_tools.TestSecretRedaction" name="test_redacts_emergent_llm_key" time="0.000" /><testcase classname="backend.tests.test_unrestricted_tools.TestSecretRedaction" name="test_no_secret_no_redact" time="0.000" /><testcase classname="backend.tests.test_unrestricted_tools.TestRunBashUnrestricted" name="test_simple_command" time="23.803" /><testcase classname="backend.tests.test_unrestricted_tools.TestRunBashUnrestricted" name="test_pipes_allowed" time="0.298" /><testcase classname="backend.tests.test_unrestricted_tools.TestRunBashUnrestricted" name="test_chains_allowed" time="0.103" /><testcase classname="backend.tests.test_unrestricted_tools.TestRunBashUnrestricted" name="test_catastrophe_blocked" time="0.004" /><testcase classname="backend.tests.test_unrestricted_tools.TestRunBashUnrestricted" name="test_workspace_isolated" time="0.000" /><testcase classname="backend.tests.test_unrestricted_tools.TestPythonSandbox" name="test_basic_python" time="0.401" /><testcase classname="backend.tests.test_unrestricted_tools.TestPythonSandbox" name="test_stdlib_works" time="0.789" /><testcase classname="backend.tests.test_unrestricted_tools.TestPythonSandbox" name="test_timeout" time="2.010" /><testcase classname="backend.tests.test_unrestricted_tools.TestFileOps" name="test_write_read_cycle" time="0.192" /><testcase classname="backend.tests.test_unrestricted_tools.TestFileOps" name="test_env_write_blocked" time="0.001" /><testcase classname="backend.tests.test_unrestricted_tools.TestFileOps" name="test_backup_on_overwrite" time="0.098" /><testcase classname="backend.tests.test_unrestricted_tools.TestFileOps" name="test_edit_file_simple" time="0.100" /><testcase classname="backend.tests.test_unrestricted_tools.TestFileOps" name="test_edit_ambiguous_match" time="0.192" /><testcase classname="backend.tests.test_unrestricted_tools.TestIntegrationPlaybook" name="test_stripe" time="0.001" /><testcase classname="backend.tests.test_unrestricted_tools.TestIntegrationPlaybook" name="test_alias" time="0.002" /><testcase classname="backend.tests.test_unrestricted_tools.TestIntegrationPlaybook" name="test_unknown" time="0.000" /><testcase classname="backend.tests.test_unrestricted_tools.TestWebSearch" name="test_search_returns_results" time="3.397" /></testsuite></testsuites>