<?xml version="1.0" encoding="utf-8"?><testsuites name="pytest tests"><testsuite name="pytest" errors="0" failures="1" skipped="0" tests="17" time="26.690" timestamp="2026-06-24T00:33:53.788570+00:00" hostname="agent-env-3a013e4b-c104-42fa-8ce0-ea6053aacb6b"><testcase classname="backend.tests.test_ai_mode_three_modes" name="test_legacy_hybrid_on_read_is_migrated_to_hybrid_gpt" time="0.001" /><testcase classname="backend.tests.test_ai_mode_three_modes" name="test_existing_hybrid_gpt_in_db_passes_through" time="0.001" /><testcase classname="backend.tests.test_ai_mode_three_modes" name="test_existing_hybrid_glm_in_db_passes_through" time="0.000" /><testcase classname="backend.tests.test_ai_mode_three_modes" name="test_missing_doc_defaults_to_claude_only" time="0.013" /><testcase classname="backend.tests.test_ai_mode_three_modes" name="test_unknown_mode_in_db_falls_back_to_default" time="0.000" /><testcase classname="backend.tests.test_ai_mode_three_modes" name="test_legacy_hybrid_on_write_persists_as_hybrid_gpt" time="0.000" /><testcase classname="backend.tests.test_ai_mode_three_modes" name="test_set_hybrid_glm_persists_unchanged" time="0.000" /><testcase classname="backend.tests.test_ai_mode_three_modes" name="test_set_invalid_mode_raises_value_error" time="0.071" /><testcase classname="backend.tests.test_ai_mode_three_modes" name="test_hybrid_gpt_with_only_zhipu_key_falls_back_to_claude" time="0.000" /><testcase classname="backend.tests.test_ai_mode_three_modes" name="test_hybrid_glm_with_only_openai_key_falls_back_to_claude" time="0.000" /><testcase classname="backend.tests.test_ai_mode_three_modes" name="test_agent_providers_chain_handles_glm" time="0.078" /><testcase classname="backend.tests.test_ai_mode_three_modes" name="test_agent_stream_one_provider_handles_zhipu_glm_with_zai_base_url" time="0.063" /><testcase classname="backend.tests.test_ai_mode_three_modes" name="test_http_get_returns_valid_modes_with_three_entries" time="23.723" /><testcase classname="backend.tests.test_ai_mode_three_modes" name="test_http_put_hybrid_glm_persists" time="0.522" /><testcase classname="backend.tests.test_ai_mode_three_modes" name="test_http_put_legacy_hybrid_migrates_to_hybrid_gpt" time="0.145"><failure message="AssertionError: Legacy alias 'hybrid' must be accepted on PUT, got 400 {&quot;detail&quot;:&quot;mode must be one of ['claude_only', 'hybrid_glm', 'hybrid_gpt']&quot;}&#10;assert 400 == 200&#10; +  where 400 = &lt;Response [400]&gt;.status_code">backend/tests/test_ai_mode_three_modes.py:198: in test_http_put_legacy_hybrid_migrates_to_hybrid_gpt
    assert put.status_code == 200, f"Legacy alias 'hybrid' must be accepted on PUT, got {put.status_code} {put.text[:200]}"
E   AssertionError: Legacy alias 'hybrid' must be accepted on PUT, got 400 {"detail":"mode must be one of ['claude_only', 'hybrid_glm', 'hybrid_gpt']"}
E   assert 400 == 200
E    +  where 400 = &lt;Response [400]&gt;.status_code</failure></testcase><testcase classname="backend.tests.test_ai_mode_three_modes" name="test_http_put_invalid_mode_returns_400" time="0.108" /><testcase classname="backend.tests.test_ai_mode_three_modes" name="test_http_zz_reset_to_claude_only" time="0.148" /></testsuite></testsuites>