<?xml version="1.0" encoding="utf-8"?><testsuites name="pytest tests"><testsuite name="pytest" errors="0" failures="0" skipped="0" tests="7" time="29.111" timestamp="2026-06-19T12:36:36.179898+00:00" hostname="agent-env-3a013e4b-c104-42fa-8ce0-ea6053aacb6b"><testcase classname="backend.tests.test_native_app_builder.TestAppProjectCreation" name="test_create_app_project_platform_persists_and_greeting_mentions_platform[ios-label_terms0]" time="26.622" /><testcase classname="backend.tests.test_native_app_builder.TestAppProjectCreation" name="test_create_app_project_platform_persists_and_greeting_mentions_platform[android-label_terms1]" time="0.455" /><testcase classname="backend.tests.test_native_app_builder.TestAppProjectCreation" name="test_create_app_project_platform_persists_and_greeting_mentions_platform[both-label_terms2]" time="0.378" /><testcase classname="backend.tests.test_native_app_builder.TestAppProjectCreation" name="test_create_app_project_invalid_platform_defaults_to_both" time="0.331" /><testcase classname="backend.tests.test_native_app_builder.TestAppProjectCreation" name="test_create_app_project_missing_platform_defaults_to_both" time="0.497" /><testcase classname="backend.tests.test_native_app_builder.TestWebsiteBackwardsCompat" name="test_create_website_project_no_platform" time="0.363" /><testcase classname="backend.tests.test_native_app_builder.TestExistingSeededAppProject" name="test_seeded_app_project_returns_app_mode" time="0.308" /></testsuite></testsuites>