<?xml version="1.0" encoding="utf-8"?><testsuites name="pytest tests"><testsuite name="pytest" errors="0" failures="0" skipped="0" tests="25" time="6.812" timestamp="2026-06-06T20:03:42.336867+00:00" hostname="agent-env-3a013e4b-c104-42fa-8ce0-ea6053aacb6b"><testcase classname="backend.tests.test_pricing_billing.TestCatalog" name="test_plans" time="0.655" /><testcase classname="backend.tests.test_pricing_billing.TestCatalog" name="test_packs" time="0.169" /><testcase classname="backend.tests.test_pricing_billing.TestCatalog" name="test_service_costs" time="0.117" /><testcase classname="backend.tests.test_pricing_billing.TestCatalog" name="test_tax_config" time="0.123" /><testcase classname="backend.tests.test_pricing_billing.TestPromos" name="test_launch50_valid_subscription" time="0.781" /><testcase classname="backend.tests.test_pricing_billing.TestPromos" name="test_launch50_max_cap" time="0.112" /><testcase classname="backend.tests.test_pricing_billing.TestPromos" name="test_invalid_code" time="0.108" /><testcase classname="backend.tests.test_pricing_billing.TestPromos" name="test_welcome25_wrong_scope" time="0.116" /><testcase classname="backend.tests.test_pricing_billing.TestUserBilling" name="test_me" time="0.105" /><testcase classname="backend.tests.test_pricing_billing.TestUserBilling" name="test_invoices_empty" time="0.108" /><testcase classname="backend.tests.test_pricing_billing.TestUserBilling" name="test_checkout_subscription_with_launch50" time="0.604" /><testcase classname="backend.tests.test_pricing_billing.TestUserBilling" name="test_checkout_pack_power" time="0.564" /><testcase classname="backend.tests.test_pricing_billing.TestAdmin" name="test_stats" time="0.445" /><testcase classname="backend.tests.test_pricing_billing.TestAdmin" name="test_orders" time="0.114" /><testcase classname="backend.tests.test_pricing_billing.TestAdmin" name="test_list_promos_defaults" time="0.105" /><testcase classname="backend.tests.test_pricing_billing.TestAdmin" name="test_create_promo" time="0.306" /><testcase classname="backend.tests.test_pricing_billing.TestAdmin" name="test_test_paypal" time="0.572" /><testcase classname="backend.tests.test_pricing_billing.TestAuthGuards" name="test_unauth_me" time="0.123" /><testcase classname="backend.tests.test_pricing_billing.TestAuthGuards" name="test_unauth_checkout" time="0.107" /><testcase classname="backend.tests.test_pricing_billing.TestAuthGuards" name="test_unauth_capture" time="0.109" /><testcase classname="backend.tests.test_pricing_billing.TestAuthGuards" name="test_non_admin_blocked" time="0.319" /><testcase classname="backend.tests.test_pricing_billing.TestPDFGeneration" name="test_invoice_pdf_smoke" time="0.378" /><testcase classname="backend.tests.test_pricing_billing.TestRegression" name="test_login_works" time="0.361" /><testcase classname="backend.tests.test_pricing_billing.TestRegression" name="test_auth_me" time="0.112" /><testcase classname="backend.tests.test_pricing_billing.TestRegression" name="test_security_status" time="0.104" /></testsuite></testsuites>