<?xml version="1.0" encoding="utf-8"?><testsuites name="pytest tests"><testsuite name="pytest" errors="0" failures="0" skipped="0" tests="7" time="33.530" timestamp="2026-06-09T22:44:21.902030+00:00" hostname="agent-env-3a013e4b-c104-42fa-8ce0-ea6053aacb6b"><testcase classname="backend.tests.test_promo_video" name="test_health" time="0.352" /><testcase classname="backend.tests.test_promo_video" name="test_storyboard_arabic_luxury" time="13.121" /><testcase classname="backend.tests.test_promo_video" name="test_packages_list" time="0.246" /><testcase classname="backend.tests.test_promo_video" name="test_recharge_pro_mada" time="0.525" /><testcase classname="backend.tests.test_promo_video" name="test_recharge_invalid_package" time="0.122" /><testcase classname="backend.tests.test_promo_video" name="test_recharge_invalid_method" time="0.111" /><testcase classname="backend.tests.test_promo_video" name="test_generate_video_15s" time="19.006" /></testsuite></testsuites>