<?xml version="1.0" encoding="utf-8"?><testsuites name="pytest tests"><testsuite name="pytest" errors="0" failures="0" skipped="0" tests="9" time="2.803" timestamp="2026-06-08T19:02:22.393085+00:00" hostname="agent-env-3a013e4b-c104-42fa-8ce0-ea6053aacb6b"><testcase classname="backend.tests.test_ready_sites.TestCatalog" name="test_catalog_returns_full_structure" time="0.270" /><testcase classname="backend.tests.test_ready_sites.TestWizardFlow" name="test_full_wizard_flow_until_ready" time="0.608" /><testcase classname="backend.tests.test_ready_sites.TestValidation" name="test_select_type_unknown_returns_400" time="0.128" /><testcase classname="backend.tests.test_ready_sites.TestValidation" name="test_select_pattern_unknown_returns_400" time="0.173" /><testcase classname="backend.tests.test_ready_sites.TestValidation" name="test_branding_empty_business_name_returns_422" time="0.238" /><testcase classname="backend.tests.test_ready_sites.TestValidation" name="test_features_empty_list_returns_400" time="0.311" /><testcase classname="backend.tests.test_ready_sites.TestValidation" name="test_generate_without_ready_returns_400" time="0.145" /><testcase classname="backend.tests.test_ready_sites.TestValidation" name="test_auth_required_on_start" time="0.085" /><testcase classname="backend.tests.test_ready_sites.TestCredits" name="test_low_credit_user_gets_402_on_generate" time="0.761" /></testsuite></testsuites>