<?xml version="1.0" encoding="utf-8"?><testsuites name="pytest tests"><testsuite name="pytest" errors="0" failures="0" skipped="0" tests="13" time="8.320" timestamp="2026-06-06T18:30:58.057457+00:00" hostname="agent-env-3a013e4b-c104-42fa-8ce0-ea6053aacb6b"><testcase classname="backend.tests.test_zitex_security_center.TestSecurityHeaders" name="test_security_headers_present" time="0.130" /><testcase classname="backend.tests.test_zitex_security_center.TestAdminStatus" name="test_login_success" time="0.273" /><testcase classname="backend.tests.test_zitex_security_center.TestAdminStatus" name="test_auth_me_regression" time="0.328" /><testcase classname="backend.tests.test_zitex_security_center.TestAdminStatus" name="test_status_endpoint_full_shape" time="0.060" /><testcase classname="backend.tests.test_zitex_security_center.TestAdminStatus" name="test_non_admin_blocked" time="0.048" /><testcase classname="backend.tests.test_zitex_security_center.TestAdminStatus" name="test_non_admin_blocked_audit" time="0.050" /><testcase classname="backend.tests.test_zitex_security_center.TestAuditLog" name="test_login_failed_writes_audit" time="1.103" /><testcase classname="backend.tests.test_zitex_security_center.TestAuditLog" name="test_login_success_writes_audit" time="1.325" /><testcase classname="backend.tests.test_zitex_security_center.TestBruteForce" name="test_brute_force_triggers_lockout_and_alert" time="1.371" /><testcase classname="backend.tests.test_zitex_security_center.TestBruteForce" name="test_unblock_and_unlock_cleanup" time="0.177" /><testcase classname="backend.tests.test_zitex_security_center.TestAdminActions" name="test_scan_now_returns_verdict" time="3.238" /><testcase classname="backend.tests.test_zitex_security_center.TestAdminActions" name="test_backup_now_creates_snapshot" time="0.111" /><testcase classname="backend.tests.test_zitex_security_center.TestRegression" name="test_games_projects_works" time="0.053" /></testsuite></testsuites>