<?xml version="1.0" encoding="utf-8"?><testsuites name="pytest tests"><testsuite name="pytest" errors="0" failures="0" skipped="0" tests="22" time="58.944" timestamp="2026-06-06T19:03:15.183701+00:00" hostname="agent-env-3a013e4b-c104-42fa-8ce0-ea6053aacb6b"><testcase classname="backend.tests.test_zitex_security_extended.TestL11Honeypot" name="test_honeypot_api_env_returns_404" time="0.683" /><testcase classname="backend.tests.test_zitex_security_extended.TestL11Honeypot" name="test_honeypot_followup_request_is_blocked" time="0.461" /><testcase classname="backend.tests.test_zitex_security_extended.TestL11Honeypot" name="test_honeypot_alert_recorded" time="0.432" /><testcase classname="backend.tests.test_zitex_security_extended.TestL11HoneypotReport" name="test_honeypot_report_env_bans_ip_and_records_alert" time="0.541" /><testcase classname="backend.tests.test_zitex_security_extended.TestL11HoneypotReport" name="test_honeypot_report_wpadmin_records_alert_for_ip" time="0.429" /><testcase classname="backend.tests.test_zitex_security_extended.TestL11HoneypotReport" name="test_frontend_catchall_file_exists" time="0.000" /><testcase classname="backend.tests.test_zitex_security_extended.TestL4LogoutRealIP" name="test_logout_audit_log_records_real_ip" time="1.592" /><testcase classname="backend.tests.test_zitex_security_extended.TestL12BadUserAgent" name="test_sqlmap_ua_blocked" time="0.455" /><testcase classname="backend.tests.test_zitex_security_extended.TestL12BadUserAgent" name="test_nikto_ua_blocked" time="0.303" /><testcase classname="backend.tests.test_zitex_security_extended.TestL12BadUserAgent" name="test_bad_ua_alert_recorded" time="0.457" /><testcase classname="backend.tests.test_zitex_security_extended.TestL13JWTRevocation" name="test_login_logout_then_token_revoked" time="0.683" /><testcase classname="backend.tests.test_zitex_security_extended.TestL14PasswordStrength" name="test_password_too_short_123" time="0.116" /><testcase classname="backend.tests.test_zitex_security_extended.TestL14PasswordStrength" name="test_password_common_password" time="0.107" /><testcase classname="backend.tests.test_zitex_security_extended.TestL14PasswordStrength" name="test_password_too_short_abc" time="0.116" /><testcase classname="backend.tests.test_zitex_security_extended.TestL14PasswordStrength" name="test_password_no_letters" time="0.099" /><testcase classname="backend.tests.test_zitex_security_extended.TestL14PasswordStrength" name="test_password_strong_succeeds" time="0.328" /><testcase classname="backend.tests.test_zitex_security_extended.TestL1RateLimit" name="test_burst_triggers_429" time="38.585" /><testcase classname="backend.tests.test_zitex_security_extended.TestL3BruteForce" name="test_six_failed_logins_triggers_block" time="1.106" /><testcase classname="backend.tests.test_zitex_security_extended.TestL4AuditLog" name="test_logout_appears_in_audit_log" time="1.550" /><testcase classname="backend.tests.test_zitex_security_extended.TestSecurityStatus14Layers" name="test_all_14_layers_present" time="0.111" /><testcase classname="backend.tests.test_zitex_security_extended.TestRegression" name="test_login_me_projects_with_fresh_ip" time="10.593" /><testcase classname="backend.tests.test_zitex_security_extended.TestSecurityHeaders" name="test_headers_present" time="0.109" /></testsuite></testsuites>