<?xml version="1.0" encoding="utf-8"?><testsuites name="pytest tests"><testsuite name="pytest" errors="0" failures="0" skipped="0" tests="6" time="46.700" timestamp="2026-06-19T13:37:06.103969+00:00" hostname="agent-env-3a013e4b-c104-42fa-8ce0-ea6053aacb6b"><testcase classname="backend.tests.test_storage_quota.TestStorageUsage" name="test_storage_usage_shape" time="42.244" /><testcase classname="backend.tests.test_storage_quota.TestStorageUsage" name="test_storage_usage_defaults_free_tier" time="0.695" /><testcase classname="backend.tests.test_storage_quota.TestStorageUsage" name="test_storage_usage_owner_over_quota" time="0.696" /><testcase classname="backend.tests.test_storage_quota.TestStorageUsage" name="test_storage_usage_unauthenticated" time="0.802" /><testcase classname="backend.tests.test_storage_quota.TestProjectsList" name="test_list_projects" time="0.870" /><testcase classname="backend.tests.test_storage_quota.TestProjectsList" name="test_seed_app_project_loads" time="0.629" /></testsuite></testsuites>