<?xml version="1.0" encoding="utf-8"?><testsuites name="pytest tests"><testsuite name="pytest" errors="0" failures="0" skipped="0" tests="26" time="5.394" timestamp="2026-06-23T13:27:07.829563+00:00" hostname="agent-env-3a013e4b-c104-42fa-8ce0-ea6053aacb6b"><testcase classname="backend.tests.test_surgical_fixes.TestClassifyUserIntent" name="test_move_section_existing_project_is_surgical" time="0.001" /><testcase classname="backend.tests.test_surgical_fixes.TestClassifyUserIntent" name="test_explicit_rebuild_from_scratch_is_new_build" time="0.000" /><testcase classname="backend.tests.test_surgical_fixes.TestClassifyUserIntent" name="test_kammil_on_existing_project_is_surgical" time="0.000" /><testcase classname="backend.tests.test_surgical_fixes.TestClassifyUserIntent" name="test_delete_everything_and_restart_is_new_build" time="0.000" /><testcase classname="backend.tests.test_surgical_fixes.TestClassifyUserIntent" name="test_empty_project_is_new_build" time="0.000" /><testcase classname="backend.tests.test_surgical_fixes.TestClassifyUserIntent" name="test_empty_project_even_with_surgical_words_is_new_build" time="0.000" /><testcase classname="backend.tests.test_surgical_fixes.TestClassifyUserIntent" name="test_english_rebuild_marker" time="0.000" /><testcase classname="backend.tests.test_surgical_fixes.TestClassifyUserIntent" name="test_random_edit_request_defaults_to_surgical" time="0.000" /><testcase classname="backend.tests.test_surgical_fixes.TestSurgicalHardBlock" name="test_write_full_html_blocked_for_surgical_with_content" time="0.000" /><testcase classname="backend.tests.test_surgical_fixes.TestSurgicalHardBlock" name="test_write_full_html_NOT_blocked_for_new_build" time="0.000" /><testcase classname="backend.tests.test_surgical_fixes.TestSurgicalHardBlock" name="test_write_full_html_NOT_blocked_when_project_is_empty" time="0.000" /><testcase classname="backend.tests.test_surgical_fixes.TestSurgicalHardBlock" name="test_write_full_html_NOT_blocked_when_html_too_short" time="0.000" /><testcase classname="backend.tests.test_surgical_fixes.TestSurgicalHardBlock" name="test_hardblock_logic_present_in_source" time="0.098" /><testcase classname="backend.tests.test_surgical_fixes.TestPostWriteVerification" name="test_list_sections_returns_all_ids_including_duplicates" time="0.001" /><testcase classname="backend.tests.test_surgical_fixes.TestPostWriteVerification" name="test_duplicate_id_detection_via_counter" time="0.000" /><testcase classname="backend.tests.test_surgical_fixes.TestPostWriteVerification" name="test_no_duplicates_on_clean_html" time="0.000" /><testcase classname="backend.tests.test_surgical_fixes.TestPostWriteVerification" name="test_near_duplicate_heading_detection" time="1.306" /><testcase classname="backend.tests.test_surgical_fixes.TestPostWriteVerification" name="test_verification_message_contains_required_phrase" time="0.000" /><testcase classname="backend.tests.test_surgical_fixes.TestPostWriteVerification" name="test_post_write_logic_present_in_source" time="0.002" /><testcase classname="backend.tests.test_surgical_fixes.TestMultiPageNudge" name="test_multi_page_with_kammil_triggers_nudge" time="0.000" /><testcase classname="backend.tests.test_surgical_fixes.TestMultiPageNudge" name="test_single_page_project_does_NOT_trigger_nudge" time="0.001" /><testcase classname="backend.tests.test_surgical_fixes.TestMultiPageNudge" name="test_multi_page_without_page_word_no_nudge" time="0.065" /><testcase classname="backend.tests.test_surgical_fixes.TestMultiPageNudge" name="test_op_replace_does_NOT_trigger_nudge" time="0.002" /><testcase classname="backend.tests.test_surgical_fixes.TestMultiPageNudge" name="test_nudge_logic_present_in_source" time="0.001" /><testcase classname="backend.tests.test_surgical_fixes.TestSurgicalEditMicroPrompt" name="test_prompt_constant_exists" time="0.002" /><testcase classname="backend.tests.test_surgical_fixes.TestSurgicalEditMicroPrompt" name="test_prompt_contains_multi_page_awareness" time="0.001" /></testsuite></testsuites>