<?xml version="1.0" encoding="utf-8"?><testsuites name="pytest tests"><testsuite name="pytest" errors="0" failures="0" skipped="0" tests="20" time="5.908" timestamp="2026-06-13T15:59:14.720095+00:00" hostname="agent-env-3a013e4b-c104-42fa-8ce0-ea6053aacb6b"><testcase classname="backend.tests.test_trading_phase2.TestAuthAndStatus" name="test_login_returns_owner_jwt" time="2.409" /><testcase classname="backend.tests.test_trading_phase2.TestAuthAndStatus" name="test_status_no_auth_returns_401" time="0.115" /><testcase classname="backend.tests.test_trading_phase2.TestAuthAndStatus" name="test_status_with_owner" time="0.101" /><testcase classname="backend.tests.test_trading_phase2.TestHalalStocks" name="test_halal_stocks_list" time="0.116" /><testcase classname="backend.tests.test_trading_phase2.TestBaselineEndpoints" name="test_account_no_creds" time="0.102" /><testcase classname="backend.tests.test_trading_phase2.TestBaselineEndpoints" name="test_recent_trades_empty" time="0.111" /><testcase classname="backend.tests.test_trading_phase2.TestBaselineEndpoints" name="test_ai_suggestions_empty" time="0.113" /><testcase classname="backend.tests.test_trading_phase2.TestSettings" name="test_get_settings_defaults_or_persisted" time="0.101" /><testcase classname="backend.tests.test_trading_phase2.TestSettings" name="test_post_settings_persists" time="0.325" /><testcase classname="backend.tests.test_trading_phase2.TestSettings" name="test_agent_toggle_running_true" time="0.315" /><testcase classname="backend.tests.test_trading_phase2.TestConnect" name="test_connect_fake_creds_rejected" time="0.771" /><testcase classname="backend.tests.test_trading_phase2.TestQuote" name="test_quote_non_halal_400" time="0.107" /><testcase classname="backend.tests.test_trading_phase2.TestQuote" name="test_quote_halal_but_no_alpaca" time="0.107" /><testcase classname="backend.tests.test_trading_phase2.TestTrade" name="test_trade_non_halal_blocks_before_alpaca" time="0.113" /><testcase classname="backend.tests.test_trading_phase2.TestTrade" name="test_trade_halal_no_alpaca" time="0.108" /><testcase classname="backend.tests.test_trading_phase2.TestTrade" name="test_trade_halal_missing_qty_and_notional" time="0.117" /><testcase classname="backend.tests.test_trading_phase2.TestAISuggest" name="test_ai_suggest_non_halal" time="0.100" /><testcase classname="backend.tests.test_trading_phase2.TestAISuggest" name="test_ai_suggest_halal_no_alpaca" time="0.103" /><testcase classname="backend.tests.test_trading_phase2.TestMarketClock" name="test_clock_no_alpaca" time="0.101" /><testcase classname="backend.tests.test_trading_phase2.TestNonOwnerForbidden" name="test_non_owner_jwt_returns_403" time="0.386" /></testsuite></testsuites>