<?xml version="1.0" encoding="utf-8"?><testsuites name="pytest tests"><testsuite name="pytest" errors="0" failures="0" skipped="0" tests="14" time="554.105" timestamp="2026-06-27T16:40:17.135072+00:00" hostname="agent-env-3a013e4b-c104-42fa-8ce0-ea6053aacb6b"><testcase classname="tests.test_v2_wiring.TestNewCortexToolsRegistered" name="test_tools_schema_count_and_new_tools" time="0.267" /><testcase classname="tests.test_v2_wiring.TestNewCortexToolsRegistered" name="test_tool_handlers_count_31" time="0.000" /><testcase classname="tests.test_v2_wiring.TestDispatchNewTools" name="test_dispatch_generate_nextjs_project" time="0.002" /><testcase classname="tests.test_v2_wiring.TestDispatchNewTools" name="test_dispatch_build_capacitor_app" time="0.001" /><testcase classname="tests.test_v2_wiring.TestDispatchNewTools" name="test_dispatch_recommend_state_management" time="0.001" /><testcase classname="tests.test_v2_wiring.TestDispatchNewTools" name="test_dispatch_search_past_projects_no_db_ctx" time="0.001" /><testcase classname="tests.test_v2_wiring.TestDispatchNewTools" name="test_dispatch_run_in_e2b_sandbox_no_auth" time="0.023" /><testcase classname="tests.test_v2_wiring.TestDispatchNewTools" name="test_dispatch_deploy_via_ssh_no_auth" time="0.001" /><testcase classname="tests.test_v2_wiring.TestClassifierRouting" name="test_architect_fast_path" time="47.870" /><testcase classname="tests.test_v2_wiring.TestClassifierRouting" name="test_review_fast_path" time="0.081" /><testcase classname="tests.test_v2_wiring.TestClassifierRouting" name="test_code_normal_path" time="42.105" /><testcase classname="tests.test_v2_wiring.TestBrandDNAHook" name="test_brand_dna_extracted_on_first_message_and_persisted" time="340.002" /><testcase classname="tests.test_v2_wiring.TestAutoReviewerHook" name="test_auto_review_event_fires_when_html_updated" time="123.544" /><testcase classname="tests.test_v2_wiring.TestConciergeRegression" name="test_mobile_request_still_pauses" time="0.067" /></testsuite></testsuites>