<?xml version="1.0" encoding="utf-8"?><testsuites name="pytest tests"><testsuite name="pytest" errors="0" failures="0" skipped="0" tests="12" time="5.847" timestamp="2026-06-27T16:38:53.673417+00:00" hostname="agent-env-3a013e4b-c104-42fa-8ce0-ea6053aacb6b"><testcase classname="tests.test_v3_sandbox_tools.TestSandboxToolsRegistered" name="test_tools_schema_has_4_new_sandbox_tools" time="4.198" /><testcase classname="tests.test_v3_sandbox_tools.TestSandboxToolsRegistered" name="test_tool_handlers_has_31_with_sandbox" time="0.000" /><testcase classname="tests.test_v3_sandbox_tools.TestDispatchSandboxTools" name="test_dispatch_run_js_sandbox" time="0.399" /><testcase classname="tests.test_v3_sandbox_tools.TestDispatchSandboxTools" name="test_dispatch_run_python_sandbox" time="0.158" /><testcase classname="tests.test_v3_sandbox_tools.TestDispatchSandboxTools" name="test_dispatch_validate_html_sandbox_missing_doctype" time="0.003" /><testcase classname="tests.test_v3_sandbox_tools.TestDispatchSandboxTools" name="test_dispatch_validate_html_sandbox_full_doc" time="0.000" /><testcase classname="tests.test_v3_sandbox_tools.TestDispatchSandboxTools" name="test_dispatch_autofix_code_loop_simple_correct" time="0.333" /><testcase classname="tests.test_v3_sandbox_tools.TestStreamHooksImports" name="test_stream_hooks_imports" time="0.006" /><testcase classname="tests.test_v3_sandbox_tools.TestStreamHooksBehavior" name="test_run_classifier_fast_paths_does_not_throw" time="0.084" /><testcase classname="tests.test_v3_sandbox_tools.TestStreamHooksBehavior" name="test_spawn_brand_dna_extraction_skips_when_history_long" time="0.103" /><testcase classname="tests.test_v3_sandbox_tools.TestStreamHooksBehavior" name="test_run_auto_reviewer_on_html_skips_when_not_updated" time="0.000" /><testcase classname="tests.test_v3_sandbox_tools.TestCapabilitiesAddendum" name="test_addendum_mentions_new_tools_and_capped" time="0.058" /></testsuite></testsuites>