<?xml version="1.0" encoding="utf-8"?><testsuites name="pytest tests"><testsuite name="pytest" errors="0" failures="1" skipped="0" tests="15" time="33.341" timestamp="2026-06-27T17:54:04.667928+00:00" hostname="agent-env-3a013e4b-c104-42fa-8ce0-ea6053aacb6b"><testcase classname="tests.test_v4_final.TestIntegrationsExpanded" name="test_integrations_list_returns_11" time="24.476" /><testcase classname="tests.test_v4_final.TestIntegrationsExpanded" name="test_e2b_detail_has_api_key_card" time="0.161" /><testcase classname="tests.test_v4_final.TestIntegrationsExpanded" name="test_ssh_detail_requires_host_user_pass" time="0.130" /><testcase classname="tests.test_v4_final.TestDetectionNewIntegrations" name="test_detect_e2b_sandbox_arabic" time="4.004" /><testcase classname="tests.test_v4_final.TestDetectionNewIntegrations" name="test_detect_ssh_deploy_arabic" time="0.275" /><testcase classname="tests.test_v4_final.TestDetectionNewIntegrations" name="test_wizard_pulls_e2b_cards" time="0.472" /><testcase classname="tests.test_v4_final.TestSSERefactorE2B" name="test_sandbox_request_pauses_for_e2b_setup" time="1.308" /><testcase classname="tests.test_v4_final.TestMobileRegression" name="test_mobile_request_still_pauses" time="0.515" /><testcase classname="tests.test_v4_final.TestBrandDnaAutoInjection" name="test_nextjs_auto_loads_brand_dna" time="0.601"><failure message="AssertionError: brand_dna_used not True (helper failed): {'ok': False, 'error': &quot;TypeError: unhashable type: 'slice'&quot;}&#10;assert None is True&#10; +  where None = &lt;built-in method get of dict object at 0xfd213d3fdc40&gt;('brand_dna_used')&#10; +    where &lt;built-in method get of dict object at 0xfd213d3fdc40&gt; = {'error': &quot;TypeError: unhashable type: 'slice'&quot;, 'ok': False}.get">tests/test_v4_final.py:304: in test_nextjs_auto_loads_brand_dna
    assert result.get("brand_dna_used") is True, \
E   AssertionError: brand_dna_used not True (helper failed): {'ok': False, 'error': "TypeError: unhashable type: 'slice'"}
E   assert None is True
E    +  where None = &lt;built-in method get of dict object at 0xfd213d3fdc40&gt;('brand_dna_used')
E    +    where &lt;built-in method get of dict object at 0xfd213d3fdc40&gt; = {'error': "TypeError: unhashable type: 'slice'", 'ok': False}.get</failure></testcase><testcase classname="tests.test_v4_final.TestBrandDnaAutoInjection" name="test_capacitor_uses_brand_primary_color" time="0.006" /><testcase classname="tests.test_v4_final.TestBrandDnaAutoInjection" name="test_capacitor_without_brand_dna_uses_default" time="0.000" /><testcase classname="tests.test_v4_final.TestStreamHooks4Functions" name="test_all_four_hooks_importable" time="0.001" /><testcase classname="tests.test_v4_final.TestFinalSanityCounts" name="test_tools_schema_176" time="0.013" /><testcase classname="tests.test_v4_final.TestFinalSanityCounts" name="test_cortex_tool_handlers_31" time="0.000" /><testcase classname="tests.test_v4_final.TestFinalSanityCounts" name="test_integrations_11" time="0.000" /></testsuite></testsuites>