<?xml version="1.0" encoding="utf-8"?><testsuites name="pytest tests"><testsuite name="pytest" errors="0" failures="1" skipped="0" tests="27" time="49.464" timestamp="2026-06-27T17:55:01.146656+00:00" hostname="agent-env-3a013e4b-c104-42fa-8ce0-ea6053aacb6b"><testcase classname="tests.test_concierge_wiring.TestConciergeIntegrations" name="test_integrations_list_returns_9" time="0.010"><failure message="AssertionError: expected 9 integrations, got 11&#10;assert 11 == 9">E   AssertionError: expected 9 integrations, got 11
    assert 11 == 9</failure></testcase><testcase classname="tests.test_concierge_wiring.TestConciergeIntegrations" name="test_integration_detail_expo" time="0.007" /><testcase classname="tests.test_concierge_wiring.TestDetectNeeds" name="test_detect_mobile_arabic_returns_expo" time="0.248" /><testcase classname="tests.test_concierge_wiring.TestDetectNeeds" name="test_detect_realtime_arabic_returns_liveblocks" time="0.009" /><testcase classname="tests.test_concierge_wiring.TestDetectNeeds" name="test_detect_landing_page_arabic_returns_empty" time="0.007" /><testcase classname="tests.test_concierge_wiring.TestProjectWizard" name="test_wizard_endpoint" time="0.015" /><testcase classname="tests.test_concierge_wiring.TestCredentials" name="test_credentials_save_fake_token" time="0.135" /><testcase classname="tests.test_concierge_wiring.TestCredentials" name="test_credentials_list_returns_keys" time="0.008" /><testcase classname="tests.test_concierge_wiring.TestCortexTools" name="test_cortex_tools_registered" time="0.281" /><testcase classname="tests.test_concierge_wiring.TestCortexTools" name="test_dispatch_run_reviewer" time="0.004" /><testcase classname="tests.test_concierge_wiring.TestCortexTools" name="test_dispatch_extract_brand_dna" time="0.002" /><testcase classname="tests.test_concierge_wiring.TestCortexTools" name="test_dispatch_audit_a11y" time="0.002" /><testcase classname="tests.test_concierge_wiring.TestCortexTools" name="test_dispatch_design_database" time="0.001" /><testcase classname="tests.test_concierge_wiring.TestAgentChatStreamConciergePause" name="test_mobile_request_pauses_for_setup" time="0.058" /><testcase classname="tests.test_concierge_wiring.TestAgentChatStreamConciergePause" name="test_landing_page_request_does_NOT_pause" time="48.355" /><testcase classname="tests.test_v3_sandbox_tools.TestSandboxToolsRegistered" name="test_tools_schema_has_4_new_sandbox_tools" time="0.000" /><testcase classname="tests.test_v3_sandbox_tools.TestSandboxToolsRegistered" name="test_tool_handlers_has_31_with_sandbox" time="0.000" /><testcase classname="tests.test_v3_sandbox_tools.TestDispatchSandboxTools" name="test_dispatch_run_js_sandbox" time="0.034" /><testcase classname="tests.test_v3_sandbox_tools.TestDispatchSandboxTools" name="test_dispatch_run_python_sandbox" time="0.020" /><testcase classname="tests.test_v3_sandbox_tools.TestDispatchSandboxTools" name="test_dispatch_validate_html_sandbox_missing_doctype" time="0.001" /><testcase classname="tests.test_v3_sandbox_tools.TestDispatchSandboxTools" name="test_dispatch_validate_html_sandbox_full_doc" time="0.000" /><testcase classname="tests.test_v3_sandbox_tools.TestDispatchSandboxTools" name="test_dispatch_autofix_code_loop_simple_correct" time="0.030" /><testcase classname="tests.test_v3_sandbox_tools.TestStreamHooksImports" name="test_stream_hooks_imports" time="0.001" /><testcase classname="tests.test_v3_sandbox_tools.TestStreamHooksBehavior" name="test_run_classifier_fast_paths_does_not_throw" time="0.003" /><testcase classname="tests.test_v3_sandbox_tools.TestStreamHooksBehavior" name="test_spawn_brand_dna_extraction_skips_when_history_long" time="0.101" /><testcase classname="tests.test_v3_sandbox_tools.TestStreamHooksBehavior" name="test_run_auto_reviewer_on_html_skips_when_not_updated" time="0.000" /><testcase classname="tests.test_v3_sandbox_tools.TestCapabilitiesAddendum" name="test_addendum_mentions_new_tools_and_capped" time="0.002" /></testsuite></testsuites>