<?xml version="1.0" encoding="utf-8"?><testsuites name="pytest tests"><testsuite name="pytest" errors="0" failures="0" skipped="0" tests="31" time="0.319" timestamp="2026-06-24T01:02:27.950781+00:00" hostname="agent-env-3a013e4b-c104-42fa-8ce0-ea6053aacb6b"><testcase classname="backend.tests.test_workflow_engine" name="test_discovery_has_exactly_8_questions" time="0.000" /><testcase classname="backend.tests.test_workflow_engine" name="test_discovery_keys_are_unique" time="0.000" /><testcase classname="backend.tests.test_workflow_engine" name="test_each_question_has_arabic_text" time="0.000" /><testcase classname="backend.tests.test_workflow_engine" name="test_empty_project_starts_in_discovery" time="0.000" /><testcase classname="backend.tests.test_workflow_engine" name="test_project_with_existing_content_starts_in_surgical" time="0.000" /><testcase classname="backend.tests.test_workflow_engine" name="test_project_with_pages_dict_starts_in_surgical" time="0.000" /><testcase classname="backend.tests.test_workflow_engine" name="test_existing_state_is_preserved" time="0.000" /><testcase classname="backend.tests.test_workflow_engine" name="test_defaults_fill_missing_keys" time="0.000" /><testcase classname="backend.tests.test_workflow_engine" name="test_discovery_incomplete_when_no_answers" time="0.000" /><testcase classname="backend.tests.test_workflow_engine" name="test_discovery_incomplete_when_partial" time="0.000" /><testcase classname="backend.tests.test_workflow_engine" name="test_discovery_complete_when_all_8" time="0.000" /><testcase classname="backend.tests.test_workflow_engine" name="test_cannot_advance_to_visual_skeleton_with_incomplete_discovery" time="0.000" /><testcase classname="backend.tests.test_workflow_engine" name="test_can_advance_to_visual_skeleton_with_full_discovery" time="0.000" /><testcase classname="backend.tests.test_workflow_engine" name="test_cannot_skip_visual_skeleton_to_wiring" time="0.000" /><testcase classname="backend.tests.test_workflow_engine" name="test_cannot_advance_to_wiring_without_pages" time="0.000" /><testcase classname="backend.tests.test_workflow_engine" name="test_can_advance_to_wiring_with_pages" time="0.000" /><testcase classname="backend.tests.test_workflow_engine" name="test_cannot_advance_to_surgical_with_unwired_pages" time="0.000" /><testcase classname="backend.tests.test_workflow_engine" name="test_can_advance_to_surgical_when_all_wired" time="0.000" /><testcase classname="backend.tests.test_workflow_engine" name="test_invalid_target_stage_rejected" time="0.000" /><testcase classname="backend.tests.test_workflow_engine" name="test_discovery_addendum_lists_remaining_questions" time="0.000" /><testcase classname="backend.tests.test_workflow_engine" name="test_discovery_addendum_omits_already_answered" time="0.000" /><testcase classname="backend.tests.test_workflow_engine" name="test_visual_skeleton_addendum_forbids_wiring" time="0.000" /><testcase classname="backend.tests.test_workflow_engine" name="test_wiring_addendum_focuses_on_one_page" time="0.000" /><testcase classname="backend.tests.test_workflow_engine" name="test_surgical_addendum_for_default_stage" time="0.000" /><testcase classname="backend.tests.test_workflow_engine" name="test_stage_labels_are_arabic[discovery-\u0627\u0643\u062a\u0634\u0627\u0641]" time="0.000" /><testcase classname="backend.tests.test_workflow_engine" name="test_stage_labels_are_arabic[visual_skeleton-\u0628\u0635\u0631\u064a]" time="0.000" /><testcase classname="backend.tests.test_workflow_engine" name="test_stage_labels_are_arabic[wiring-\u062a\u0641\u0639\u064a\u0644]" time="0.000" /><testcase classname="backend.tests.test_workflow_engine" name="test_stage_labels_are_arabic[surgical_edit-\u062c\u0631\u0627\u062d]" time="0.000" /><testcase classname="backend.tests.test_workflow_engine" name="test_workflow_tools_are_registered_in_schema" time="0.003" /><testcase classname="backend.tests.test_workflow_engine" name="test_workflow_state_persistence_in_agent" time="0.003" /><testcase classname="backend.tests.test_workflow_engine" name="test_workflow_addendum_injected_into_both_provider_prompts" time="0.003" /></testsuite></testsuites>