<?xml version="1.0" encoding="utf-8"?><testsuites name="pytest tests"><testsuite name="pytest" errors="0" failures="0" skipped="1" tests="25" time="15.100" timestamp="2026-06-11T13:23:58.394954+00:00" hostname="agent-env-3a013e4b-c104-42fa-8ce0-ea6053aacb6b"><testcase classname="backend.tests.test_zenrex_production.TestMainApp" name="test_react_app_loads" time="0.391" /><testcase classname="backend.tests.test_zenrex_production.TestMainApp" name="test_ttfb_under_3s" time="0.118" /><testcase classname="backend.tests.test_zenrex_production.TestMainApp" name="test_no_zerax_in_index_html" time="0.118" /><testcase classname="backend.tests.test_zenrex_production.TestApiHealth" name="test_store_health" time="0.131" /><testcase classname="backend.tests.test_zenrex_production.TestApiHealth" name="test_openapi_spec" time="0.255"><skipped type="pytest.skip" message="OpenAPI spec not exposed publicly (nginx SPA fallback catches it). Acceptable for production; consider exposing /api/openapi.json explicitly.">/app/backend/tests/test_zenrex_production.py:81: OpenAPI spec not exposed publicly (nginx SPA fallback catches it). Acceptable for production; consider exposing /api/openapi.json explicitly.</skipped></testcase><testcase classname="backend.tests.test_zenrex_production.TestAuthLogin" name="test_owner_login_success" time="0.390" /><testcase classname="backend.tests.test_zenrex_production.TestAuthLogin" name="test_owner_login_wrong_password" time="0.371" /><testcase classname="backend.tests.test_zenrex_production.TestOtp" name="test_otp_request_and_verify" time="0.514" /><testcase classname="backend.tests.test_zenrex_production.TestAiChat" name="test_ai_chat_direct_llm" time="2.274" /><testcase classname="backend.tests.test_zenrex_production.TestAiChat" name="test_translate_gemini" time="6.833" /><testcase classname="backend.tests.test_zenrex_production.TestMockups" name="test_mockup_loads[/mockups/admin.html]" time="0.360" /><testcase classname="backend.tests.test_zenrex_production.TestMockups" name="test_mockup_loads[/mockups/app_mode_full.html]" time="0.130" /><testcase classname="backend.tests.test_zenrex_production.TestMockups" name="test_mockup_loads[/mockups/driver_app.html]" time="0.124" /><testcase classname="backend.tests.test_zenrex_production.TestMockups" name="test_mockup_loads[/mockups/driver_manager.html]" time="0.121" /><testcase classname="backend.tests.test_zenrex_production.TestMockups" name="test_mockup_loads[/mockups/errand.html]" time="0.119" /><testcase classname="backend.tests.test_zenrex_production.TestPerformance" name="test_ttfb_under_600ms[/]" time="0.235" /><testcase classname="backend.tests.test_zenrex_production.TestPerformance" name="test_ttfb_under_600ms[/mockups/admin.html]" time="0.266" /><testcase classname="backend.tests.test_zenrex_production.TestPerformance" name="test_ttfb_under_600ms[/mockups/app_mode_full.html]" time="0.255" /><testcase classname="backend.tests.test_zenrex_production.TestPerformance" name="test_ttfb_under_600ms[/mockups/driver_app.html]" time="0.247" /><testcase classname="backend.tests.test_zenrex_production.TestPerformance" name="test_ttfb_under_600ms[/mockups/driver_manager.html]" time="0.241" /><testcase classname="backend.tests.test_zenrex_production.TestPerformance" name="test_ttfb_under_600ms[/mockups/errand.html]" time="0.237" /><testcase classname="backend.tests.test_zenrex_production.TestSsl" name="test_https_works" time="0.117" /><testcase classname="backend.tests.test_zenrex_production.TestSsl" name="test_http_redirects_to_https" time="0.285" /><testcase classname="backend.tests.test_zenrex_production.TestCors" name="test_cors_origin_allowed" time="0.118" /><testcase classname="backend.tests.test_zenrex_production.TestStaticAssets" name="test_react_static_assets_present" time="0.772" /></testsuite></testsuites>